[0.007s] Invoking command in '/home/janhavi/MultiMapWormholes/build/switch_places': CMAKE_PREFIX_PATH=/opt/ros/humble /usr/bin/cmake /home/janhavi/MultiMapWormholes/src/switch_places -DCMAKE_INSTALL_PREFIX=/home/janhavi/MultiMapWormholes/install/switch_places
[0.014s] -- Found ament_cmake: 1.3.11 (/opt/ros/humble/share/ament_cmake/cmake)
[0.092s] -- Override CMake install command with custom implementation using symlinks instead of copying resources
[0.096s] -- Found rclcpp: 16.0.11 (/opt/ros/humble/share/rclcpp/cmake)
[0.112s] -- Found rosidl_generator_c: 3.1.6 (/opt/ros/humble/share/rosidl_generator_c/cmake)
[0.113s] -- Found rosidl_adapter: 3.1.6 (/opt/ros/humble/share/rosidl_adapter/cmake)
[0.116s] -- Found rosidl_generator_cpp: 3.1.6 (/opt/ros/humble/share/rosidl_generator_cpp/cmake)
[0.121s] -- Using all available rosidl_typesupport_c: rosidl_typesupport_fastrtps_c;rosidl_typesupport_introspection_c
[0.128s] -- Using all available rosidl_typesupport_cpp: rosidl_typesupport_fastrtps_cpp;rosidl_typesupport_introspection_cpp
[0.145s] -- Found rmw_implementation_cmake: 6.1.2 (/opt/ros/humble/share/rmw_implementation_cmake/cmake)
[0.146s] -- Found rmw_cyclonedds_cpp: 1.3.4 (/opt/ros/humble/share/rmw_cyclonedds_cpp/cmake)
[0.156s] -- Using RMW implementation 'rmw_cyclonedds_cpp' as default
[0.183s] -- Found nav2_common: 1.1.18 (/opt/ros/humble/share/nav2_common/cmake)
[0.183s] -- Found nav2_util: 1.1.18 (/opt/ros/humble/share/nav2_util/cmake)
[0.260s] -- Found eigen3_cmake_module: 0.1.1 (/opt/ros/humble/share/eigen3_cmake_module/cmake)
[0.261s] -- Ensuring Eigen3 include directory is part of orocos-kdl CMake target
[0.289s] -- Found gazebo_msgs: 3.9.0 (/opt/ros/humble/share/gazebo_msgs/cmake)
[0.315s] [31mCMake Error at CMakeLists.txt:24 (find_package):
[0.315s]   By not providing "Findswitch_places_msgs.cmake" in CMAKE_MODULE_PATH this
[0.315s]   project has asked CMake to find a package configuration file provided by
[0.315s]   "switch_places_msgs", but CMake did not find one.
[0.315s] 
[0.315s]   Could not find a package configuration file provided by
[0.315s]   "switch_places_msgs" with any of the following names:
[0.315s] 
[0.315s]     switch_places_msgsConfig.cmake
[0.315s]     switch_places_msgs-config.cmake
[0.315s] 
[0.315s]   Add the installation prefix of "switch_places_msgs" to CMAKE_PREFIX_PATH or
[0.315s]   set "switch_places_msgs_DIR" to a directory containing one of the above
[0.315s]   files.  If "switch_places_msgs" provides a separate development package or
[0.316s]   SDK, be sure it has been installed.
[0.316s] 
[0.316s] [0m
[0.316s] -- Configuring incomplete, errors occurred!
[0.316s] See also "/home/janhavi/MultiMapWormholes/build/switch_places/CMakeFiles/CMakeOutput.log".
[0.320s] Invoked command in '/home/janhavi/MultiMapWormholes/build/switch_places' returned '1': CMAKE_PREFIX_PATH=/opt/ros/humble /usr/bin/cmake /home/janhavi/MultiMapWormholes/src/switch_places -DCMAKE_INSTALL_PREFIX=/home/janhavi/MultiMapWormholes/install/switch_places
