[0.014s] Invoking command in '/home/janhavi/MultiMapWormholes/build/switch_places': CMAKE_PREFIX_PATH=${CMAKE_PREFIX_PATH}:/opt/ros/humble /usr/bin/cmake --build /home/janhavi/MultiMapWormholes/build/switch_places -- -j12 -l12
[0.059s] [35m[1mConsolidate compiler generated dependencies of target move_to_map_server[0m
[0.071s] [ 50%] Built target move_to_map_client
[0.076s] [ 75%] [32mBuilding CXX object CMakeFiles/move_to_map_server.dir/src/move_to_map_server.cpp.o[0m
[9.376s] [100%] [32m[1mLinking CXX executable move_to_map_server[0m
[10.190s] [100%] Built target move_to_map_server
[10.201s] Invoked command in '/home/janhavi/MultiMapWormholes/build/switch_places' returned '0': CMAKE_PREFIX_PATH=${CMAKE_PREFIX_PATH}:/opt/ros/humble /usr/bin/cmake --build /home/janhavi/MultiMapWormholes/build/switch_places -- -j12 -l12
[10.202s] Invoking command in '/home/janhavi/MultiMapWormholes/build/switch_places': CMAKE_PREFIX_PATH=${CMAKE_PREFIX_PATH}:/opt/ros/humble /usr/bin/cmake --install /home/janhavi/MultiMapWormholes/build/switch_places
[10.209s] -- Install configuration: ""
[10.210s] -- Execute custom install script
[10.210s] -- Up-to-date symlink: /home/janhavi/MultiMapWormholes/install/switch_places/lib/switch_places/move_to_map_server
[10.210s] -- Up-to-date symlink: /home/janhavi/MultiMapWormholes/install/switch_places/lib/switch_places/move_to_map_client
[10.210s] -- Up-to-date symlink: /home/janhavi/MultiMapWormholes/install/switch_places/share/ament_index/resource_index/package_run_dependencies/switch_places
[10.211s] -- Up-to-date symlink: /home/janhavi/MultiMapWormholes/install/switch_places/share/ament_index/resource_index/parent_prefix_path/switch_places
[10.211s] -- Up-to-date symlink: /home/janhavi/MultiMapWormholes/install/switch_places/share/switch_places/environment/ament_prefix_path.sh
[10.211s] -- Up-to-date symlink: /home/janhavi/MultiMapWormholes/install/switch_places/share/switch_places/environment/ament_prefix_path.dsv
[10.211s] -- Up-to-date symlink: /home/janhavi/MultiMapWormholes/install/switch_places/share/switch_places/environment/path.sh
[10.211s] -- Up-to-date symlink: /home/janhavi/MultiMapWormholes/install/switch_places/share/switch_places/environment/path.dsv
[10.211s] -- Up-to-date symlink: /home/janhavi/MultiMapWormholes/install/switch_places/share/switch_places/local_setup.bash
[10.211s] -- Up-to-date symlink: /home/janhavi/MultiMapWormholes/install/switch_places/share/switch_places/local_setup.sh
[10.212s] -- Up-to-date symlink: /home/janhavi/MultiMapWormholes/install/switch_places/share/switch_places/local_setup.zsh
[10.212s] -- Up-to-date symlink: /home/janhavi/MultiMapWormholes/install/switch_places/share/switch_places/local_setup.dsv
[10.212s] -- Symlinking: /home/janhavi/MultiMapWormholes/install/switch_places/share/switch_places/package.dsv
[10.220s] -- Up-to-date symlink: /home/janhavi/MultiMapWormholes/install/switch_places/share/ament_index/resource_index/packages/switch_places
[10.220s] -- Up-to-date symlink: /home/janhavi/MultiMapWormholes/install/switch_places/share/switch_places/cmake/switch_placesConfig.cmake
[10.220s] -- Up-to-date symlink: /home/janhavi/MultiMapWormholes/install/switch_places/share/switch_places/cmake/switch_placesConfig-version.cmake
[10.220s] -- Up-to-date symlink: /home/janhavi/MultiMapWormholes/install/switch_places/share/switch_places/package.xml
[10.222s] Invoked command in '/home/janhavi/MultiMapWormholes/build/switch_places' returned '0': CMAKE_PREFIX_PATH=${CMAKE_PREFIX_PATH}:/opt/ros/humble /usr/bin/cmake --install /home/janhavi/MultiMapWormholes/build/switch_places
