[0.006s] Invoking command in '/home/janhavi/MultiMapWormholes/build/switch_places': CMAKE_PREFIX_PATH=/opt/ros/humble /usr/bin/cmake /home/janhavi/MultiMapWormholes/src/switch_places -DAMENT_CMAKE_SYMLINK_INSTALL=1 -DCMAKE_INSTALL_PREFIX=/home/janhavi/MultiMapWormholes/install/switch_places
[0.093s] -- The C compiler identification is GNU 11.4.0
[0.139s] -- The CXX compiler identification is GNU 11.4.0
[0.145s] -- Detecting C compiler ABI info
[0.202s] -- Detecting C compiler ABI info - done
[0.206s] -- Check for working C compiler: /usr/bin/cc - skipped
[0.206s] -- Detecting C compile features
[0.207s] -- Detecting C compile features - done
[0.209s] -- Detecting CXX compiler ABI info
[0.267s] -- Detecting CXX compiler ABI info - done
[0.272s] -- Check for working CXX compiler: /usr/bin/c++ - skipped
[0.272s] -- Detecting CXX compile features
[0.272s] -- Detecting CXX compile features - done
[0.274s] -- Found ament_cmake: 1.3.11 (/opt/ros/humble/share/ament_cmake/cmake)
[0.499s] -- Found Python3: /usr/bin/python3 (found version "3.10.12") found components: Interpreter 
[0.544s] -- Override CMake install command with custom implementation using symlinks instead of copying resources
[0.572s] -- Found rclcpp: 16.0.11 (/opt/ros/humble/share/rclcpp/cmake)
[0.594s] -- Found rosidl_generator_c: 3.1.6 (/opt/ros/humble/share/rosidl_generator_c/cmake)
[0.597s] -- Found rosidl_adapter: 3.1.6 (/opt/ros/humble/share/rosidl_adapter/cmake)
[0.601s] -- Found rosidl_generator_cpp: 3.1.6 (/opt/ros/humble/share/rosidl_generator_cpp/cmake)
[0.607s] -- Using all available rosidl_typesupport_c: rosidl_typesupport_fastrtps_c;rosidl_typesupport_introspection_c
[0.616s] -- Using all available rosidl_typesupport_cpp: rosidl_typesupport_fastrtps_cpp;rosidl_typesupport_introspection_cpp
[0.639s] -- Found rmw_implementation_cmake: 6.1.2 (/opt/ros/humble/share/rmw_implementation_cmake/cmake)
[0.640s] -- Found rmw_cyclonedds_cpp: 1.3.4 (/opt/ros/humble/share/rmw_cyclonedds_cpp/cmake)
[0.651s] -- Using RMW implementation 'rmw_cyclonedds_cpp' as default
[0.656s] -- Looking for pthread.h
[0.714s] -- Looking for pthread.h - found
[0.714s] -- Performing Test CMAKE_HAVE_LIBC_PTHREAD
[0.766s] -- Performing Test CMAKE_HAVE_LIBC_PTHREAD - Success
[0.767s] -- Found Threads: TRUE  
[0.797s] -- Found nav2_common: 1.1.18 (/opt/ros/humble/share/nav2_common/cmake)
[0.797s] -- Found nav2_util: 1.1.18 (/opt/ros/humble/share/nav2_util/cmake)
[0.896s] -- Found eigen3_cmake_module: 0.1.1 (/opt/ros/humble/share/eigen3_cmake_module/cmake)
[0.897s] -- Found Eigen3: TRUE (found version "3.4.0") 
[0.897s] -- Ensuring Eigen3 include directory is part of orocos-kdl CMake target
[0.927s] -- Found gazebo_msgs: 3.9.0 (/opt/ros/humble/share/gazebo_msgs/cmake)
[0.954s] [31mCMake Error at CMakeLists.txt:21 (find_package):
[0.954s]   By not providing "Findswitch_places.cmake" in CMAKE_MODULE_PATH this
[0.954s]   project has asked CMake to find a package configuration file provided by
[0.954s]   "switch_places", but CMake did not find one.
[0.954s] 
[0.954s]   Could not find a package configuration file provided by "switch_places"
[0.955s]   with any of the following names:
[0.955s] 
[0.955s]     switch_placesConfig.cmake
[0.955s]     switch_places-config.cmake
[0.955s] 
[0.955s]   Add the installation prefix of "switch_places" to CMAKE_PREFIX_PATH or set
[0.955s]   "switch_places_DIR" to a directory containing one of the above files.  If
[0.955s]   "switch_places" provides a separate development package or SDK, be sure it
[0.955s]   has been installed.
[0.955s] 
[0.955s] [0m
[0.955s] -- Configuring incomplete, errors occurred!
[0.955s] See also "/home/janhavi/MultiMapWormholes/build/switch_places/CMakeFiles/CMakeOutput.log".
[0.960s] Invoked command in '/home/janhavi/MultiMapWormholes/build/switch_places' returned '1': CMAKE_PREFIX_PATH=/opt/ros/humble /usr/bin/cmake /home/janhavi/MultiMapWormholes/src/switch_places -DAMENT_CMAKE_SYMLINK_INSTALL=1 -DCMAKE_INSTALL_PREFIX=/home/janhavi/MultiMapWormholes/install/switch_places
