[0.084s] DEBUG:colcon:Command line arguments: ['/usr/bin/colcon', 'build']
[0.085s] DEBUG:colcon:Parsed command line arguments: Namespace(log_base=None, log_level=None, verb_name='build', build_base='build', install_base='install', merge_install=False, symlink_install=False, test_result_base=None, continue_on_error=False, executor='parallel', parallel_workers=12, event_handlers=None, ignore_user_meta=False, metas=['./colcon.meta'], base_paths=['.'], packages_ignore=None, packages_ignore_regex=None, paths=None, packages_up_to=None, packages_up_to_regex=None, packages_above=None, packages_above_and_dependencies=None, packages_above_depth=None, packages_select_by_dep=None, packages_skip_by_dep=None, packages_skip_up_to=None, packages_select_build_failed=False, packages_skip_build_finished=False, packages_select_test_failures=False, packages_skip_test_passed=False, packages_select=None, packages_skip=None, packages_select_regex=None, packages_skip_regex=None, packages_start=None, packages_end=None, allow_overriding=[], cmake_args=None, cmake_target=None, cmake_target_skip_unavailable=False, cmake_clean_cache=False, cmake_clean_first=False, cmake_force_configure=False, ament_cmake_args=None, catkin_cmake_args=None, catkin_skip_building_tests=False, verb_parser=<colcon_defaults.argument_parser.defaults.DefaultArgumentsDecorator object at 0x7cd0c23da560>, verb_extension=<colcon_core.verb.build.BuildVerb object at 0x7cd0c255fe20>, main=<bound method BuildVerb.main of <colcon_core.verb.build.BuildVerb object at 0x7cd0c255fe20>>)
[0.109s] Level 1:colcon.colcon_core.package_discovery:discover_packages(colcon_meta) check parameters
[0.109s] Level 1:colcon.colcon_core.package_discovery:discover_packages(recursive) check parameters
[0.109s] Level 1:colcon.colcon_core.package_discovery:discover_packages(ignore) check parameters
[0.109s] Level 1:colcon.colcon_core.package_discovery:discover_packages(path) check parameters
[0.109s] Level 1:colcon.colcon_core.package_discovery:discover_packages(colcon_meta) discover
[0.109s] Level 1:colcon.colcon_core.package_discovery:discover_packages(recursive) discover
[0.109s] INFO:colcon.colcon_core.package_discovery:Crawling recursively for packages in '/home/janhavi/MultiMapWormholes'
[0.109s] Level 1:colcon.colcon_core.package_identification:_identify(.) by extensions ['ignore', 'ignore_ament_install']
[0.109s] Level 1:colcon.colcon_core.package_identification:_identify(.) by extension 'ignore'
[0.109s] Level 1:colcon.colcon_core.package_identification:_identify(.) by extension 'ignore_ament_install'
[0.109s] Level 1:colcon.colcon_core.package_identification:_identify(.) by extensions ['colcon_pkg']
[0.109s] Level 1:colcon.colcon_core.package_identification:_identify(.) by extension 'colcon_pkg'
[0.109s] Level 1:colcon.colcon_core.package_identification:_identify(.) by extensions ['colcon_meta']
[0.109s] Level 1:colcon.colcon_core.package_identification:_identify(.) by extension 'colcon_meta'
[0.109s] Level 1:colcon.colcon_core.package_identification:_identify(.) by extensions ['ros']
[0.110s] Level 1:colcon.colcon_core.package_identification:_identify(.) by extension 'ros'
[0.119s] Level 1:colcon.colcon_core.package_identification:_identify(.) by extensions ['cmake', 'python']
[0.119s] Level 1:colcon.colcon_core.package_identification:_identify(.) by extension 'cmake'
[0.119s] Level 1:colcon.colcon_core.package_identification:_identify(.) by extension 'python'
[0.119s] Level 1:colcon.colcon_core.package_identification:_identify(.) by extensions ['python_setup_py']
[0.119s] Level 1:colcon.colcon_core.package_identification:_identify(.) by extension 'python_setup_py'
[0.119s] Level 1:colcon.colcon_core.package_identification:_identify(build) by extensions ['ignore', 'ignore_ament_install']
[0.119s] Level 1:colcon.colcon_core.package_identification:_identify(build) by extension 'ignore'
[0.119s] Level 1:colcon.colcon_core.package_identification:_identify(build) ignored
[0.120s] Level 1:colcon.colcon_core.package_identification:_identify(install) by extensions ['ignore', 'ignore_ament_install']
[0.120s] Level 1:colcon.colcon_core.package_identification:_identify(install) by extension 'ignore'
[0.120s] Level 1:colcon.colcon_core.package_identification:_identify(install) ignored
[0.120s] Level 1:colcon.colcon_core.package_identification:_identify(log) by extensions ['ignore', 'ignore_ament_install']
[0.120s] Level 1:colcon.colcon_core.package_identification:_identify(log) by extension 'ignore'
[0.120s] Level 1:colcon.colcon_core.package_identification:_identify(log) ignored
[0.120s] Level 1:colcon.colcon_core.package_identification:_identify(src) by extensions ['ignore', 'ignore_ament_install']
[0.120s] Level 1:colcon.colcon_core.package_identification:_identify(src) by extension 'ignore'
[0.120s] Level 1:colcon.colcon_core.package_identification:_identify(src) by extension 'ignore_ament_install'
[0.120s] Level 1:colcon.colcon_core.package_identification:_identify(src) by extensions ['colcon_pkg']
[0.120s] Level 1:colcon.colcon_core.package_identification:_identify(src) by extension 'colcon_pkg'
[0.120s] Level 1:colcon.colcon_core.package_identification:_identify(src) by extensions ['colcon_meta']
[0.120s] Level 1:colcon.colcon_core.package_identification:_identify(src) by extension 'colcon_meta'
[0.120s] Level 1:colcon.colcon_core.package_identification:_identify(src) by extensions ['ros']
[0.120s] Level 1:colcon.colcon_core.package_identification:_identify(src) by extension 'ros'
[0.120s] Level 1:colcon.colcon_core.package_identification:_identify(src) by extensions ['cmake', 'python']
[0.120s] Level 1:colcon.colcon_core.package_identification:_identify(src) by extension 'cmake'
[0.120s] Level 1:colcon.colcon_core.package_identification:_identify(src) by extension 'python'
[0.120s] Level 1:colcon.colcon_core.package_identification:_identify(src) by extensions ['python_setup_py']
[0.120s] Level 1:colcon.colcon_core.package_identification:_identify(src) by extension 'python_setup_py'
[0.120s] Level 1:colcon.colcon_core.package_identification:_identify(src/maps) by extensions ['ignore', 'ignore_ament_install']
[0.120s] Level 1:colcon.colcon_core.package_identification:_identify(src/maps) by extension 'ignore'
[0.120s] Level 1:colcon.colcon_core.package_identification:_identify(src/maps) by extension 'ignore_ament_install'
[0.120s] Level 1:colcon.colcon_core.package_identification:_identify(src/maps) by extensions ['colcon_pkg']
[0.120s] Level 1:colcon.colcon_core.package_identification:_identify(src/maps) by extension 'colcon_pkg'
[0.120s] Level 1:colcon.colcon_core.package_identification:_identify(src/maps) by extensions ['colcon_meta']
[0.120s] Level 1:colcon.colcon_core.package_identification:_identify(src/maps) by extension 'colcon_meta'
[0.120s] Level 1:colcon.colcon_core.package_identification:_identify(src/maps) by extensions ['ros']
[0.120s] Level 1:colcon.colcon_core.package_identification:_identify(src/maps) by extension 'ros'
[0.120s] Level 1:colcon.colcon_core.package_identification:_identify(src/maps) by extensions ['cmake', 'python']
[0.120s] Level 1:colcon.colcon_core.package_identification:_identify(src/maps) by extension 'cmake'
[0.120s] Level 1:colcon.colcon_core.package_identification:_identify(src/maps) by extension 'python'
[0.120s] Level 1:colcon.colcon_core.package_identification:_identify(src/maps) by extensions ['python_setup_py']
[0.120s] Level 1:colcon.colcon_core.package_identification:_identify(src/maps) by extension 'python_setup_py'
[0.120s] Level 1:colcon.colcon_core.package_identification:_identify(src/switch_places) by extensions ['ignore', 'ignore_ament_install']
[0.120s] Level 1:colcon.colcon_core.package_identification:_identify(src/switch_places) by extension 'ignore'
[0.121s] Level 1:colcon.colcon_core.package_identification:_identify(src/switch_places) by extension 'ignore_ament_install'
[0.121s] Level 1:colcon.colcon_core.package_identification:_identify(src/switch_places) by extensions ['colcon_pkg']
[0.121s] Level 1:colcon.colcon_core.package_identification:_identify(src/switch_places) by extension 'colcon_pkg'
[0.121s] Level 1:colcon.colcon_core.package_identification:_identify(src/switch_places) by extensions ['colcon_meta']
[0.121s] Level 1:colcon.colcon_core.package_identification:_identify(src/switch_places) by extension 'colcon_meta'
[0.121s] Level 1:colcon.colcon_core.package_identification:_identify(src/switch_places) by extensions ['ros']
[0.121s] Level 1:colcon.colcon_core.package_identification:_identify(src/switch_places) by extension 'ros'
[0.123s] DEBUG:colcon.colcon_core.package_identification:Package 'src/switch_places' with type 'ros.ament_cmake' and name 'switch_places'
[0.123s] Level 1:colcon.colcon_core.package_identification:_identify(src/switch_places_msgs) by extensions ['ignore', 'ignore_ament_install']
[0.123s] Level 1:colcon.colcon_core.package_identification:_identify(src/switch_places_msgs) by extension 'ignore'
[0.123s] Level 1:colcon.colcon_core.package_identification:_identify(src/switch_places_msgs) by extension 'ignore_ament_install'
[0.123s] Level 1:colcon.colcon_core.package_identification:_identify(src/switch_places_msgs) by extensions ['colcon_pkg']
[0.123s] Level 1:colcon.colcon_core.package_identification:_identify(src/switch_places_msgs) by extension 'colcon_pkg'
[0.123s] Level 1:colcon.colcon_core.package_identification:_identify(src/switch_places_msgs) by extensions ['colcon_meta']
[0.123s] Level 1:colcon.colcon_core.package_identification:_identify(src/switch_places_msgs) by extension 'colcon_meta'
[0.123s] Level 1:colcon.colcon_core.package_identification:_identify(src/switch_places_msgs) by extensions ['ros']
[0.123s] Level 1:colcon.colcon_core.package_identification:_identify(src/switch_places_msgs) by extension 'ros'
[0.124s] DEBUG:colcon.colcon_core.package_identification:Package 'src/switch_places_msgs' with type 'ros.ament_cmake' and name 'switch_places_msgs'
[0.124s] Level 1:colcon.colcon_core.package_discovery:discover_packages(recursive) using defaults
[0.124s] Level 1:colcon.colcon_core.package_discovery:discover_packages(ignore) discover
[0.124s] Level 1:colcon.colcon_core.package_discovery:discover_packages(ignore) using defaults
[0.124s] Level 1:colcon.colcon_core.package_discovery:discover_packages(path) discover
[0.124s] Level 1:colcon.colcon_core.package_discovery:discover_packages(path) using defaults
[0.138s] Level 1:colcon.colcon_core.package_discovery:discover_packages(prefix_path) check parameters
[0.138s] Level 1:colcon.colcon_core.package_discovery:discover_packages(prefix_path) discover
[0.139s] DEBUG:colcon.colcon_installed_package_information.package_discovery:Found 2 installed packages in /home/janhavi/MultiMapWormholes/install
[0.140s] DEBUG:colcon.colcon_installed_package_information.package_discovery:Found 388 installed packages in /opt/ros/humble
[0.141s] Level 1:colcon.colcon_core.package_discovery:discover_packages(prefix_path) using defaults
[0.167s] Level 5:colcon.colcon_core.verb:set package 'switch_places' build argument 'cmake_args' from command line to 'None'
[0.167s] Level 5:colcon.colcon_core.verb:set package 'switch_places' build argument 'cmake_target' from command line to 'None'
[0.167s] Level 5:colcon.colcon_core.verb:set package 'switch_places' build argument 'cmake_target_skip_unavailable' from command line to 'False'
[0.167s] Level 5:colcon.colcon_core.verb:set package 'switch_places' build argument 'cmake_clean_cache' from command line to 'False'
[0.167s] Level 5:colcon.colcon_core.verb:set package 'switch_places' build argument 'cmake_clean_first' from command line to 'False'
[0.167s] Level 5:colcon.colcon_core.verb:set package 'switch_places' build argument 'cmake_force_configure' from command line to 'False'
[0.167s] Level 5:colcon.colcon_core.verb:set package 'switch_places' build argument 'ament_cmake_args' from command line to 'None'
[0.167s] Level 5:colcon.colcon_core.verb:set package 'switch_places' build argument 'catkin_cmake_args' from command line to 'None'
[0.167s] Level 5:colcon.colcon_core.verb:set package 'switch_places' build argument 'catkin_skip_building_tests' from command line to 'False'
[0.167s] DEBUG:colcon.colcon_core.verb:Building package 'switch_places' with the following arguments: {'ament_cmake_args': None, 'build_base': '/home/janhavi/MultiMapWormholes/build/switch_places', 'catkin_cmake_args': None, 'catkin_skip_building_tests': False, 'cmake_args': None, 'cmake_clean_cache': False, 'cmake_clean_first': False, 'cmake_force_configure': False, 'cmake_target': None, 'cmake_target_skip_unavailable': False, 'install_base': '/home/janhavi/MultiMapWormholes/install/switch_places', 'merge_install': False, 'path': '/home/janhavi/MultiMapWormholes/src/switch_places', 'symlink_install': False, 'test_result_base': None}
[0.168s] Level 5:colcon.colcon_core.verb:set package 'switch_places_msgs' build argument 'cmake_args' from command line to 'None'
[0.168s] Level 5:colcon.colcon_core.verb:set package 'switch_places_msgs' build argument 'cmake_target' from command line to 'None'
[0.168s] Level 5:colcon.colcon_core.verb:set package 'switch_places_msgs' build argument 'cmake_target_skip_unavailable' from command line to 'False'
[0.168s] Level 5:colcon.colcon_core.verb:set package 'switch_places_msgs' build argument 'cmake_clean_cache' from command line to 'False'
[0.168s] Level 5:colcon.colcon_core.verb:set package 'switch_places_msgs' build argument 'cmake_clean_first' from command line to 'False'
[0.168s] Level 5:colcon.colcon_core.verb:set package 'switch_places_msgs' build argument 'cmake_force_configure' from command line to 'False'
[0.168s] Level 5:colcon.colcon_core.verb:set package 'switch_places_msgs' build argument 'ament_cmake_args' from command line to 'None'
[0.168s] Level 5:colcon.colcon_core.verb:set package 'switch_places_msgs' build argument 'catkin_cmake_args' from command line to 'None'
[0.168s] Level 5:colcon.colcon_core.verb:set package 'switch_places_msgs' build argument 'catkin_skip_building_tests' from command line to 'False'
[0.168s] DEBUG:colcon.colcon_core.verb:Building package 'switch_places_msgs' with the following arguments: {'ament_cmake_args': None, 'build_base': '/home/janhavi/MultiMapWormholes/build/switch_places_msgs', 'catkin_cmake_args': None, 'catkin_skip_building_tests': False, 'cmake_args': None, 'cmake_clean_cache': False, 'cmake_clean_first': False, 'cmake_force_configure': False, 'cmake_target': None, 'cmake_target_skip_unavailable': False, 'install_base': '/home/janhavi/MultiMapWormholes/install/switch_places_msgs', 'merge_install': False, 'path': '/home/janhavi/MultiMapWormholes/src/switch_places_msgs', 'symlink_install': False, 'test_result_base': None}
[0.168s] INFO:colcon.colcon_core.executor:Executing jobs using 'parallel' executor
[0.168s] DEBUG:colcon.colcon_parallel_executor.executor.parallel:run_until_complete
[0.169s] INFO:colcon.colcon_ros.task.ament_cmake.build:Building ROS package in '/home/janhavi/MultiMapWormholes/src/switch_places' with build type 'ament_cmake'
[0.169s] INFO:colcon.colcon_cmake.task.cmake.build:Building CMake package in '/home/janhavi/MultiMapWormholes/src/switch_places'
[0.170s] INFO:colcon.colcon_core.plugin_system:Skipping extension 'colcon_core.shell.bat': Not used on non-Windows systems
[0.170s] INFO:colcon.colcon_core.shell:Skip shell extension 'powershell' for command environment: Not usable outside of PowerShell
[0.170s] DEBUG:colcon.colcon_core.shell:Skip shell extension 'dsv' for command environment
[0.173s] INFO:colcon.colcon_ros.task.ament_cmake.build:Building ROS package in '/home/janhavi/MultiMapWormholes/src/switch_places_msgs' with build type 'ament_cmake'
[0.173s] INFO:colcon.colcon_cmake.task.cmake.build:Building CMake package in '/home/janhavi/MultiMapWormholes/src/switch_places_msgs'
[0.173s] INFO:colcon.colcon_core.shell:Skip shell extension 'powershell' for command environment: Not usable outside of PowerShell
[0.173s] DEBUG:colcon.colcon_core.shell:Skip shell extension 'dsv' for command environment
[0.179s] DEBUG:colcon.colcon_core.event_handler.log_command:Invoking command in '/home/janhavi/MultiMapWormholes/build/switch_places': CMAKE_PREFIX_PATH=${CMAKE_PREFIX_PATH}:/opt/ros/humble /usr/bin/cmake --build /home/janhavi/MultiMapWormholes/build/switch_places -- -j12 -l12
[0.181s] DEBUG:colcon.colcon_core.event_handler.log_command:Invoking command in '/home/janhavi/MultiMapWormholes/build/switch_places_msgs': CMAKE_PREFIX_PATH=${CMAKE_PREFIX_PATH}:/opt/ros/humble /usr/bin/cmake --build /home/janhavi/MultiMapWormholes/build/switch_places_msgs -- -j12 -l12
[0.565s] DEBUG:colcon.colcon_core.event_handler.log_command:Invoked command in '/home/janhavi/MultiMapWormholes/build/switch_places_msgs' returned '0': CMAKE_PREFIX_PATH=${CMAKE_PREFIX_PATH}:/opt/ros/humble /usr/bin/cmake --build /home/janhavi/MultiMapWormholes/build/switch_places_msgs -- -j12 -l12
[0.577s] DEBUG:colcon.colcon_core.event_handler.log_command:Invoking command in '/home/janhavi/MultiMapWormholes/build/switch_places_msgs': CMAKE_PREFIX_PATH=${CMAKE_PREFIX_PATH}:/opt/ros/humble /usr/bin/cmake --install /home/janhavi/MultiMapWormholes/build/switch_places_msgs
[0.636s] Level 1:colcon.colcon_core.environment:create_environment_scripts_only(switch_places_msgs)
[0.636s] DEBUG:colcon.colcon_core.event_handler.log_command:Invoked command in '/home/janhavi/MultiMapWormholes/build/switch_places_msgs' returned '0': CMAKE_PREFIX_PATH=${CMAKE_PREFIX_PATH}:/opt/ros/humble /usr/bin/cmake --install /home/janhavi/MultiMapWormholes/build/switch_places_msgs
[0.639s] Level 1:colcon.colcon_core.environment:checking '/home/janhavi/MultiMapWormholes/install/switch_places_msgs' for CMake module files
[0.639s] Level 1:colcon.colcon_core.environment:checking '/home/janhavi/MultiMapWormholes/install/switch_places_msgs' for CMake config files
[0.640s] Level 1:colcon.colcon_core.shell:create_environment_hook('switch_places_msgs', 'cmake_prefix_path')
[0.640s] INFO:colcon.colcon_core.shell:Creating environment hook '/home/janhavi/MultiMapWormholes/install/switch_places_msgs/share/switch_places_msgs/hook/cmake_prefix_path.ps1'
[0.640s] INFO:colcon.colcon_core.shell:Creating environment descriptor '/home/janhavi/MultiMapWormholes/install/switch_places_msgs/share/switch_places_msgs/hook/cmake_prefix_path.dsv'
[0.641s] INFO:colcon.colcon_core.shell:Creating environment hook '/home/janhavi/MultiMapWormholes/install/switch_places_msgs/share/switch_places_msgs/hook/cmake_prefix_path.sh'
[0.642s] Level 1:colcon.colcon_core.environment:checking '/home/janhavi/MultiMapWormholes/install/switch_places_msgs/lib'
[0.642s] Level 1:colcon.colcon_core.shell:create_environment_hook('switch_places_msgs', 'ld_library_path_lib')
[0.642s] INFO:colcon.colcon_core.shell:Creating environment hook '/home/janhavi/MultiMapWormholes/install/switch_places_msgs/share/switch_places_msgs/hook/ld_library_path_lib.ps1'
[0.642s] INFO:colcon.colcon_core.shell:Creating environment descriptor '/home/janhavi/MultiMapWormholes/install/switch_places_msgs/share/switch_places_msgs/hook/ld_library_path_lib.dsv'
[0.643s] INFO:colcon.colcon_core.shell:Creating environment hook '/home/janhavi/MultiMapWormholes/install/switch_places_msgs/share/switch_places_msgs/hook/ld_library_path_lib.sh'
[0.643s] Level 1:colcon.colcon_core.environment:checking '/home/janhavi/MultiMapWormholes/install/switch_places_msgs/bin'
[0.643s] Level 1:colcon.colcon_core.environment:checking '/home/janhavi/MultiMapWormholes/install/switch_places_msgs/lib/pkgconfig/switch_places_msgs.pc'
[0.643s] Level 1:colcon.colcon_core.environment:checking '/home/janhavi/MultiMapWormholes/install/switch_places_msgs/lib/python3.10/site-packages'
[0.643s] Level 1:colcon.colcon_core.environment:checking '/home/janhavi/MultiMapWormholes/install/switch_places_msgs/bin'
[0.643s] INFO:colcon.colcon_core.shell:Creating package script '/home/janhavi/MultiMapWormholes/install/switch_places_msgs/share/switch_places_msgs/package.ps1'
[0.644s] INFO:colcon.colcon_core.shell:Creating package descriptor '/home/janhavi/MultiMapWormholes/install/switch_places_msgs/share/switch_places_msgs/package.dsv'
[0.644s] INFO:colcon.colcon_core.shell:Creating package script '/home/janhavi/MultiMapWormholes/install/switch_places_msgs/share/switch_places_msgs/package.sh'
[0.645s] INFO:colcon.colcon_core.shell:Creating package script '/home/janhavi/MultiMapWormholes/install/switch_places_msgs/share/switch_places_msgs/package.bash'
[0.645s] INFO:colcon.colcon_core.shell:Creating package script '/home/janhavi/MultiMapWormholes/install/switch_places_msgs/share/switch_places_msgs/package.zsh'
[0.646s] Level 1:colcon.colcon_core.environment:create_file_with_runtime_dependencies(/home/janhavi/MultiMapWormholes/install/switch_places_msgs/share/colcon-core/packages/switch_places_msgs)
[0.646s] Level 1:colcon.colcon_core.environment:create_environment_scripts_only(switch_places_msgs)
[0.646s] Level 1:colcon.colcon_core.environment:checking '/home/janhavi/MultiMapWormholes/install/switch_places_msgs' for CMake module files
[0.647s] Level 1:colcon.colcon_core.environment:checking '/home/janhavi/MultiMapWormholes/install/switch_places_msgs' for CMake config files
[0.647s] Level 1:colcon.colcon_core.shell:create_environment_hook('switch_places_msgs', 'cmake_prefix_path')
[0.647s] INFO:colcon.colcon_core.shell:Creating environment hook '/home/janhavi/MultiMapWormholes/install/switch_places_msgs/share/switch_places_msgs/hook/cmake_prefix_path.ps1'
[0.647s] INFO:colcon.colcon_core.shell:Creating environment descriptor '/home/janhavi/MultiMapWormholes/install/switch_places_msgs/share/switch_places_msgs/hook/cmake_prefix_path.dsv'
[0.648s] INFO:colcon.colcon_core.shell:Creating environment hook '/home/janhavi/MultiMapWormholes/install/switch_places_msgs/share/switch_places_msgs/hook/cmake_prefix_path.sh'
[0.648s] Level 1:colcon.colcon_core.environment:checking '/home/janhavi/MultiMapWormholes/install/switch_places_msgs/lib'
[0.648s] Level 1:colcon.colcon_core.shell:create_environment_hook('switch_places_msgs', 'ld_library_path_lib')
[0.648s] INFO:colcon.colcon_core.shell:Creating environment hook '/home/janhavi/MultiMapWormholes/install/switch_places_msgs/share/switch_places_msgs/hook/ld_library_path_lib.ps1'
[0.648s] INFO:colcon.colcon_core.shell:Creating environment descriptor '/home/janhavi/MultiMapWormholes/install/switch_places_msgs/share/switch_places_msgs/hook/ld_library_path_lib.dsv'
[0.648s] INFO:colcon.colcon_core.shell:Creating environment hook '/home/janhavi/MultiMapWormholes/install/switch_places_msgs/share/switch_places_msgs/hook/ld_library_path_lib.sh'
[0.649s] Level 1:colcon.colcon_core.environment:checking '/home/janhavi/MultiMapWormholes/install/switch_places_msgs/bin'
[0.649s] Level 1:colcon.colcon_core.environment:checking '/home/janhavi/MultiMapWormholes/install/switch_places_msgs/lib/pkgconfig/switch_places_msgs.pc'
[0.649s] Level 1:colcon.colcon_core.environment:checking '/home/janhavi/MultiMapWormholes/install/switch_places_msgs/lib/python3.10/site-packages'
[0.649s] Level 1:colcon.colcon_core.environment:checking '/home/janhavi/MultiMapWormholes/install/switch_places_msgs/bin'
[0.649s] INFO:colcon.colcon_core.shell:Creating package script '/home/janhavi/MultiMapWormholes/install/switch_places_msgs/share/switch_places_msgs/package.ps1'
[0.649s] INFO:colcon.colcon_core.shell:Creating package descriptor '/home/janhavi/MultiMapWormholes/install/switch_places_msgs/share/switch_places_msgs/package.dsv'
[0.650s] INFO:colcon.colcon_core.shell:Creating package script '/home/janhavi/MultiMapWormholes/install/switch_places_msgs/share/switch_places_msgs/package.sh'
[0.650s] INFO:colcon.colcon_core.shell:Creating package script '/home/janhavi/MultiMapWormholes/install/switch_places_msgs/share/switch_places_msgs/package.bash'
[0.650s] INFO:colcon.colcon_core.shell:Creating package script '/home/janhavi/MultiMapWormholes/install/switch_places_msgs/share/switch_places_msgs/package.zsh'
[0.651s] Level 1:colcon.colcon_core.environment:create_file_with_runtime_dependencies(/home/janhavi/MultiMapWormholes/install/switch_places_msgs/share/colcon-core/packages/switch_places_msgs)
[6.795s] DEBUG:colcon.colcon_core.event_handler.log_command:Invoked command in '/home/janhavi/MultiMapWormholes/build/switch_places' returned '0': CMAKE_PREFIX_PATH=${CMAKE_PREFIX_PATH}:/opt/ros/humble /usr/bin/cmake --build /home/janhavi/MultiMapWormholes/build/switch_places -- -j12 -l12
[6.796s] DEBUG:colcon.colcon_core.event_handler.log_command:Invoking command in '/home/janhavi/MultiMapWormholes/build/switch_places': CMAKE_PREFIX_PATH=${CMAKE_PREFIX_PATH}:/opt/ros/humble /usr/bin/cmake --install /home/janhavi/MultiMapWormholes/build/switch_places
[6.814s] Level 1:colcon.colcon_core.environment:create_environment_scripts_only(switch_places)
[6.814s] Level 1:colcon.colcon_core.environment:checking '/home/janhavi/MultiMapWormholes/install/switch_places' for CMake module files
[6.814s] DEBUG:colcon.colcon_core.event_handler.log_command:Invoked command in '/home/janhavi/MultiMapWormholes/build/switch_places' returned '0': CMAKE_PREFIX_PATH=${CMAKE_PREFIX_PATH}:/opt/ros/humble /usr/bin/cmake --install /home/janhavi/MultiMapWormholes/build/switch_places
[6.815s] Level 1:colcon.colcon_core.environment:checking '/home/janhavi/MultiMapWormholes/install/switch_places' for CMake config files
[6.815s] Level 1:colcon.colcon_core.shell:create_environment_hook('switch_places', 'cmake_prefix_path')
[6.815s] INFO:colcon.colcon_core.shell:Creating environment hook '/home/janhavi/MultiMapWormholes/install/switch_places/share/switch_places/hook/cmake_prefix_path.ps1'
[6.816s] INFO:colcon.colcon_core.shell:Creating environment descriptor '/home/janhavi/MultiMapWormholes/install/switch_places/share/switch_places/hook/cmake_prefix_path.dsv'
[6.816s] INFO:colcon.colcon_core.shell:Creating environment hook '/home/janhavi/MultiMapWormholes/install/switch_places/share/switch_places/hook/cmake_prefix_path.sh'
[6.816s] Level 1:colcon.colcon_core.environment:checking '/home/janhavi/MultiMapWormholes/install/switch_places/lib'
[6.816s] Level 1:colcon.colcon_core.environment:checking '/home/janhavi/MultiMapWormholes/install/switch_places/bin'
[6.816s] Level 1:colcon.colcon_core.environment:checking '/home/janhavi/MultiMapWormholes/install/switch_places/lib/pkgconfig/switch_places.pc'
[6.817s] Level 1:colcon.colcon_core.environment:checking '/home/janhavi/MultiMapWormholes/install/switch_places/lib/python3.10/site-packages'
[6.817s] Level 1:colcon.colcon_core.environment:checking '/home/janhavi/MultiMapWormholes/install/switch_places/bin'
[6.817s] INFO:colcon.colcon_core.shell:Creating package script '/home/janhavi/MultiMapWormholes/install/switch_places/share/switch_places/package.ps1'
[6.818s] INFO:colcon.colcon_core.shell:Creating package descriptor '/home/janhavi/MultiMapWormholes/install/switch_places/share/switch_places/package.dsv'
[6.819s] INFO:colcon.colcon_core.shell:Creating package script '/home/janhavi/MultiMapWormholes/install/switch_places/share/switch_places/package.sh'
[6.819s] INFO:colcon.colcon_core.shell:Creating package script '/home/janhavi/MultiMapWormholes/install/switch_places/share/switch_places/package.bash'
[6.819s] INFO:colcon.colcon_core.shell:Creating package script '/home/janhavi/MultiMapWormholes/install/switch_places/share/switch_places/package.zsh'
[6.820s] Level 1:colcon.colcon_core.environment:create_file_with_runtime_dependencies(/home/janhavi/MultiMapWormholes/install/switch_places/share/colcon-core/packages/switch_places)
[6.820s] Level 1:colcon.colcon_core.environment:create_environment_scripts_only(switch_places)
[6.820s] Level 1:colcon.colcon_core.environment:checking '/home/janhavi/MultiMapWormholes/install/switch_places' for CMake module files
[6.821s] Level 1:colcon.colcon_core.environment:checking '/home/janhavi/MultiMapWormholes/install/switch_places' for CMake config files
[6.821s] Level 1:colcon.colcon_core.shell:create_environment_hook('switch_places', 'cmake_prefix_path')
[6.821s] INFO:colcon.colcon_core.shell:Creating environment hook '/home/janhavi/MultiMapWormholes/install/switch_places/share/switch_places/hook/cmake_prefix_path.ps1'
[6.821s] INFO:colcon.colcon_core.shell:Creating environment descriptor '/home/janhavi/MultiMapWormholes/install/switch_places/share/switch_places/hook/cmake_prefix_path.dsv'
[6.821s] INFO:colcon.colcon_core.shell:Creating environment hook '/home/janhavi/MultiMapWormholes/install/switch_places/share/switch_places/hook/cmake_prefix_path.sh'
[6.822s] Level 1:colcon.colcon_core.environment:checking '/home/janhavi/MultiMapWormholes/install/switch_places/lib'
[6.822s] Level 1:colcon.colcon_core.environment:checking '/home/janhavi/MultiMapWormholes/install/switch_places/bin'
[6.822s] Level 1:colcon.colcon_core.environment:checking '/home/janhavi/MultiMapWormholes/install/switch_places/lib/pkgconfig/switch_places.pc'
[6.822s] Level 1:colcon.colcon_core.environment:checking '/home/janhavi/MultiMapWormholes/install/switch_places/lib/python3.10/site-packages'
[6.822s] Level 1:colcon.colcon_core.environment:checking '/home/janhavi/MultiMapWormholes/install/switch_places/bin'
[6.822s] INFO:colcon.colcon_core.shell:Creating package script '/home/janhavi/MultiMapWormholes/install/switch_places/share/switch_places/package.ps1'
[6.823s] INFO:colcon.colcon_core.shell:Creating package descriptor '/home/janhavi/MultiMapWormholes/install/switch_places/share/switch_places/package.dsv'
[6.823s] INFO:colcon.colcon_core.shell:Creating package script '/home/janhavi/MultiMapWormholes/install/switch_places/share/switch_places/package.sh'
[6.823s] INFO:colcon.colcon_core.shell:Creating package script '/home/janhavi/MultiMapWormholes/install/switch_places/share/switch_places/package.bash'
[6.823s] INFO:colcon.colcon_core.shell:Creating package script '/home/janhavi/MultiMapWormholes/install/switch_places/share/switch_places/package.zsh'
[6.824s] Level 1:colcon.colcon_core.environment:create_file_with_runtime_dependencies(/home/janhavi/MultiMapWormholes/install/switch_places/share/colcon-core/packages/switch_places)
[6.824s] DEBUG:colcon.colcon_parallel_executor.executor.parallel:closing loop
[6.824s] DEBUG:colcon.colcon_parallel_executor.executor.parallel:loop closed
[6.824s] DEBUG:colcon.colcon_parallel_executor.executor.parallel:run_until_complete finished with '0'
[6.824s] DEBUG:colcon.colcon_core.event_reactor:joining thread
[6.827s] INFO:colcon.colcon_core.plugin_system:Skipping extension 'colcon_notification.desktop_notification.terminal_notifier': Not used on non-Darwin systems
[6.828s] INFO:colcon.colcon_core.plugin_system:Skipping extension 'colcon_notification.desktop_notification.win32': Not used on non-Windows systems
[6.828s] INFO:colcon.colcon_notification.desktop_notification:Sending desktop notification using 'notify2'
[6.839s] DEBUG:colcon.colcon_core.event_reactor:joined thread
[6.839s] INFO:colcon.colcon_core.shell:Creating prefix script '/home/janhavi/MultiMapWormholes/install/local_setup.ps1'
[6.840s] INFO:colcon.colcon_core.shell:Creating prefix util module '/home/janhavi/MultiMapWormholes/install/_local_setup_util_ps1.py'
[6.841s] INFO:colcon.colcon_core.shell:Creating prefix chain script '/home/janhavi/MultiMapWormholes/install/setup.ps1'
[6.842s] INFO:colcon.colcon_core.shell:Creating prefix script '/home/janhavi/MultiMapWormholes/install/local_setup.sh'
[6.842s] INFO:colcon.colcon_core.shell:Creating prefix util module '/home/janhavi/MultiMapWormholes/install/_local_setup_util_sh.py'
[6.842s] INFO:colcon.colcon_core.shell:Creating prefix chain script '/home/janhavi/MultiMapWormholes/install/setup.sh'
[6.843s] INFO:colcon.colcon_core.shell:Creating prefix script '/home/janhavi/MultiMapWormholes/install/local_setup.bash'
[6.844s] INFO:colcon.colcon_core.shell:Creating prefix chain script '/home/janhavi/MultiMapWormholes/install/setup.bash'
[6.844s] INFO:colcon.colcon_core.shell:Creating prefix script '/home/janhavi/MultiMapWormholes/install/local_setup.zsh'
[6.844s] INFO:colcon.colcon_core.shell:Creating prefix chain script '/home/janhavi/MultiMapWormholes/install/setup.zsh'
