[0.006s] Invoking command in '/home/janhavi/MultiMapWormholes/build/switch_places': CMAKE_PREFIX_PATH=${CMAKE_PREFIX_PATH}:/opt/ros/humble /usr/bin/cmake /home/janhavi/MultiMapWormholes/src/switch_places -DCMAKE_INSTALL_PREFIX=/home/janhavi/MultiMapWormholes/install/switch_places
[0.015s] -- Found ament_cmake: 1.3.11 (/opt/ros/humble/share/ament_cmake/cmake)
[0.092s] -- Override CMake install command with custom implementation using symlinks instead of copying resources
[0.096s] -- Found rclcpp: 16.0.11 (/opt/ros/humble/share/rclcpp/cmake)
[0.112s] -- Found rosidl_generator_c: 3.1.6 (/opt/ros/humble/share/rosidl_generator_c/cmake)
[0.113s] -- Found rosidl_adapter: 3.1.6 (/opt/ros/humble/share/rosidl_adapter/cmake)
[0.117s] -- Found rosidl_generator_cpp: 3.1.6 (/opt/ros/humble/share/rosidl_generator_cpp/cmake)
[0.122s] -- Using all available rosidl_typesupport_c: rosidl_typesupport_fastrtps_c;rosidl_typesupport_introspection_c
[0.129s] -- Using all available rosidl_typesupport_cpp: rosidl_typesupport_fastrtps_cpp;rosidl_typesupport_introspection_cpp
[0.148s] -- Found rmw_implementation_cmake: 6.1.2 (/opt/ros/humble/share/rmw_implementation_cmake/cmake)
[0.149s] -- Found rmw_cyclonedds_cpp: 1.3.4 (/opt/ros/humble/share/rmw_cyclonedds_cpp/cmake)
[0.159s] -- Using RMW implementation 'rmw_cyclonedds_cpp' as default
[0.186s] -- Found nav2_common: 1.1.18 (/opt/ros/humble/share/nav2_common/cmake)
[0.186s] -- Found nav2_util: 1.1.18 (/opt/ros/humble/share/nav2_util/cmake)
[0.266s] -- Found eigen3_cmake_module: 0.1.1 (/opt/ros/humble/share/eigen3_cmake_module/cmake)
[0.267s] -- Ensuring Eigen3 include directory is part of orocos-kdl CMake target
[0.292s] -- Found gazebo_msgs: 3.9.0 (/opt/ros/humble/share/gazebo_msgs/cmake)
[0.314s] -- Found switch_places_msgs: 0.0.0 (/home/janhavi/MultiMapWormholes/install/switch_places_msgs/share/switch_places_msgs/cmake)
[0.322s] -- Found ament_lint_auto: 0.12.11 (/opt/ros/humble/share/ament_lint_auto/cmake)
[0.379s] -- Added test 'cppcheck' to perform static code analysis on C / C++ code
[0.379s] -- Configured cppcheck include dirs: 
[0.379s] -- Configured cppcheck exclude dirs and/or files: 
[0.379s] -- Added test 'lint_cmake' to check CMake code style
[0.379s] -- Added test 'uncrustify' to check C / C++ code style
[0.379s] -- Configured uncrustify additional arguments: 
[0.379s] -- Added test 'xmllint' to check XML markup files
[0.380s] -- Configuring done
[0.396s] -- Generating done
[0.401s] -- Build files have been written to: /home/janhavi/MultiMapWormholes/build/switch_places
[0.407s] Invoked command in '/home/janhavi/MultiMapWormholes/build/switch_places' returned '0': CMAKE_PREFIX_PATH=${CMAKE_PREFIX_PATH}:/opt/ros/humble /usr/bin/cmake /home/janhavi/MultiMapWormholes/src/switch_places -DCMAKE_INSTALL_PREFIX=/home/janhavi/MultiMapWormholes/install/switch_places
[0.408s] Invoking command in '/home/janhavi/MultiMapWormholes/build/switch_places': CMAKE_PREFIX_PATH=${CMAKE_PREFIX_PATH}:/opt/ros/humble /usr/bin/cmake --build /home/janhavi/MultiMapWormholes/build/switch_places -- -j12 -l12
[0.448s] [ 50%] [32mBuilding CXX object CMakeFiles/move_to_map_client.dir/src/move_to_map_client.cpp.o[0m
[0.448s] [ 50%] [32mBuilding CXX object CMakeFiles/move_to_map_server.dir/src/move_to_map_server.cpp.o[0m
[0.585s] [01m[K/home/janhavi/MultiMapWormholes/src/switch_places/src/move_to_map_server.cpp:2:10:[m[K [01;31m[Kfatal error: [m[Kswitch_places/action/move_to_map.hpp: No such file or directory
[0.585s]     2 | #include [01;31m[K"switch_places/action/move_to_map.hpp"[m[K
[0.585s]       |          [01;31m[K^~~~~~~~~~~~~~~~~~~~~~~~~~~~~~~~~~~~~~[m[K
[0.585s] compilation terminated.
[0.596s] [01m[K/home/janhavi/MultiMapWormholes/src/switch_places/src/move_to_map_client.cpp:5:10:[m[K [01;31m[Kfatal error: [m[Kswitch_places/action/move_to_map.hpp: No such file or directory
[0.596s]     5 | #include [01;31m[K"switch_places/action/move_to_map.hpp"[m[K
[0.596s]       |          [01;31m[K^~~~~~~~~~~~~~~~~~~~~~~~~~~~~~~~~~~~~~[m[K
[0.596s] compilation terminated.
[0.597s] gmake[2]: *** [CMakeFiles/move_to_map_server.dir/build.make:76: CMakeFiles/move_to_map_server.dir/src/move_to_map_server.cpp.o] Error 1
[0.597s] gmake[1]: *** [CMakeFiles/Makefile2:139: CMakeFiles/move_to_map_server.dir/all] Error 2
[0.597s] gmake[1]: *** Waiting for unfinished jobs....
[0.598s] gmake[2]: *** [CMakeFiles/move_to_map_client.dir/build.make:76: CMakeFiles/move_to_map_client.dir/src/move_to_map_client.cpp.o] Error 1
[0.598s] gmake[1]: *** [CMakeFiles/Makefile2:165: CMakeFiles/move_to_map_client.dir/all] Error 2
[0.598s] gmake: *** [Makefile:146: all] Error 2
[0.600s] Invoked command in '/home/janhavi/MultiMapWormholes/build/switch_places' returned '2': CMAKE_PREFIX_PATH=${CMAKE_PREFIX_PATH}:/opt/ros/humble /usr/bin/cmake --build /home/janhavi/MultiMapWormholes/build/switch_places -- -j12 -l12
