[0.011s] Invoking command in '/home/janhavi/MultiMapWormholes/build/switch_places': CMAKE_PREFIX_PATH=${CMAKE_PREFIX_PATH}:/opt/ros/humble /usr/bin/cmake --build /home/janhavi/MultiMapWormholes/build/switch_places -- -j12 -l12
[0.054s] [35m[1mConsolidate compiler generated dependencies of target move_to_map_server[0m
[0.067s] [ 50%] Built target move_to_map_client
[0.073s] [ 75%] [32mBuilding CXX object CMakeFiles/move_to_map_server.dir/src/move_to_map_server.cpp.o[0m
[9.013s] [100%] [32m[1mLinking CXX executable move_to_map_server[0m
[9.800s] [100%] Built target move_to_map_server
[9.813s] Invoked command in '/home/janhavi/MultiMapWormholes/build/switch_places' returned '0': CMAKE_PREFIX_PATH=${CMAKE_PREFIX_PATH}:/opt/ros/humble /usr/bin/cmake --build /home/janhavi/MultiMapWormholes/build/switch_places -- -j12 -l12
[9.814s] Invoking command in '/home/janhavi/MultiMapWormholes/build/switch_places': CMAKE_PREFIX_PATH=${CMAKE_PREFIX_PATH}:/opt/ros/humble /usr/bin/cmake --install /home/janhavi/MultiMapWormholes/build/switch_places
[9.820s] -- Install configuration: ""
[9.820s] -- Execute custom install script
[9.820s] -- Up-to-date symlink: /home/janhavi/MultiMapWormholes/install/switch_places/lib/switch_places/move_to_map_server
[9.820s] -- Up-to-date symlink: /home/janhavi/MultiMapWormholes/install/switch_places/lib/switch_places/move_to_map_client
[9.820s] -- Up-to-date symlink: /home/janhavi/MultiMapWormholes/install/switch_places/share/ament_index/resource_index/package_run_dependencies/switch_places
[9.821s] -- Up-to-date symlink: /home/janhavi/MultiMapWormholes/install/switch_places/share/ament_index/resource_index/parent_prefix_path/switch_places
[9.821s] -- Up-to-date symlink: /home/janhavi/MultiMapWormholes/install/switch_places/share/switch_places/environment/ament_prefix_path.sh
[9.821s] -- Up-to-date symlink: /home/janhavi/MultiMapWormholes/install/switch_places/share/switch_places/environment/ament_prefix_path.dsv
[9.821s] -- Up-to-date symlink: /home/janhavi/MultiMapWormholes/install/switch_places/share/switch_places/environment/path.sh
[9.821s] -- Up-to-date symlink: /home/janhavi/MultiMapWormholes/install/switch_places/share/switch_places/environment/path.dsv
[9.821s] -- Up-to-date symlink: /home/janhavi/MultiMapWormholes/install/switch_places/share/switch_places/local_setup.bash
[9.821s] -- Up-to-date symlink: /home/janhavi/MultiMapWormholes/install/switch_places/share/switch_places/local_setup.sh
[9.821s] -- Up-to-date symlink: /home/janhavi/MultiMapWormholes/install/switch_places/share/switch_places/local_setup.zsh
[9.821s] -- Up-to-date symlink: /home/janhavi/MultiMapWormholes/install/switch_places/share/switch_places/local_setup.dsv
[9.821s] -- Symlinking: /home/janhavi/MultiMapWormholes/install/switch_places/share/switch_places/package.dsv
[9.828s] -- Up-to-date symlink: /home/janhavi/MultiMapWormholes/install/switch_places/share/ament_index/resource_index/packages/switch_places
[9.828s] -- Up-to-date symlink: /home/janhavi/MultiMapWormholes/install/switch_places/share/switch_places/cmake/switch_placesConfig.cmake
[9.828s] -- Up-to-date symlink: /home/janhavi/MultiMapWormholes/install/switch_places/share/switch_places/cmake/switch_placesConfig-version.cmake
[9.829s] -- Up-to-date symlink: /home/janhavi/MultiMapWormholes/install/switch_places/share/switch_places/package.xml
[9.830s] Invoked command in '/home/janhavi/MultiMapWormholes/build/switch_places' returned '0': CMAKE_PREFIX_PATH=${CMAKE_PREFIX_PATH}:/opt/ros/humble /usr/bin/cmake --install /home/janhavi/MultiMapWormholes/build/switch_places
