[0.076s] DEBUG:colcon:Command line arguments: ['/usr/bin/colcon', 'build']
[0.076s] DEBUG:colcon:Parsed command line arguments: Namespace(log_base=None, log_level=None, verb_name='build', build_base='build', install_base='install', merge_install=False, symlink_install=False, test_result_base=None, continue_on_error=False, executor='parallel', parallel_workers=12, event_handlers=None, ignore_user_meta=False, metas=['./colcon.meta'], base_paths=['.'], packages_ignore=None, packages_ignore_regex=None, paths=None, packages_up_to=None, packages_up_to_regex=None, packages_above=None, packages_above_and_dependencies=None, packages_above_depth=None, packages_select_by_dep=None, packages_skip_by_dep=None, packages_skip_up_to=None, packages_select_build_failed=False, packages_skip_build_finished=False, packages_select_test_failures=False, packages_skip_test_passed=False, packages_select=None, packages_skip=None, packages_select_regex=None, packages_skip_regex=None, packages_start=None, packages_end=None, allow_overriding=[], cmake_args=None, cmake_target=None, cmake_target_skip_unavailable=False, cmake_clean_cache=False, cmake_clean_first=False, cmake_force_configure=False, ament_cmake_args=None, catkin_cmake_args=None, catkin_skip_building_tests=False, verb_parser=<colcon_defaults.argument_parser.defaults.DefaultArgumentsDecorator object at 0x75efabf2a560>, verb_extension=<colcon_core.verb.build.BuildVerb object at 0x75efac0abe20>, main=<bound method BuildVerb.main of <colcon_core.verb.build.BuildVerb object at 0x75efac0abe20>>)
[0.111s] Level 1:colcon.colcon_core.package_discovery:discover_packages(colcon_meta) check parameters
[0.111s] Level 1:colcon.colcon_core.package_discovery:discover_packages(recursive) check parameters
[0.111s] Level 1:colcon.colcon_core.package_discovery:discover_packages(ignore) check parameters
[0.111s] Level 1:colcon.colcon_core.package_discovery:discover_packages(path) check parameters
[0.111s] Level 1:colcon.colcon_core.package_discovery:discover_packages(colcon_meta) discover
[0.111s] Level 1:colcon.colcon_core.package_discovery:discover_packages(recursive) discover
[0.111s] INFO:colcon.colcon_core.package_discovery:Crawling recursively for packages in '/home/janhavi/MultiMapWormholes'
[0.111s] Level 1:colcon.colcon_core.package_identification:_identify(.) by extensions ['ignore', 'ignore_ament_install']
[0.111s] Level 1:colcon.colcon_core.package_identification:_identify(.) by extension 'ignore'
[0.111s] Level 1:colcon.colcon_core.package_identification:_identify(.) by extension 'ignore_ament_install'
[0.111s] Level 1:colcon.colcon_core.package_identification:_identify(.) by extensions ['colcon_pkg']
[0.111s] Level 1:colcon.colcon_core.package_identification:_identify(.) by extension 'colcon_pkg'
[0.111s] Level 1:colcon.colcon_core.package_identification:_identify(.) by extensions ['colcon_meta']
[0.111s] Level 1:colcon.colcon_core.package_identification:_identify(.) by extension 'colcon_meta'
[0.111s] Level 1:colcon.colcon_core.package_identification:_identify(.) by extensions ['ros']
[0.111s] Level 1:colcon.colcon_core.package_identification:_identify(.) by extension 'ros'
[0.126s] Level 1:colcon.colcon_core.package_identification:_identify(.) by extensions ['cmake', 'python']
[0.126s] Level 1:colcon.colcon_core.package_identification:_identify(.) by extension 'cmake'
[0.126s] Level 1:colcon.colcon_core.package_identification:_identify(.) by extension 'python'
[0.126s] Level 1:colcon.colcon_core.package_identification:_identify(.) by extensions ['python_setup_py']
[0.126s] Level 1:colcon.colcon_core.package_identification:_identify(.) by extension 'python_setup_py'
[0.126s] Level 1:colcon.colcon_core.package_identification:_identify(build) by extensions ['ignore', 'ignore_ament_install']
[0.126s] Level 1:colcon.colcon_core.package_identification:_identify(build) by extension 'ignore'
[0.126s] Level 1:colcon.colcon_core.package_identification:_identify(build) ignored
[0.126s] Level 1:colcon.colcon_core.package_identification:_identify(install) by extensions ['ignore', 'ignore_ament_install']
[0.126s] Level 1:colcon.colcon_core.package_identification:_identify(install) by extension 'ignore'
[0.126s] Level 1:colcon.colcon_core.package_identification:_identify(install) ignored
[0.126s] Level 1:colcon.colcon_core.package_identification:_identify(log) by extensions ['ignore', 'ignore_ament_install']
[0.127s] Level 1:colcon.colcon_core.package_identification:_identify(log) by extension 'ignore'
[0.127s] Level 1:colcon.colcon_core.package_identification:_identify(log) ignored
[0.127s] Level 1:colcon.colcon_core.package_identification:_identify(src) by extensions ['ignore', 'ignore_ament_install']
[0.127s] Level 1:colcon.colcon_core.package_identification:_identify(src) by extension 'ignore'
[0.127s] Level 1:colcon.colcon_core.package_identification:_identify(src) by extension 'ignore_ament_install'
[0.127s] Level 1:colcon.colcon_core.package_identification:_identify(src) by extensions ['colcon_pkg']
[0.127s] Level 1:colcon.colcon_core.package_identification:_identify(src) by extension 'colcon_pkg'
[0.127s] Level 1:colcon.colcon_core.package_identification:_identify(src) by extensions ['colcon_meta']
[0.127s] Level 1:colcon.colcon_core.package_identification:_identify(src) by extension 'colcon_meta'
[0.127s] Level 1:colcon.colcon_core.package_identification:_identify(src) by extensions ['ros']
[0.127s] Level 1:colcon.colcon_core.package_identification:_identify(src) by extension 'ros'
[0.127s] Level 1:colcon.colcon_core.package_identification:_identify(src) by extensions ['cmake', 'python']
[0.127s] Level 1:colcon.colcon_core.package_identification:_identify(src) by extension 'cmake'
[0.127s] Level 1:colcon.colcon_core.package_identification:_identify(src) by extension 'python'
[0.127s] Level 1:colcon.colcon_core.package_identification:_identify(src) by extensions ['python_setup_py']
[0.127s] Level 1:colcon.colcon_core.package_identification:_identify(src) by extension 'python_setup_py'
[0.127s] Level 1:colcon.colcon_core.package_identification:_identify(src/maps) by extensions ['ignore', 'ignore_ament_install']
[0.127s] Level 1:colcon.colcon_core.package_identification:_identify(src/maps) by extension 'ignore'
[0.127s] Level 1:colcon.colcon_core.package_identification:_identify(src/maps) by extension 'ignore_ament_install'
[0.127s] Level 1:colcon.colcon_core.package_identification:_identify(src/maps) by extensions ['colcon_pkg']
[0.128s] Level 1:colcon.colcon_core.package_identification:_identify(src/maps) by extension 'colcon_pkg'
[0.128s] Level 1:colcon.colcon_core.package_identification:_identify(src/maps) by extensions ['colcon_meta']
[0.128s] Level 1:colcon.colcon_core.package_identification:_identify(src/maps) by extension 'colcon_meta'
[0.128s] Level 1:colcon.colcon_core.package_identification:_identify(src/maps) by extensions ['ros']
[0.128s] Level 1:colcon.colcon_core.package_identification:_identify(src/maps) by extension 'ros'
[0.128s] Level 1:colcon.colcon_core.package_identification:_identify(src/maps) by extensions ['cmake', 'python']
[0.128s] Level 1:colcon.colcon_core.package_identification:_identify(src/maps) by extension 'cmake'
[0.128s] Level 1:colcon.colcon_core.package_identification:_identify(src/maps) by extension 'python'
[0.128s] Level 1:colcon.colcon_core.package_identification:_identify(src/maps) by extensions ['python_setup_py']
[0.128s] Level 1:colcon.colcon_core.package_identification:_identify(src/maps) by extension 'python_setup_py'
[0.128s] Level 1:colcon.colcon_core.package_identification:_identify(src/switch_places) by extensions ['ignore', 'ignore_ament_install']
[0.128s] Level 1:colcon.colcon_core.package_identification:_identify(src/switch_places) by extension 'ignore'
[0.128s] Level 1:colcon.colcon_core.package_identification:_identify(src/switch_places) by extension 'ignore_ament_install'
[0.128s] Level 1:colcon.colcon_core.package_identification:_identify(src/switch_places) by extensions ['colcon_pkg']
[0.128s] Level 1:colcon.colcon_core.package_identification:_identify(src/switch_places) by extension 'colcon_pkg'
[0.128s] Level 1:colcon.colcon_core.package_identification:_identify(src/switch_places) by extensions ['colcon_meta']
[0.128s] Level 1:colcon.colcon_core.package_identification:_identify(src/switch_places) by extension 'colcon_meta'
[0.128s] Level 1:colcon.colcon_core.package_identification:_identify(src/switch_places) by extensions ['ros']
[0.128s] Level 1:colcon.colcon_core.package_identification:_identify(src/switch_places) by extension 'ros'
[0.132s] DEBUG:colcon.colcon_core.package_identification:Package 'src/switch_places' with type 'ros.ament_cmake' and name 'switch_places'
[0.132s] Level 1:colcon.colcon_core.package_identification:_identify(src/switch_places_msgs) by extensions ['ignore', 'ignore_ament_install']
[0.132s] Level 1:colcon.colcon_core.package_identification:_identify(src/switch_places_msgs) by extension 'ignore'
[0.132s] Level 1:colcon.colcon_core.package_identification:_identify(src/switch_places_msgs) by extension 'ignore_ament_install'
[0.132s] Level 1:colcon.colcon_core.package_identification:_identify(src/switch_places_msgs) by extensions ['colcon_pkg']
[0.132s] Level 1:colcon.colcon_core.package_identification:_identify(src/switch_places_msgs) by extension 'colcon_pkg'
[0.132s] Level 1:colcon.colcon_core.package_identification:_identify(src/switch_places_msgs) by extensions ['colcon_meta']
[0.132s] Level 1:colcon.colcon_core.package_identification:_identify(src/switch_places_msgs) by extension 'colcon_meta'
[0.132s] Level 1:colcon.colcon_core.package_identification:_identify(src/switch_places_msgs) by extensions ['ros']
[0.132s] Level 1:colcon.colcon_core.package_identification:_identify(src/switch_places_msgs) by extension 'ros'
[0.133s] DEBUG:colcon.colcon_core.package_identification:Package 'src/switch_places_msgs' with type 'ros.ament_cmake' and name 'switch_places_msgs'
[0.133s] Level 1:colcon.colcon_core.package_discovery:discover_packages(recursive) using defaults
[0.133s] Level 1:colcon.colcon_core.package_discovery:discover_packages(ignore) discover
[0.133s] Level 1:colcon.colcon_core.package_discovery:discover_packages(ignore) using defaults
[0.133s] Level 1:colcon.colcon_core.package_discovery:discover_packages(path) discover
[0.133s] Level 1:colcon.colcon_core.package_discovery:discover_packages(path) using defaults
[0.153s] Level 1:colcon.colcon_core.package_discovery:discover_packages(prefix_path) check parameters
[0.153s] Level 1:colcon.colcon_core.package_discovery:discover_packages(prefix_path) discover
[0.154s] DEBUG:colcon.colcon_installed_package_information.package_discovery:Found 2 installed packages in /home/janhavi/MultiMapWormholes/install
[0.156s] DEBUG:colcon.colcon_installed_package_information.package_discovery:Found 388 installed packages in /opt/ros/humble
[0.158s] Level 1:colcon.colcon_core.package_discovery:discover_packages(prefix_path) using defaults
[0.202s] Level 5:colcon.colcon_core.verb:set package 'switch_places' build argument 'cmake_args' from command line to 'None'
[0.202s] Level 5:colcon.colcon_core.verb:set package 'switch_places' build argument 'cmake_target' from command line to 'None'
[0.202s] Level 5:colcon.colcon_core.verb:set package 'switch_places' build argument 'cmake_target_skip_unavailable' from command line to 'False'
[0.202s] Level 5:colcon.colcon_core.verb:set package 'switch_places' build argument 'cmake_clean_cache' from command line to 'False'
[0.202s] Level 5:colcon.colcon_core.verb:set package 'switch_places' build argument 'cmake_clean_first' from command line to 'False'
[0.202s] Level 5:colcon.colcon_core.verb:set package 'switch_places' build argument 'cmake_force_configure' from command line to 'False'
[0.202s] Level 5:colcon.colcon_core.verb:set package 'switch_places' build argument 'ament_cmake_args' from command line to 'None'
[0.202s] Level 5:colcon.colcon_core.verb:set package 'switch_places' build argument 'catkin_cmake_args' from command line to 'None'
[0.202s] Level 5:colcon.colcon_core.verb:set package 'switch_places' build argument 'catkin_skip_building_tests' from command line to 'False'
[0.202s] DEBUG:colcon.colcon_core.verb:Building package 'switch_places' with the following arguments: {'ament_cmake_args': None, 'build_base': '/home/janhavi/MultiMapWormholes/build/switch_places', 'catkin_cmake_args': None, 'catkin_skip_building_tests': False, 'cmake_args': None, 'cmake_clean_cache': False, 'cmake_clean_first': False, 'cmake_force_configure': False, 'cmake_target': None, 'cmake_target_skip_unavailable': False, 'install_base': '/home/janhavi/MultiMapWormholes/install/switch_places', 'merge_install': False, 'path': '/home/janhavi/MultiMapWormholes/src/switch_places', 'symlink_install': False, 'test_result_base': None}
[0.203s] Level 5:colcon.colcon_core.verb:set package 'switch_places_msgs' build argument 'cmake_args' from command line to 'None'
[0.203s] Level 5:colcon.colcon_core.verb:set package 'switch_places_msgs' build argument 'cmake_target' from command line to 'None'
[0.203s] Level 5:colcon.colcon_core.verb:set package 'switch_places_msgs' build argument 'cmake_target_skip_unavailable' from command line to 'False'
[0.203s] Level 5:colcon.colcon_core.verb:set package 'switch_places_msgs' build argument 'cmake_clean_cache' from command line to 'False'
[0.203s] Level 5:colcon.colcon_core.verb:set package 'switch_places_msgs' build argument 'cmake_clean_first' from command line to 'False'
[0.203s] Level 5:colcon.colcon_core.verb:set package 'switch_places_msgs' build argument 'cmake_force_configure' from command line to 'False'
[0.203s] Level 5:colcon.colcon_core.verb:set package 'switch_places_msgs' build argument 'ament_cmake_args' from command line to 'None'
[0.203s] Level 5:colcon.colcon_core.verb:set package 'switch_places_msgs' build argument 'catkin_cmake_args' from command line to 'None'
[0.203s] Level 5:colcon.colcon_core.verb:set package 'switch_places_msgs' build argument 'catkin_skip_building_tests' from command line to 'False'
[0.203s] DEBUG:colcon.colcon_core.verb:Building package 'switch_places_msgs' with the following arguments: {'ament_cmake_args': None, 'build_base': '/home/janhavi/MultiMapWormholes/build/switch_places_msgs', 'catkin_cmake_args': None, 'catkin_skip_building_tests': False, 'cmake_args': None, 'cmake_clean_cache': False, 'cmake_clean_first': False, 'cmake_force_configure': False, 'cmake_target': None, 'cmake_target_skip_unavailable': False, 'install_base': '/home/janhavi/MultiMapWormholes/install/switch_places_msgs', 'merge_install': False, 'path': '/home/janhavi/MultiMapWormholes/src/switch_places_msgs', 'symlink_install': False, 'test_result_base': None}
[0.203s] INFO:colcon.colcon_core.executor:Executing jobs using 'parallel' executor
[0.204s] DEBUG:colcon.colcon_parallel_executor.executor.parallel:run_until_complete
[0.204s] INFO:colcon.colcon_ros.task.ament_cmake.build:Building ROS package in '/home/janhavi/MultiMapWormholes/src/switch_places' with build type 'ament_cmake'
[0.204s] INFO:colcon.colcon_cmake.task.cmake.build:Building CMake package in '/home/janhavi/MultiMapWormholes/src/switch_places'
[0.206s] INFO:colcon.colcon_core.plugin_system:Skipping extension 'colcon_core.shell.bat': Not used on non-Windows systems
[0.206s] INFO:colcon.colcon_core.shell:Skip shell extension 'powershell' for command environment: Not usable outside of PowerShell
[0.206s] DEBUG:colcon.colcon_core.shell:Skip shell extension 'dsv' for command environment
[0.210s] INFO:colcon.colcon_ros.task.ament_cmake.build:Building ROS package in '/home/janhavi/MultiMapWormholes/src/switch_places_msgs' with build type 'ament_cmake'
[0.210s] INFO:colcon.colcon_cmake.task.cmake.build:Building CMake package in '/home/janhavi/MultiMapWormholes/src/switch_places_msgs'
[0.210s] INFO:colcon.colcon_core.shell:Skip shell extension 'powershell' for command environment: Not usable outside of PowerShell
[0.210s] DEBUG:colcon.colcon_core.shell:Skip shell extension 'dsv' for command environment
[0.218s] DEBUG:colcon.colcon_core.event_handler.log_command:Invoking command in '/home/janhavi/MultiMapWormholes/build/switch_places': CMAKE_PREFIX_PATH=${CMAKE_PREFIX_PATH}:/opt/ros/humble /usr/bin/cmake --build /home/janhavi/MultiMapWormholes/build/switch_places -- -j12 -l12
[0.220s] DEBUG:colcon.colcon_core.event_handler.log_command:Invoking command in '/home/janhavi/MultiMapWormholes/build/switch_places_msgs': CMAKE_PREFIX_PATH=${CMAKE_PREFIX_PATH}:/opt/ros/humble /usr/bin/cmake --build /home/janhavi/MultiMapWormholes/build/switch_places_msgs -- -j12 -l12
[0.504s] DEBUG:colcon.colcon_core.event_handler.log_command:Invoked command in '/home/janhavi/MultiMapWormholes/build/switch_places_msgs' returned '0': CMAKE_PREFIX_PATH=${CMAKE_PREFIX_PATH}:/opt/ros/humble /usr/bin/cmake --build /home/janhavi/MultiMapWormholes/build/switch_places_msgs -- -j12 -l12
[0.512s] DEBUG:colcon.colcon_core.event_handler.log_command:Invoking command in '/home/janhavi/MultiMapWormholes/build/switch_places_msgs': CMAKE_PREFIX_PATH=${CMAKE_PREFIX_PATH}:/opt/ros/humble /usr/bin/cmake --install /home/janhavi/MultiMapWormholes/build/switch_places_msgs
[0.559s] Level 1:colcon.colcon_core.environment:create_environment_scripts_only(switch_places_msgs)
[0.559s] DEBUG:colcon.colcon_core.event_handler.log_command:Invoked command in '/home/janhavi/MultiMapWormholes/build/switch_places_msgs' returned '0': CMAKE_PREFIX_PATH=${CMAKE_PREFIX_PATH}:/opt/ros/humble /usr/bin/cmake --install /home/janhavi/MultiMapWormholes/build/switch_places_msgs
[0.561s] Level 1:colcon.colcon_core.environment:checking '/home/janhavi/MultiMapWormholes/install/switch_places_msgs' for CMake module files
[0.562s] Level 1:colcon.colcon_core.environment:checking '/home/janhavi/MultiMapWormholes/install/switch_places_msgs' for CMake config files
[0.563s] Level 1:colcon.colcon_core.shell:create_environment_hook('switch_places_msgs', 'cmake_prefix_path')
[0.563s] INFO:colcon.colcon_core.shell:Creating environment hook '/home/janhavi/MultiMapWormholes/install/switch_places_msgs/share/switch_places_msgs/hook/cmake_prefix_path.ps1'
[0.564s] INFO:colcon.colcon_core.shell:Creating environment descriptor '/home/janhavi/MultiMapWormholes/install/switch_places_msgs/share/switch_places_msgs/hook/cmake_prefix_path.dsv'
[0.565s] INFO:colcon.colcon_core.shell:Creating environment hook '/home/janhavi/MultiMapWormholes/install/switch_places_msgs/share/switch_places_msgs/hook/cmake_prefix_path.sh'
[0.566s] Level 1:colcon.colcon_core.environment:checking '/home/janhavi/MultiMapWormholes/install/switch_places_msgs/lib'
[0.566s] Level 1:colcon.colcon_core.shell:create_environment_hook('switch_places_msgs', 'ld_library_path_lib')
[0.566s] INFO:colcon.colcon_core.shell:Creating environment hook '/home/janhavi/MultiMapWormholes/install/switch_places_msgs/share/switch_places_msgs/hook/ld_library_path_lib.ps1'
[0.567s] INFO:colcon.colcon_core.shell:Creating environment descriptor '/home/janhavi/MultiMapWormholes/install/switch_places_msgs/share/switch_places_msgs/hook/ld_library_path_lib.dsv'
[0.567s] INFO:colcon.colcon_core.shell:Creating environment hook '/home/janhavi/MultiMapWormholes/install/switch_places_msgs/share/switch_places_msgs/hook/ld_library_path_lib.sh'
[0.567s] Level 1:colcon.colcon_core.environment:checking '/home/janhavi/MultiMapWormholes/install/switch_places_msgs/bin'
[0.568s] Level 1:colcon.colcon_core.environment:checking '/home/janhavi/MultiMapWormholes/install/switch_places_msgs/lib/pkgconfig/switch_places_msgs.pc'
[0.568s] Level 1:colcon.colcon_core.environment:checking '/home/janhavi/MultiMapWormholes/install/switch_places_msgs/lib/python3.10/site-packages'
[0.568s] Level 1:colcon.colcon_core.environment:checking '/home/janhavi/MultiMapWormholes/install/switch_places_msgs/bin'
[0.568s] INFO:colcon.colcon_core.shell:Creating package script '/home/janhavi/MultiMapWormholes/install/switch_places_msgs/share/switch_places_msgs/package.ps1'
[0.569s] INFO:colcon.colcon_core.shell:Creating package descriptor '/home/janhavi/MultiMapWormholes/install/switch_places_msgs/share/switch_places_msgs/package.dsv'
[0.570s] INFO:colcon.colcon_core.shell:Creating package script '/home/janhavi/MultiMapWormholes/install/switch_places_msgs/share/switch_places_msgs/package.sh'
[0.571s] INFO:colcon.colcon_core.shell:Creating package script '/home/janhavi/MultiMapWormholes/install/switch_places_msgs/share/switch_places_msgs/package.bash'
[0.572s] INFO:colcon.colcon_core.shell:Creating package script '/home/janhavi/MultiMapWormholes/install/switch_places_msgs/share/switch_places_msgs/package.zsh'
[0.572s] Level 1:colcon.colcon_core.environment:create_file_with_runtime_dependencies(/home/janhavi/MultiMapWormholes/install/switch_places_msgs/share/colcon-core/packages/switch_places_msgs)
[0.573s] Level 1:colcon.colcon_core.environment:create_environment_scripts_only(switch_places_msgs)
[0.573s] Level 1:colcon.colcon_core.environment:checking '/home/janhavi/MultiMapWormholes/install/switch_places_msgs' for CMake module files
[0.574s] Level 1:colcon.colcon_core.environment:checking '/home/janhavi/MultiMapWormholes/install/switch_places_msgs' for CMake config files
[0.575s] Level 1:colcon.colcon_core.shell:create_environment_hook('switch_places_msgs', 'cmake_prefix_path')
[0.575s] INFO:colcon.colcon_core.shell:Creating environment hook '/home/janhavi/MultiMapWormholes/install/switch_places_msgs/share/switch_places_msgs/hook/cmake_prefix_path.ps1'
[0.575s] INFO:colcon.colcon_core.shell:Creating environment descriptor '/home/janhavi/MultiMapWormholes/install/switch_places_msgs/share/switch_places_msgs/hook/cmake_prefix_path.dsv'
[0.576s] INFO:colcon.colcon_core.shell:Creating environment hook '/home/janhavi/MultiMapWormholes/install/switch_places_msgs/share/switch_places_msgs/hook/cmake_prefix_path.sh'
[0.576s] Level 1:colcon.colcon_core.environment:checking '/home/janhavi/MultiMapWormholes/install/switch_places_msgs/lib'
[0.576s] Level 1:colcon.colcon_core.shell:create_environment_hook('switch_places_msgs', 'ld_library_path_lib')
[0.577s] INFO:colcon.colcon_core.shell:Creating environment hook '/home/janhavi/MultiMapWormholes/install/switch_places_msgs/share/switch_places_msgs/hook/ld_library_path_lib.ps1'
[0.577s] INFO:colcon.colcon_core.shell:Creating environment descriptor '/home/janhavi/MultiMapWormholes/install/switch_places_msgs/share/switch_places_msgs/hook/ld_library_path_lib.dsv'
[0.577s] INFO:colcon.colcon_core.shell:Creating environment hook '/home/janhavi/MultiMapWormholes/install/switch_places_msgs/share/switch_places_msgs/hook/ld_library_path_lib.sh'
[0.578s] Level 1:colcon.colcon_core.environment:checking '/home/janhavi/MultiMapWormholes/install/switch_places_msgs/bin'
[0.578s] Level 1:colcon.colcon_core.environment:checking '/home/janhavi/MultiMapWormholes/install/switch_places_msgs/lib/pkgconfig/switch_places_msgs.pc'
[0.578s] Level 1:colcon.colcon_core.environment:checking '/home/janhavi/MultiMapWormholes/install/switch_places_msgs/lib/python3.10/site-packages'
[0.578s] Level 1:colcon.colcon_core.environment:checking '/home/janhavi/MultiMapWormholes/install/switch_places_msgs/bin'
[0.579s] INFO:colcon.colcon_core.shell:Creating package script '/home/janhavi/MultiMapWormholes/install/switch_places_msgs/share/switch_places_msgs/package.ps1'
[0.579s] INFO:colcon.colcon_core.shell:Creating package descriptor '/home/janhavi/MultiMapWormholes/install/switch_places_msgs/share/switch_places_msgs/package.dsv'
[0.580s] INFO:colcon.colcon_core.shell:Creating package script '/home/janhavi/MultiMapWormholes/install/switch_places_msgs/share/switch_places_msgs/package.sh'
[0.581s] INFO:colcon.colcon_core.shell:Creating package script '/home/janhavi/MultiMapWormholes/install/switch_places_msgs/share/switch_places_msgs/package.bash'
[0.581s] INFO:colcon.colcon_core.shell:Creating package script '/home/janhavi/MultiMapWormholes/install/switch_places_msgs/share/switch_places_msgs/package.zsh'
[0.582s] Level 1:colcon.colcon_core.environment:create_file_with_runtime_dependencies(/home/janhavi/MultiMapWormholes/install/switch_places_msgs/share/colcon-core/packages/switch_places_msgs)
[5.956s] DEBUG:colcon.colcon_core.event_handler.log_command:Invoked command in '/home/janhavi/MultiMapWormholes/build/switch_places' returned '0': CMAKE_PREFIX_PATH=${CMAKE_PREFIX_PATH}:/opt/ros/humble /usr/bin/cmake --build /home/janhavi/MultiMapWormholes/build/switch_places -- -j12 -l12
[5.959s] DEBUG:colcon.colcon_core.event_handler.log_command:Invoking command in '/home/janhavi/MultiMapWormholes/build/switch_places': CMAKE_PREFIX_PATH=${CMAKE_PREFIX_PATH}:/opt/ros/humble /usr/bin/cmake --install /home/janhavi/MultiMapWormholes/build/switch_places
[5.978s] Level 1:colcon.colcon_core.environment:create_environment_scripts_only(switch_places)
[5.978s] Level 1:colcon.colcon_core.environment:checking '/home/janhavi/MultiMapWormholes/install/switch_places' for CMake module files
[5.978s] DEBUG:colcon.colcon_core.event_handler.log_command:Invoked command in '/home/janhavi/MultiMapWormholes/build/switch_places' returned '0': CMAKE_PREFIX_PATH=${CMAKE_PREFIX_PATH}:/opt/ros/humble /usr/bin/cmake --install /home/janhavi/MultiMapWormholes/build/switch_places
[5.979s] Level 1:colcon.colcon_core.environment:checking '/home/janhavi/MultiMapWormholes/install/switch_places' for CMake config files
[5.979s] Level 1:colcon.colcon_core.shell:create_environment_hook('switch_places', 'cmake_prefix_path')
[5.980s] INFO:colcon.colcon_core.shell:Creating environment hook '/home/janhavi/MultiMapWormholes/install/switch_places/share/switch_places/hook/cmake_prefix_path.ps1'
[5.980s] INFO:colcon.colcon_core.shell:Creating environment descriptor '/home/janhavi/MultiMapWormholes/install/switch_places/share/switch_places/hook/cmake_prefix_path.dsv'
[5.981s] INFO:colcon.colcon_core.shell:Creating environment hook '/home/janhavi/MultiMapWormholes/install/switch_places/share/switch_places/hook/cmake_prefix_path.sh'
[5.981s] Level 1:colcon.colcon_core.environment:checking '/home/janhavi/MultiMapWormholes/install/switch_places/lib'
[5.981s] Level 1:colcon.colcon_core.environment:checking '/home/janhavi/MultiMapWormholes/install/switch_places/bin'
[5.981s] Level 1:colcon.colcon_core.environment:checking '/home/janhavi/MultiMapWormholes/install/switch_places/lib/pkgconfig/switch_places.pc'
[5.982s] Level 1:colcon.colcon_core.environment:checking '/home/janhavi/MultiMapWormholes/install/switch_places/lib/python3.10/site-packages'
[5.982s] Level 1:colcon.colcon_core.environment:checking '/home/janhavi/MultiMapWormholes/install/switch_places/bin'
[5.982s] INFO:colcon.colcon_core.shell:Creating package script '/home/janhavi/MultiMapWormholes/install/switch_places/share/switch_places/package.ps1'
[5.983s] INFO:colcon.colcon_core.shell:Creating package descriptor '/home/janhavi/MultiMapWormholes/install/switch_places/share/switch_places/package.dsv'
[5.983s] INFO:colcon.colcon_core.shell:Creating package script '/home/janhavi/MultiMapWormholes/install/switch_places/share/switch_places/package.sh'
[5.983s] INFO:colcon.colcon_core.shell:Creating package script '/home/janhavi/MultiMapWormholes/install/switch_places/share/switch_places/package.bash'
[5.984s] INFO:colcon.colcon_core.shell:Creating package script '/home/janhavi/MultiMapWormholes/install/switch_places/share/switch_places/package.zsh'
[5.984s] Level 1:colcon.colcon_core.environment:create_file_with_runtime_dependencies(/home/janhavi/MultiMapWormholes/install/switch_places/share/colcon-core/packages/switch_places)
[5.984s] Level 1:colcon.colcon_core.environment:create_environment_scripts_only(switch_places)
[5.985s] Level 1:colcon.colcon_core.environment:checking '/home/janhavi/MultiMapWormholes/install/switch_places' for CMake module files
[5.985s] Level 1:colcon.colcon_core.environment:checking '/home/janhavi/MultiMapWormholes/install/switch_places' for CMake config files
[5.985s] Level 1:colcon.colcon_core.shell:create_environment_hook('switch_places', 'cmake_prefix_path')
[5.985s] INFO:colcon.colcon_core.shell:Creating environment hook '/home/janhavi/MultiMapWormholes/install/switch_places/share/switch_places/hook/cmake_prefix_path.ps1'
[5.986s] INFO:colcon.colcon_core.shell:Creating environment descriptor '/home/janhavi/MultiMapWormholes/install/switch_places/share/switch_places/hook/cmake_prefix_path.dsv'
[5.986s] INFO:colcon.colcon_core.shell:Creating environment hook '/home/janhavi/MultiMapWormholes/install/switch_places/share/switch_places/hook/cmake_prefix_path.sh'
[5.986s] Level 1:colcon.colcon_core.environment:checking '/home/janhavi/MultiMapWormholes/install/switch_places/lib'
[5.987s] Level 1:colcon.colcon_core.environment:checking '/home/janhavi/MultiMapWormholes/install/switch_places/bin'
[5.987s] Level 1:colcon.colcon_core.environment:checking '/home/janhavi/MultiMapWormholes/install/switch_places/lib/pkgconfig/switch_places.pc'
[5.987s] Level 1:colcon.colcon_core.environment:checking '/home/janhavi/MultiMapWormholes/install/switch_places/lib/python3.10/site-packages'
[5.987s] Level 1:colcon.colcon_core.environment:checking '/home/janhavi/MultiMapWormholes/install/switch_places/bin'
[5.987s] INFO:colcon.colcon_core.shell:Creating package script '/home/janhavi/MultiMapWormholes/install/switch_places/share/switch_places/package.ps1'
[5.987s] INFO:colcon.colcon_core.shell:Creating package descriptor '/home/janhavi/MultiMapWormholes/install/switch_places/share/switch_places/package.dsv'
[5.988s] INFO:colcon.colcon_core.shell:Creating package script '/home/janhavi/MultiMapWormholes/install/switch_places/share/switch_places/package.sh'
[5.989s] INFO:colcon.colcon_core.shell:Creating package script '/home/janhavi/MultiMapWormholes/install/switch_places/share/switch_places/package.bash'
[5.990s] INFO:colcon.colcon_core.shell:Creating package script '/home/janhavi/MultiMapWormholes/install/switch_places/share/switch_places/package.zsh'
[5.990s] Level 1:colcon.colcon_core.environment:create_file_with_runtime_dependencies(/home/janhavi/MultiMapWormholes/install/switch_places/share/colcon-core/packages/switch_places)
[5.990s] DEBUG:colcon.colcon_parallel_executor.executor.parallel:closing loop
[5.991s] DEBUG:colcon.colcon_parallel_executor.executor.parallel:loop closed
[5.991s] DEBUG:colcon.colcon_parallel_executor.executor.parallel:run_until_complete finished with '0'
[5.991s] DEBUG:colcon.colcon_core.event_reactor:joining thread
[5.995s] INFO:colcon.colcon_core.plugin_system:Skipping extension 'colcon_notification.desktop_notification.terminal_notifier': Not used on non-Darwin systems
[5.995s] INFO:colcon.colcon_core.plugin_system:Skipping extension 'colcon_notification.desktop_notification.win32': Not used on non-Windows systems
[5.995s] INFO:colcon.colcon_notification.desktop_notification:Sending desktop notification using 'notify2'
[6.002s] DEBUG:colcon.colcon_core.event_reactor:joined thread
[6.003s] INFO:colcon.colcon_core.shell:Creating prefix script '/home/janhavi/MultiMapWormholes/install/local_setup.ps1'
[6.004s] INFO:colcon.colcon_core.shell:Creating prefix util module '/home/janhavi/MultiMapWormholes/install/_local_setup_util_ps1.py'
[6.005s] INFO:colcon.colcon_core.shell:Creating prefix chain script '/home/janhavi/MultiMapWormholes/install/setup.ps1'
[6.006s] INFO:colcon.colcon_core.shell:Creating prefix script '/home/janhavi/MultiMapWormholes/install/local_setup.sh'
[6.007s] INFO:colcon.colcon_core.shell:Creating prefix util module '/home/janhavi/MultiMapWormholes/install/_local_setup_util_sh.py'
[6.007s] INFO:colcon.colcon_core.shell:Creating prefix chain script '/home/janhavi/MultiMapWormholes/install/setup.sh'
[6.008s] INFO:colcon.colcon_core.shell:Creating prefix script '/home/janhavi/MultiMapWormholes/install/local_setup.bash'
[6.008s] INFO:colcon.colcon_core.shell:Creating prefix chain script '/home/janhavi/MultiMapWormholes/install/setup.bash'
[6.009s] INFO:colcon.colcon_core.shell:Creating prefix script '/home/janhavi/MultiMapWormholes/install/local_setup.zsh'
[6.009s] INFO:colcon.colcon_core.shell:Creating prefix chain script '/home/janhavi/MultiMapWormholes/install/setup.zsh'
