[0.007s] Invoking command in '/home/janhavi/MultiMapWormholes/build/switch_places': CMAKE_PREFIX_PATH=/opt/ros/humble /usr/bin/cmake /home/janhavi/MultiMapWormholes/src/switch_places -DAMENT_CMAKE_SYMLINK_INSTALL=1 -DCMAKE_INSTALL_PREFIX=/home/janhavi/MultiMapWormholes/install/switch_places
[0.016s] -- Found ament_cmake: 1.3.11 (/opt/ros/humble/share/ament_cmake/cmake)
[0.093s] -- Override CMake install command with custom implementation using symlinks instead of copying resources
[0.098s] -- Found rclcpp: 16.0.11 (/opt/ros/humble/share/rclcpp/cmake)
[0.114s] -- Found rosidl_generator_c: 3.1.6 (/opt/ros/humble/share/rosidl_generator_c/cmake)
[0.116s] -- Found rosidl_adapter: 3.1.6 (/opt/ros/humble/share/rosidl_adapter/cmake)
[0.119s] -- Found rosidl_generator_cpp: 3.1.6 (/opt/ros/humble/share/rosidl_generator_cpp/cmake)
[0.124s] -- Using all available rosidl_typesupport_c: rosidl_typesupport_fastrtps_c;rosidl_typesupport_introspection_c
[0.130s] -- Using all available rosidl_typesupport_cpp: rosidl_typesupport_fastrtps_cpp;rosidl_typesupport_introspection_cpp
[0.151s] -- Found rmw_implementation_cmake: 6.1.2 (/opt/ros/humble/share/rmw_implementation_cmake/cmake)
[0.152s] -- Found rmw_cyclonedds_cpp: 1.3.4 (/opt/ros/humble/share/rmw_cyclonedds_cpp/cmake)
[0.165s] -- Using RMW implementation 'rmw_cyclonedds_cpp' as default
[0.192s] -- Found nav2_common: 1.1.18 (/opt/ros/humble/share/nav2_common/cmake)
[0.192s] -- Found nav2_util: 1.1.18 (/opt/ros/humble/share/nav2_util/cmake)
[0.270s] -- Found eigen3_cmake_module: 0.1.1 (/opt/ros/humble/share/eigen3_cmake_module/cmake)
[0.271s] -- Ensuring Eigen3 include directory is part of orocos-kdl CMake target
[0.296s] -- Found gazebo_msgs: 3.9.0 (/opt/ros/humble/share/gazebo_msgs/cmake)
[0.316s] -- Found rosidl_default_generators: 1.2.0 (/opt/ros/humble/share/rosidl_default_generators/cmake)
[0.496s] -- Found ament_cmake_ros: 0.10.0 (/opt/ros/humble/share/ament_cmake_ros/cmake)
[0.707s] -- Using all available rosidl_typesupport_c: rosidl_typesupport_fastrtps_c;rosidl_typesupport_introspection_c
[0.794s] -- Using all available rosidl_typesupport_cpp: rosidl_typesupport_fastrtps_cpp;rosidl_typesupport_introspection_cpp
[0.809s] -- Found python_cmake_module: 0.10.0 (/opt/ros/humble/share/python_cmake_module/cmake)
[0.823s] -- Using PYTHON_EXECUTABLE: /usr/bin/python3
[0.823s] -- Using PYTHON_INCLUDE_DIRS: /usr/include/python3.10
[0.823s] -- Using PYTHON_LIBRARIES: /usr/lib/x86_64-linux-gnu/libpython3.10.so
[0.833s] -- Found ament_lint_auto: 0.12.11 (/opt/ros/humble/share/ament_lint_auto/cmake)
[0.842s] [31mCMake Error at /opt/ros/humble/share/ament_cmake_target_dependencies/cmake/ament_target_dependencies.cmake:145 (target_link_libraries):
[0.843s]   The keyword signature for target_link_libraries has already been used with
[0.843s]   the target "move_to_map_server".  All uses of target_link_libraries with a
[0.843s]   target must be either all-keyword or all-plain.
[0.843s] 
[0.843s]   The uses of the keyword signature are here:
[0.843s] 
[0.843s]    * CMakeLists.txt:49 (target_link_libraries)
[0.843s] 
[0.843s] Call Stack (most recent call first):
[0.843s]   CMakeLists.txt:52 (ament_target_dependencies)
[0.843s] 
[0.843s] [0m
[0.848s] -- Added test 'cppcheck' to perform static code analysis on C / C++ code
[0.849s] -- Configured cppcheck include dirs: 
[0.849s] -- Configured cppcheck exclude dirs and/or files: 
[0.849s] -- Added test 'lint_cmake' to check CMake code style
[0.850s] -- Added test 'uncrustify' to check C / C++ code style
[0.850s] -- Configured uncrustify additional arguments: 
[0.850s] -- Added test 'xmllint' to check XML markup files
[0.851s] -- Configuring incomplete, errors occurred!
[0.851s] See also "/home/janhavi/MultiMapWormholes/build/switch_places/CMakeFiles/CMakeOutput.log".
[0.857s] Invoked command in '/home/janhavi/MultiMapWormholes/build/switch_places' returned '1': CMAKE_PREFIX_PATH=/opt/ros/humble /usr/bin/cmake /home/janhavi/MultiMapWormholes/src/switch_places -DAMENT_CMAKE_SYMLINK_INSTALL=1 -DCMAKE_INSTALL_PREFIX=/home/janhavi/MultiMapWormholes/install/switch_places
