[01m[K/home/janhavi/MultiMapWormholes/src/switch_places/src/move_to_map_server.cpp:[m[K In member function ‘[01m[Kvoid MoveToMapActionServer::switch_map(const string&)[m[K’:
[01m[K/home/janhavi/MultiMapWormholes/src/switch_places/src/move_to_map_server.cpp:180:38:[m[K [01;31m[Kerror: [m[Kvoid value not ignored as it ought to be
  180 |         bool res = [01;31m[Kdelete_robot_model()[m[K;
      |                    [01;31m[K~~~~~~~~~~~~~~~~~~^~[m[K
[01m[K/home/janhavi/MultiMapWormholes/src/switch_places/src/move_to_map_server.cpp:221:44:[m[K [01;31m[Kerror: [m[Kvoid value not ignored as it ought to be
  221 |         bool res3 = [01;31m[Kspawn_robot_at_position(wormhole_x, wormhole_y)[m[K;
      |                     [01;31m[K~~~~~~~~~~~~~~~~~~~~~~~^~~~~~~~~~~~~~~~~~~~~~~~[m[K
[01m[K/home/janhavi/MultiMapWormholes/src/switch_places/src/move_to_map_server.cpp:[m[K In member function ‘[01m[Kbool MoveToMapActionServer::load_new_map(const string&)[m[K’:
[01m[K/home/janhavi/MultiMapWormholes/src/switch_places/src/move_to_map_server.cpp:255:9:[m[K [01;31m[Kerror: [m[K‘[01m[Kmap_load_promise[m[K’ was not declared in this scope
  255 |         [01;31m[Kmap_load_promise[m[K = std::promise<bool>();
      |         [01;31m[K^~~~~~~~~~~~~~~~[m[K
[01m[K/home/janhavi/MultiMapWormholes/src/switch_places/src/move_to_map_server.cpp:259:14:[m[K [01;31m[Kerror: [m[Kconflicting declaration ‘[01m[Kauto future_result[m[K’
  259 |         auto [01;31m[Kfuture_result[m[K = load_map_client->async_send_request(request,
      |              [01;31m[K^~~~~~~~~~~~~[m[K
[01m[K/home/janhavi/MultiMapWormholes/src/switch_places/src/move_to_map_server.cpp:256:27:[m[K [01;36m[Knote: [m[Kprevious declaration as ‘[01m[Kstd::future<bool> future_result[m[K’
  256 |         std::future<bool> [01;36m[Kfuture_result[m[K = map_load_promise.get_future();
      |                           [01;36m[K^~~~~~~~~~~~~[m[K
[01m[K/home/janhavi/MultiMapWormholes/src/switch_places/src/move_to_map_server.cpp:[m[K In member function ‘[01m[Kvoid MoveToMapActionServer::spawn_robot_at_position(float, float)[m[K’:
[01m[K/home/janhavi/MultiMapWormholes/src/switch_places/src/move_to_map_server.cpp:334:33:[m[K [01;31m[Kerror: [m[K‘[01m[Kload_file[m[K’ was not declared in this scope
  334 |         std::string model_xml = [01;31m[Kload_file[m[K(model_path);
      |                                 [01;31m[K^~~~~~~~~[m[K
gmake[2]: *** [CMakeFiles/move_to_map_server.dir/build.make:76: CMakeFiles/move_to_map_server.dir/src/move_to_map_server.cpp.o] Error 1
gmake[1]: *** [CMakeFiles/Makefile2:139: CMakeFiles/move_to_map_server.dir/all] Error 2
gmake: *** [Makefile:146: all] Error 2
