[0.009s] Invoking command in '/home/janhavi/MultiMapWormholes/build/switch_places': CMAKE_PREFIX_PATH=${CMAKE_PREFIX_PATH}:/opt/ros/humble /usr/bin/cmake --build /home/janhavi/MultiMapWormholes/build/switch_places -- -j12 -l12
[0.060s] [35m[1mConsolidate compiler generated dependencies of target move_to_map_server[0m
[0.069s] [ 50%] Built target move_to_map_client
[0.085s] [ 75%] [32mBuilding CXX object CMakeFiles/move_to_map_server.dir/src/move_to_map_server.cpp.o[0m
[1.989s] [01m[K/home/janhavi/MultiMapWormholes/src/switch_places/src/move_to_map_server.cpp:[m[K In member function ‘[01m[Kvoid MoveToMapActionServer::switch_map(const string&)[m[K’:
[1.989s] [01m[K/home/janhavi/MultiMapWormholes/src/switch_places/src/move_to_map_server.cpp:180:38:[m[K [01;31m[Kerror: [m[Kvoid value not ignored as it ought to be
[1.989s]   180 |         bool res = [01;31m[Kdelete_robot_model()[m[K;
[1.989s]       |                    [01;31m[K~~~~~~~~~~~~~~~~~~^~[m[K
[1.990s] [01m[K/home/janhavi/MultiMapWormholes/src/switch_places/src/move_to_map_server.cpp:221:44:[m[K [01;31m[Kerror: [m[Kvoid value not ignored as it ought to be
[1.990s]   221 |         bool res3 = [01;31m[Kspawn_robot_at_position(wormhole_x, wormhole_y)[m[K;
[1.990s]       |                     [01;31m[K~~~~~~~~~~~~~~~~~~~~~~~^~~~~~~~~~~~~~~~~~~~~~~~[m[K
[2.001s] [01m[K/home/janhavi/MultiMapWormholes/src/switch_places/src/move_to_map_server.cpp:[m[K In member function ‘[01m[Kbool MoveToMapActionServer::load_new_map(const string&)[m[K’:
[2.001s] [01m[K/home/janhavi/MultiMapWormholes/src/switch_places/src/move_to_map_server.cpp:255:9:[m[K [01;31m[Kerror: [m[K‘[01m[Kmap_load_promise[m[K’ was not declared in this scope
[2.001s]   255 |         [01;31m[Kmap_load_promise[m[K = std::promise<bool>();
[2.001s]       |         [01;31m[K^~~~~~~~~~~~~~~~[m[K
[2.005s] [01m[K/home/janhavi/MultiMapWormholes/src/switch_places/src/move_to_map_server.cpp:259:14:[m[K [01;31m[Kerror: [m[Kconflicting declaration ‘[01m[Kauto future_result[m[K’
[2.005s]   259 |         auto [01;31m[Kfuture_result[m[K = load_map_client->async_send_request(request,
[2.006s]       |              [01;31m[K^~~~~~~~~~~~~[m[K
[2.006s] [01m[K/home/janhavi/MultiMapWormholes/src/switch_places/src/move_to_map_server.cpp:256:27:[m[K [01;36m[Knote: [m[Kprevious declaration as ‘[01m[Kstd::future<bool> future_result[m[K’
[2.006s]   256 |         std::future<bool> [01;36m[Kfuture_result[m[K = map_load_promise.get_future();
[2.006s]       |                           [01;36m[K^~~~~~~~~~~~~[m[K
[2.021s] [01m[K/home/janhavi/MultiMapWormholes/src/switch_places/src/move_to_map_server.cpp:[m[K In member function ‘[01m[Kvoid MoveToMapActionServer::spawn_robot_at_position(float, float)[m[K’:
[2.021s] [01m[K/home/janhavi/MultiMapWormholes/src/switch_places/src/move_to_map_server.cpp:334:33:[m[K [01;31m[Kerror: [m[K‘[01m[Kload_file[m[K’ was not declared in this scope
[2.021s]   334 |         std::string model_xml = [01;31m[Kload_file[m[K(model_path);
[2.022s]       |                                 [01;31m[K^~~~~~~~~[m[K
[3.206s] gmake[2]: *** [CMakeFiles/move_to_map_server.dir/build.make:76: CMakeFiles/move_to_map_server.dir/src/move_to_map_server.cpp.o] Error 1
[3.206s] gmake[1]: *** [CMakeFiles/Makefile2:139: CMakeFiles/move_to_map_server.dir/all] Error 2
[3.207s] gmake: *** [Makefile:146: all] Error 2
[3.208s] Invoked command in '/home/janhavi/MultiMapWormholes/build/switch_places' returned '2': CMAKE_PREFIX_PATH=${CMAKE_PREFIX_PATH}:/opt/ros/humble /usr/bin/cmake --build /home/janhavi/MultiMapWormholes/build/switch_places -- -j12 -l12
