[0.007s] Invoking command in '/home/janhavi/MultiMapWormholes/build/switch_places_msgs': CMAKE_PREFIX_PATH=${CMAKE_PREFIX_PATH}:/opt/ros/humble /usr/bin/cmake --build /home/janhavi/MultiMapWormholes/build/switch_places_msgs -- -j12 -l12
[0.059s] [  3%] Built target switch_places_msgs__cpp
[0.062s] [ 12%] Built target switch_places_msgs__rosidl_generator_c
[0.070s] [ 12%] Built target ament_cmake_python_copy_switch_places_msgs
[0.078s] [ 22%] Built target switch_places_msgs__rosidl_typesupport_introspection_cpp
[0.078s] [ 32%] Built target switch_places_msgs__rosidl_typesupport_introspection_c
[0.081s] [ 41%] Built target switch_places_msgs__rosidl_typesupport_fastrtps_cpp
[0.081s] [ 51%] Built target switch_places_msgs__rosidl_typesupport_fastrtps_c
[0.082s] [ 70%] Built target switch_places_msgs__rosidl_typesupport_c
[0.082s] [ 70%] Built target switch_places_msgs__rosidl_typesupport_cpp
[0.102s] [ 70%] Built target switch_places_msgs
[0.118s] [ 74%] Built target switch_places_msgs__py
[0.141s] [ 80%] Built target switch_places_msgs__rosidl_generator_py
[0.162s] [ 87%] Built target switch_places_msgs__rosidl_typesupport_c__pyext
[0.163s] [100%] Built target switch_places_msgs__rosidl_typesupport_fastrtps_c__pyext
[0.163s] [100%] Built target switch_places_msgs__rosidl_typesupport_introspection_c__pyext
[0.226s] running egg_info
[0.243s] writing switch_places_msgs.egg-info/PKG-INFO
[0.244s] writing dependency_links to switch_places_msgs.egg-info/dependency_links.txt
[0.244s] writing top-level names to switch_places_msgs.egg-info/top_level.txt
[0.275s] reading manifest file 'switch_places_msgs.egg-info/SOURCES.txt'
[0.276s] writing manifest file 'switch_places_msgs.egg-info/SOURCES.txt'
[0.298s] [100%] Built target ament_cmake_python_build_switch_places_msgs_egg
[0.308s] Invoked command in '/home/janhavi/MultiMapWormholes/build/switch_places_msgs' returned '0': CMAKE_PREFIX_PATH=${CMAKE_PREFIX_PATH}:/opt/ros/humble /usr/bin/cmake --build /home/janhavi/MultiMapWormholes/build/switch_places_msgs -- -j12 -l12
[0.317s] Invoking command in '/home/janhavi/MultiMapWormholes/build/switch_places_msgs': CMAKE_PREFIX_PATH=${CMAKE_PREFIX_PATH}:/opt/ros/humble /usr/bin/cmake --install /home/janhavi/MultiMapWormholes/build/switch_places_msgs
[0.324s] -- Install configuration: ""
[0.324s] -- Up-to-date: /home/janhavi/MultiMapWormholes/install/switch_places_msgs/share/ament_index/resource_index/rosidl_interfaces/switch_places_msgs
[0.324s] -- Up-to-date: /home/janhavi/MultiMapWormholes/install/switch_places_msgs/include/switch_places_msgs/switch_places_msgs
[0.324s] -- Up-to-date: /home/janhavi/MultiMapWormholes/install/switch_places_msgs/include/switch_places_msgs/switch_places_msgs/action
[0.324s] -- Up-to-date: /home/janhavi/MultiMapWormholes/install/switch_places_msgs/include/switch_places_msgs/switch_places_msgs/action/detail
[0.324s] -- Up-to-date: /home/janhavi/MultiMapWormholes/install/switch_places_msgs/include/switch_places_msgs/switch_places_msgs/action/detail/move_to_map__functions.c
[0.324s] -- Up-to-date: /home/janhavi/MultiMapWormholes/install/switch_places_msgs/include/switch_places_msgs/switch_places_msgs/action/detail/move_to_map__functions.h
[0.325s] -- Up-to-date: /home/janhavi/MultiMapWormholes/install/switch_places_msgs/include/switch_places_msgs/switch_places_msgs/action/detail/move_to_map__struct.h
[0.325s] -- Up-to-date: /home/janhavi/MultiMapWormholes/install/switch_places_msgs/include/switch_places_msgs/switch_places_msgs/action/detail/move_to_map__type_support.h
[0.325s] -- Up-to-date: /home/janhavi/MultiMapWormholes/install/switch_places_msgs/include/switch_places_msgs/switch_places_msgs/action/move_to_map.h
[0.325s] -- Up-to-date: /home/janhavi/MultiMapWormholes/install/switch_places_msgs/include/switch_places_msgs/switch_places_msgs/msg
[0.325s] -- Up-to-date: /home/janhavi/MultiMapWormholes/install/switch_places_msgs/include/switch_places_msgs/switch_places_msgs/msg/rosidl_generator_c__visibility_control.h
[0.325s] -- Up-to-date: /home/janhavi/MultiMapWormholes/install/switch_places_msgs/share/switch_places_msgs/environment/library_path.sh
[0.325s] -- Up-to-date: /home/janhavi/MultiMapWormholes/install/switch_places_msgs/share/switch_places_msgs/environment/library_path.dsv
[0.325s] -- Up-to-date: /home/janhavi/MultiMapWormholes/install/switch_places_msgs/lib/libswitch_places_msgs__rosidl_generator_c.so
[0.325s] -- Up-to-date: /home/janhavi/MultiMapWormholes/install/switch_places_msgs/include/switch_places_msgs/switch_places_msgs
[0.325s] -- Up-to-date: /home/janhavi/MultiMapWormholes/install/switch_places_msgs/include/switch_places_msgs/switch_places_msgs/action
[0.325s] -- Up-to-date: /home/janhavi/MultiMapWormholes/install/switch_places_msgs/include/switch_places_msgs/switch_places_msgs/action/detail
[0.325s] -- Up-to-date: /home/janhavi/MultiMapWormholes/install/switch_places_msgs/include/switch_places_msgs/switch_places_msgs/action/detail/move_to_map__rosidl_typesupport_fastrtps_c.h
[0.325s] -- Up-to-date: /home/janhavi/MultiMapWormholes/install/switch_places_msgs/include/switch_places_msgs/switch_places_msgs/msg
[0.326s] -- Up-to-date: /home/janhavi/MultiMapWormholes/install/switch_places_msgs/include/switch_places_msgs/switch_places_msgs/msg/rosidl_typesupport_fastrtps_c__visibility_control.h
[0.326s] -- Up-to-date: /home/janhavi/MultiMapWormholes/install/switch_places_msgs/lib/libswitch_places_msgs__rosidl_typesupport_fastrtps_c.so
[0.326s] -- Up-to-date: /home/janhavi/MultiMapWormholes/install/switch_places_msgs/include/switch_places_msgs/switch_places_msgs
[0.326s] -- Up-to-date: /home/janhavi/MultiMapWormholes/install/switch_places_msgs/include/switch_places_msgs/switch_places_msgs/action
[0.326s] -- Up-to-date: /home/janhavi/MultiMapWormholes/install/switch_places_msgs/include/switch_places_msgs/switch_places_msgs/action/move_to_map.hpp
[0.326s] -- Up-to-date: /home/janhavi/MultiMapWormholes/install/switch_places_msgs/include/switch_places_msgs/switch_places_msgs/action/detail
[0.326s] -- Up-to-date: /home/janhavi/MultiMapWormholes/install/switch_places_msgs/include/switch_places_msgs/switch_places_msgs/action/detail/move_to_map__struct.hpp
[0.326s] -- Up-to-date: /home/janhavi/MultiMapWormholes/install/switch_places_msgs/include/switch_places_msgs/switch_places_msgs/action/detail/move_to_map__builder.hpp
[0.326s] -- Up-to-date: /home/janhavi/MultiMapWormholes/install/switch_places_msgs/include/switch_places_msgs/switch_places_msgs/action/detail/move_to_map__traits.hpp
[0.326s] -- Up-to-date: /home/janhavi/MultiMapWormholes/install/switch_places_msgs/include/switch_places_msgs/switch_places_msgs/action/detail/move_to_map__type_support.hpp
[0.326s] -- Up-to-date: /home/janhavi/MultiMapWormholes/install/switch_places_msgs/include/switch_places_msgs/switch_places_msgs/msg
[0.326s] -- Up-to-date: /home/janhavi/MultiMapWormholes/install/switch_places_msgs/include/switch_places_msgs/switch_places_msgs/msg/rosidl_generator_cpp__visibility_control.hpp
[0.326s] -- Up-to-date: /home/janhavi/MultiMapWormholes/install/switch_places_msgs/include/switch_places_msgs/switch_places_msgs
[0.326s] -- Up-to-date: /home/janhavi/MultiMapWormholes/install/switch_places_msgs/include/switch_places_msgs/switch_places_msgs/action
[0.327s] -- Up-to-date: /home/janhavi/MultiMapWormholes/install/switch_places_msgs/include/switch_places_msgs/switch_places_msgs/action/detail
[0.327s] -- Up-to-date: /home/janhavi/MultiMapWormholes/install/switch_places_msgs/include/switch_places_msgs/switch_places_msgs/action/detail/dds_fastrtps
[0.327s] -- Up-to-date: /home/janhavi/MultiMapWormholes/install/switch_places_msgs/include/switch_places_msgs/switch_places_msgs/action/detail/move_to_map__rosidl_typesupport_fastrtps_cpp.hpp
[0.327s] -- Up-to-date: /home/janhavi/MultiMapWormholes/install/switch_places_msgs/include/switch_places_msgs/switch_places_msgs/msg
[0.327s] -- Up-to-date: /home/janhavi/MultiMapWormholes/install/switch_places_msgs/include/switch_places_msgs/switch_places_msgs/msg/rosidl_typesupport_fastrtps_cpp__visibility_control.h
[0.327s] -- Up-to-date: /home/janhavi/MultiMapWormholes/install/switch_places_msgs/lib/libswitch_places_msgs__rosidl_typesupport_fastrtps_cpp.so
[0.327s] -- Up-to-date: /home/janhavi/MultiMapWormholes/install/switch_places_msgs/include/switch_places_msgs/switch_places_msgs
[0.327s] -- Up-to-date: /home/janhavi/MultiMapWormholes/install/switch_places_msgs/include/switch_places_msgs/switch_places_msgs/action
[0.327s] -- Up-to-date: /home/janhavi/MultiMapWormholes/install/switch_places_msgs/include/switch_places_msgs/switch_places_msgs/action/detail
[0.327s] -- Up-to-date: /home/janhavi/MultiMapWormholes/install/switch_places_msgs/include/switch_places_msgs/switch_places_msgs/action/detail/move_to_map__type_support.c
[0.327s] -- Up-to-date: /home/janhavi/MultiMapWormholes/install/switch_places_msgs/include/switch_places_msgs/switch_places_msgs/action/detail/move_to_map__rosidl_typesupport_introspection_c.h
[0.327s] -- Up-to-date: /home/janhavi/MultiMapWormholes/install/switch_places_msgs/include/switch_places_msgs/switch_places_msgs/msg
[0.327s] -- Up-to-date: /home/janhavi/MultiMapWormholes/install/switch_places_msgs/include/switch_places_msgs/switch_places_msgs/msg/rosidl_typesupport_introspection_c__visibility_control.h
[0.327s] -- Up-to-date: /home/janhavi/MultiMapWormholes/install/switch_places_msgs/lib/libswitch_places_msgs__rosidl_typesupport_introspection_c.so
[0.327s] -- Up-to-date: /home/janhavi/MultiMapWormholes/install/switch_places_msgs/lib/libswitch_places_msgs__rosidl_typesupport_c.so
[0.328s] -- Up-to-date: /home/janhavi/MultiMapWormholes/install/switch_places_msgs/include/switch_places_msgs/switch_places_msgs
[0.328s] -- Up-to-date: /home/janhavi/MultiMapWormholes/install/switch_places_msgs/include/switch_places_msgs/switch_places_msgs/action
[0.328s] -- Up-to-date: /home/janhavi/MultiMapWormholes/install/switch_places_msgs/include/switch_places_msgs/switch_places_msgs/action/detail
[0.328s] -- Up-to-date: /home/janhavi/MultiMapWormholes/install/switch_places_msgs/include/switch_places_msgs/switch_places_msgs/action/detail/move_to_map__type_support.cpp
[0.328s] -- Up-to-date: /home/janhavi/MultiMapWormholes/install/switch_places_msgs/include/switch_places_msgs/switch_places_msgs/action/detail/move_to_map__rosidl_typesupport_introspection_cpp.hpp
[0.328s] -- Up-to-date: /home/janhavi/MultiMapWormholes/install/switch_places_msgs/lib/libswitch_places_msgs__rosidl_typesupport_introspection_cpp.so
[0.328s] -- Up-to-date: /home/janhavi/MultiMapWormholes/install/switch_places_msgs/lib/libswitch_places_msgs__rosidl_typesupport_cpp.so
[0.328s] -- Up-to-date: /home/janhavi/MultiMapWormholes/install/switch_places_msgs/share/switch_places_msgs/environment/pythonpath.sh
[0.328s] -- Up-to-date: /home/janhavi/MultiMapWormholes/install/switch_places_msgs/share/switch_places_msgs/environment/pythonpath.dsv
[0.328s] -- Up-to-date: /home/janhavi/MultiMapWormholes/install/switch_places_msgs/local/lib/python3.10/dist-packages/switch_places_msgs-0.0.0-py3.10.egg-info
[0.328s] -- Installing: /home/janhavi/MultiMapWormholes/install/switch_places_msgs/local/lib/python3.10/dist-packages/switch_places_msgs-0.0.0-py3.10.egg-info/PKG-INFO
[0.328s] -- Installing: /home/janhavi/MultiMapWormholes/install/switch_places_msgs/local/lib/python3.10/dist-packages/switch_places_msgs-0.0.0-py3.10.egg-info/dependency_links.txt
[0.328s] -- Installing: /home/janhavi/MultiMapWormholes/install/switch_places_msgs/local/lib/python3.10/dist-packages/switch_places_msgs-0.0.0-py3.10.egg-info/SOURCES.txt
[0.328s] -- Installing: /home/janhavi/MultiMapWormholes/install/switch_places_msgs/local/lib/python3.10/dist-packages/switch_places_msgs-0.0.0-py3.10.egg-info/top_level.txt
[0.328s] -- Up-to-date: /home/janhavi/MultiMapWormholes/install/switch_places_msgs/local/lib/python3.10/dist-packages/switch_places_msgs
[0.328s] -- Up-to-date: /home/janhavi/MultiMapWormholes/install/switch_places_msgs/local/lib/python3.10/dist-packages/switch_places_msgs/_switch_places_msgs_s.ep.rosidl_typesupport_fastrtps_c.c
[0.329s] -- Up-to-date: /home/janhavi/MultiMapWormholes/install/switch_places_msgs/local/lib/python3.10/dist-packages/switch_places_msgs/action
[0.329s] -- Up-to-date: /home/janhavi/MultiMapWormholes/install/switch_places_msgs/local/lib/python3.10/dist-packages/switch_places_msgs/action/__init__.py
[0.329s] -- Up-to-date: /home/janhavi/MultiMapWormholes/install/switch_places_msgs/local/lib/python3.10/dist-packages/switch_places_msgs/action/_move_to_map.py
[0.329s] -- Up-to-date: /home/janhavi/MultiMapWormholes/install/switch_places_msgs/local/lib/python3.10/dist-packages/switch_places_msgs/action/_move_to_map_s.c
[0.329s] -- Up-to-date: /home/janhavi/MultiMapWormholes/install/switch_places_msgs/local/lib/python3.10/dist-packages/switch_places_msgs/_switch_places_msgs_s.ep.rosidl_typesupport_c.c
[0.329s] -- Up-to-date: /home/janhavi/MultiMapWormholes/install/switch_places_msgs/local/lib/python3.10/dist-packages/switch_places_msgs/libswitch_places_msgs__rosidl_generator_py.so
[0.329s] -- Up-to-date: /home/janhavi/MultiMapWormholes/install/switch_places_msgs/local/lib/python3.10/dist-packages/switch_places_msgs/switch_places_msgs_s__rosidl_typesupport_fastrtps_c.cpython-310-x86_64-linux-gnu.so
[0.329s] -- Up-to-date: /home/janhavi/MultiMapWormholes/install/switch_places_msgs/local/lib/python3.10/dist-packages/switch_places_msgs/switch_places_msgs_s__rosidl_typesupport_introspection_c.cpython-310-x86_64-linux-gnu.so
[0.329s] -- Up-to-date: /home/janhavi/MultiMapWormholes/install/switch_places_msgs/local/lib/python3.10/dist-packages/switch_places_msgs/switch_places_msgs_s__rosidl_typesupport_c.cpython-310-x86_64-linux-gnu.so
[0.329s] -- Up-to-date: /home/janhavi/MultiMapWormholes/install/switch_places_msgs/local/lib/python3.10/dist-packages/switch_places_msgs/__init__.py
[0.329s] -- Up-to-date: /home/janhavi/MultiMapWormholes/install/switch_places_msgs/local/lib/python3.10/dist-packages/switch_places_msgs/_switch_places_msgs_s.ep.rosidl_typesupport_introspection_c.c
[0.357s] Listing '/home/janhavi/MultiMapWormholes/install/switch_places_msgs/local/lib/python3.10/dist-packages/switch_places_msgs'...
[0.358s] Listing '/home/janhavi/MultiMapWormholes/install/switch_places_msgs/local/lib/python3.10/dist-packages/switch_places_msgs/action'...
[0.362s] -- Up-to-date: /home/janhavi/MultiMapWormholes/install/switch_places_msgs/local/lib/python3.10/dist-packages/switch_places_msgs/switch_places_msgs_s__rosidl_typesupport_fastrtps_c.cpython-310-x86_64-linux-gnu.so
[0.362s] -- Up-to-date: /home/janhavi/MultiMapWormholes/install/switch_places_msgs/local/lib/python3.10/dist-packages/switch_places_msgs/switch_places_msgs_s__rosidl_typesupport_introspection_c.cpython-310-x86_64-linux-gnu.so
[0.362s] -- Up-to-date: /home/janhavi/MultiMapWormholes/install/switch_places_msgs/local/lib/python3.10/dist-packages/switch_places_msgs/switch_places_msgs_s__rosidl_typesupport_c.cpython-310-x86_64-linux-gnu.so
[0.363s] -- Up-to-date: /home/janhavi/MultiMapWormholes/install/switch_places_msgs/lib/libswitch_places_msgs__rosidl_generator_py.so
[0.363s] -- Up-to-date: /home/janhavi/MultiMapWormholes/install/switch_places_msgs/share/switch_places_msgs/action/MoveToMap.idl
[0.363s] -- Up-to-date: /home/janhavi/MultiMapWormholes/install/switch_places_msgs/share/switch_places_msgs/action/MoveToMap.action
[0.363s] -- Up-to-date: /home/janhavi/MultiMapWormholes/install/switch_places_msgs/share/ament_index/resource_index/package_run_dependencies/switch_places_msgs
[0.363s] -- Up-to-date: /home/janhavi/MultiMapWormholes/install/switch_places_msgs/share/ament_index/resource_index/parent_prefix_path/switch_places_msgs
[0.363s] -- Up-to-date: /home/janhavi/MultiMapWormholes/install/switch_places_msgs/share/switch_places_msgs/environment/ament_prefix_path.sh
[0.363s] -- Up-to-date: /home/janhavi/MultiMapWormholes/install/switch_places_msgs/share/switch_places_msgs/environment/ament_prefix_path.dsv
[0.363s] -- Up-to-date: /home/janhavi/MultiMapWormholes/install/switch_places_msgs/share/switch_places_msgs/environment/path.sh
[0.363s] -- Up-to-date: /home/janhavi/MultiMapWormholes/install/switch_places_msgs/share/switch_places_msgs/environment/path.dsv
[0.364s] -- Up-to-date: /home/janhavi/MultiMapWormholes/install/switch_places_msgs/share/switch_places_msgs/local_setup.bash
[0.364s] -- Up-to-date: /home/janhavi/MultiMapWormholes/install/switch_places_msgs/share/switch_places_msgs/local_setup.sh
[0.364s] -- Up-to-date: /home/janhavi/MultiMapWormholes/install/switch_places_msgs/share/switch_places_msgs/local_setup.zsh
[0.364s] -- Up-to-date: /home/janhavi/MultiMapWormholes/install/switch_places_msgs/share/switch_places_msgs/local_setup.dsv
[0.364s] -- Installing: /home/janhavi/MultiMapWormholes/install/switch_places_msgs/share/switch_places_msgs/package.dsv
[0.364s] -- Up-to-date: /home/janhavi/MultiMapWormholes/install/switch_places_msgs/share/ament_index/resource_index/packages/switch_places_msgs
[0.364s] -- Up-to-date: /home/janhavi/MultiMapWormholes/install/switch_places_msgs/share/switch_places_msgs/cmake/export_switch_places_msgs__rosidl_generator_cExport.cmake
[0.364s] -- Up-to-date: /home/janhavi/MultiMapWormholes/install/switch_places_msgs/share/switch_places_msgs/cmake/export_switch_places_msgs__rosidl_generator_cExport-noconfig.cmake
[0.365s] -- Up-to-date: /home/janhavi/MultiMapWormholes/install/switch_places_msgs/share/switch_places_msgs/cmake/export_switch_places_msgs__rosidl_typesupport_fastrtps_cExport.cmake
[0.365s] -- Up-to-date: /home/janhavi/MultiMapWormholes/install/switch_places_msgs/share/switch_places_msgs/cmake/export_switch_places_msgs__rosidl_typesupport_fastrtps_cExport-noconfig.cmake
[0.365s] -- Up-to-date: /home/janhavi/MultiMapWormholes/install/switch_places_msgs/share/switch_places_msgs/cmake/export_switch_places_msgs__rosidl_generator_cppExport.cmake
[0.365s] -- Up-to-date: /home/janhavi/MultiMapWormholes/install/switch_places_msgs/share/switch_places_msgs/cmake/export_switch_places_msgs__rosidl_typesupport_fastrtps_cppExport.cmake
[0.365s] -- Up-to-date: /home/janhavi/MultiMapWormholes/install/switch_places_msgs/share/switch_places_msgs/cmake/export_switch_places_msgs__rosidl_typesupport_fastrtps_cppExport-noconfig.cmake
[0.365s] -- Up-to-date: /home/janhavi/MultiMapWormholes/install/switch_places_msgs/share/switch_places_msgs/cmake/switch_places_msgs__rosidl_typesupport_introspection_cExport.cmake
[0.365s] -- Up-to-date: /home/janhavi/MultiMapWormholes/install/switch_places_msgs/share/switch_places_msgs/cmake/switch_places_msgs__rosidl_typesupport_introspection_cExport-noconfig.cmake
[0.365s] -- Up-to-date: /home/janhavi/MultiMapWormholes/install/switch_places_msgs/share/switch_places_msgs/cmake/switch_places_msgs__rosidl_typesupport_cExport.cmake
[0.365s] -- Up-to-date: /home/janhavi/MultiMapWormholes/install/switch_places_msgs/share/switch_places_msgs/cmake/switch_places_msgs__rosidl_typesupport_cExport-noconfig.cmake
[0.365s] -- Up-to-date: /home/janhavi/MultiMapWormholes/install/switch_places_msgs/share/switch_places_msgs/cmake/switch_places_msgs__rosidl_typesupport_introspection_cppExport.cmake
[0.365s] -- Up-to-date: /home/janhavi/MultiMapWormholes/install/switch_places_msgs/share/switch_places_msgs/cmake/switch_places_msgs__rosidl_typesupport_introspection_cppExport-noconfig.cmake
[0.365s] -- Up-to-date: /home/janhavi/MultiMapWormholes/install/switch_places_msgs/share/switch_places_msgs/cmake/switch_places_msgs__rosidl_typesupport_cppExport.cmake
[0.365s] -- Up-to-date: /home/janhavi/MultiMapWormholes/install/switch_places_msgs/share/switch_places_msgs/cmake/switch_places_msgs__rosidl_typesupport_cppExport-noconfig.cmake
[0.365s] -- Up-to-date: /home/janhavi/MultiMapWormholes/install/switch_places_msgs/share/switch_places_msgs/cmake/export_switch_places_msgs__rosidl_generator_pyExport.cmake
[0.365s] -- Up-to-date: /home/janhavi/MultiMapWormholes/install/switch_places_msgs/share/switch_places_msgs/cmake/export_switch_places_msgs__rosidl_generator_pyExport-noconfig.cmake
[0.366s] -- Up-to-date: /home/janhavi/MultiMapWormholes/install/switch_places_msgs/share/switch_places_msgs/cmake/rosidl_cmake-extras.cmake
[0.366s] -- Up-to-date: /home/janhavi/MultiMapWormholes/install/switch_places_msgs/share/switch_places_msgs/cmake/ament_cmake_export_dependencies-extras.cmake
[0.366s] -- Up-to-date: /home/janhavi/MultiMapWormholes/install/switch_places_msgs/share/switch_places_msgs/cmake/ament_cmake_export_include_directories-extras.cmake
[0.366s] -- Up-to-date: /home/janhavi/MultiMapWormholes/install/switch_places_msgs/share/switch_places_msgs/cmake/ament_cmake_export_libraries-extras.cmake
[0.366s] -- Up-to-date: /home/janhavi/MultiMapWormholes/install/switch_places_msgs/share/switch_places_msgs/cmake/ament_cmake_export_targets-extras.cmake
[0.366s] -- Up-to-date: /home/janhavi/MultiMapWormholes/install/switch_places_msgs/share/switch_places_msgs/cmake/rosidl_cmake_export_typesupport_targets-extras.cmake
[0.366s] -- Up-to-date: /home/janhavi/MultiMapWormholes/install/switch_places_msgs/share/switch_places_msgs/cmake/rosidl_cmake_export_typesupport_libraries-extras.cmake
[0.366s] -- Up-to-date: /home/janhavi/MultiMapWormholes/install/switch_places_msgs/share/switch_places_msgs/cmake/switch_places_msgsConfig.cmake
[0.366s] -- Up-to-date: /home/janhavi/MultiMapWormholes/install/switch_places_msgs/share/switch_places_msgs/cmake/switch_places_msgsConfig-version.cmake
[0.366s] -- Up-to-date: /home/janhavi/MultiMapWormholes/install/switch_places_msgs/share/switch_places_msgs/package.xml
[0.368s] Invoked command in '/home/janhavi/MultiMapWormholes/build/switch_places_msgs' returned '0': CMAKE_PREFIX_PATH=${CMAKE_PREFIX_PATH}:/opt/ros/humble /usr/bin/cmake --install /home/janhavi/MultiMapWormholes/build/switch_places_msgs
