[0.008s] Invoking command in '/home/janhavi/MultiMapWormholes/build/switch_places': CMAKE_PREFIX_PATH=${CMAKE_PREFIX_PATH}:/opt/ros/humble /usr/bin/cmake --build /home/janhavi/MultiMapWormholes/build/switch_places -- -j12 -l12
[0.046s] [35m[1mConsolidate compiler generated dependencies of target move_to_map_server[0m
[0.059s] [ 50%] Built target move_to_map_client
[0.060s] [ 75%] [32mBuilding CXX object CMakeFiles/move_to_map_server.dir/src/move_to_map_server.cpp.o[0m
[1.975s] [01m[K/home/janhavi/MultiMapWormholes/src/switch_places/src/move_to_map_server.cpp:[m[K In member function ‘[01m[Kvoid MoveToMapActionServer::switch_map(const string&)[m[K’:
[1.975s] [01m[K/home/janhavi/MultiMapWormholes/src/switch_places/src/move_to_map_server.cpp:189:38:[m[K [01;31m[Kerror: [m[Kvoid value not ignored as it ought to be
[1.975s]   189 |         bool res = [01;31m[Kdelete_robot_model()[m[K;
[1.975s]       |                    [01;31m[K~~~~~~~~~~~~~~~~~~^~[m[K
[1.975s] [01m[K/home/janhavi/MultiMapWormholes/src/switch_places/src/move_to_map_server.cpp:230:44:[m[K [01;31m[Kerror: [m[Kvoid value not ignored as it ought to be
[1.975s]   230 |         bool res3 = [01;31m[Kspawn_robot_at_position(wormhole_x, wormhole_y)[m[K;
[1.975s]       |                     [01;31m[K~~~~~~~~~~~~~~~~~~~~~~~^~~~~~~~~~~~~~~~~~~~~~~~[m[K
[1.979s] [01m[K/home/janhavi/MultiMapWormholes/src/switch_places/src/move_to_map_server.cpp:[m[K In member function ‘[01m[Kbool MoveToMapActionServer::load_new_map(const string&)[m[K’:
[1.980s] [01m[K/home/janhavi/MultiMapWormholes/src/switch_places/src/move_to_map_server.cpp:271:14:[m[K [01;31m[Kerror: [m[Kconflicting declaration ‘[01m[Kauto future_result[m[K’
[1.980s]   271 |         auto [01;31m[Kfuture_result[m[K = load_map_client->async_send_request(request,
[1.980s]       |              [01;31m[K^~~~~~~~~~~~~[m[K
[1.980s] [01m[K/home/janhavi/MultiMapWormholes/src/switch_places/src/move_to_map_server.cpp:268:27:[m[K [01;36m[Knote: [m[Kprevious declaration as ‘[01m[Kstd::future<bool> future_result[m[K’
[1.980s]   268 |         std::future<bool> [01;36m[Kfuture_result[m[K = map_load_promise.get_future();
[1.980s]       |                           [01;36m[K^~~~~~~~~~~~~[m[K
[3.148s] gmake[2]: *** [CMakeFiles/move_to_map_server.dir/build.make:76: CMakeFiles/move_to_map_server.dir/src/move_to_map_server.cpp.o] Error 1
[3.148s] gmake[1]: *** [CMakeFiles/Makefile2:139: CMakeFiles/move_to_map_server.dir/all] Error 2
[3.148s] gmake: *** [Makefile:146: all] Error 2
[3.150s] Invoked command in '/home/janhavi/MultiMapWormholes/build/switch_places' returned '2': CMAKE_PREFIX_PATH=${CMAKE_PREFIX_PATH}:/opt/ros/humble /usr/bin/cmake --build /home/janhavi/MultiMapWormholes/build/switch_places -- -j12 -l12
