[0.009s] Invoking command in '/home/janhavi/MultiMapWormholes/build/switch_places': CMAKE_PREFIX_PATH=${CMAKE_PREFIX_PATH}:/opt/ros/humble /usr/bin/cmake --build /home/janhavi/MultiMapWormholes/build/switch_places -- -j12 -l12
[0.045s] [35m[1mConsolidate compiler generated dependencies of target move_to_map_server[0m
[0.058s] [ 50%] Built target move_to_map_client
[0.059s] [ 75%] [32mBuilding CXX object CMakeFiles/move_to_map_server.dir/src/move_to_map_server.cpp.o[0m
[1.705s] [01m[K/home/janhavi/MultiMapWormholes/src/switch_places/src/move_to_map_server.cpp:[m[K In member function ‘[01m[Kvoid MoveToMapActionServer::spawn_entity_callback(rclcpp::Client<gazebo_msgs::srv::SpawnEntity>::SharedPtr)[m[K’:
[1.705s] [01m[K/home/janhavi/MultiMapWormholes/src/switch_places/src/move_to_map_server.cpp:293:27:[m[K [01;31m[Kerror: [m[K‘[01m[Kclass rclcpp::Client<gazebo_msgs::srv::SpawnEntity>[m[K’ has no member named ‘[01m[Ksuccess[m[K’
[1.705s]   293 |             if (response->[01;31m[Ksuccess[m[K)
[1.705s]       |                           [01;31m[K^~~~~~~[m[K
[1.707s] [01m[K/home/janhavi/MultiMapWormholes/src/switch_places/src/move_to_map_server.cpp:[m[K In member function ‘[01m[Kvoid MoveToMapActionServer::spawn_robot_at_position(float, float)[m[K’:
[1.707s] [01m[K/home/janhavi/MultiMapWormholes/src/switch_places/src/move_to_map_server.cpp:339:62:[m[K [01;31m[Kerror: [m[Kno matching function for call to ‘[01m[Krclcpp::Client<gazebo_msgs::srv::SpawnEntity>::async_send_request(std::shared_ptr<gazebo_msgs::srv::SpawnEntity_Request_<std::allocator<void> > >&, std::_Bind_helper<false, void (MoveToMapActionServer::*)(std::shared_ptr<rclcpp::Client<gazebo_msgs::srv::SpawnEntity> >), MoveToMapActionServer*, const std::_Placeholder<1>&>::type)[m[K’
[1.707s]   339 |         auto future_result = [01;31m[Kspawn_client->async_send_request(request,[m[K
[1.708s]       |                              [01;31m[K~~~~~~~~~~~~~~~~~~~~~~~~~~~~~~~~^~~~~~~~~[m[K
[1.708s]   340 | [01;31m[K            std::bind(&MoveToMapActionServer::spawn_entity_callback, this, std::placeholders::_1))[m[K;
[1.708s]       |             [01;31m[K~~~~~~~~~~~~~~~~~~~~~~~~~~~~~~~~~~~~~~~~~~~~~~~~~~~~~~~~~~~~~~~~~~~~~~~~~~~~~~~~~~~~~~[m[K
[1.708s] In file included from [01m[K/opt/ros/humble/include/rclcpp/rclcpp/callback_group.hpp:24[m[K,
[1.708s]                  from [01m[K/opt/ros/humble/include/rclcpp/rclcpp/any_executable.hpp:20[m[K,
[1.708s]                  from [01m[K/opt/ros/humble/include/rclcpp/rclcpp/memory_strategy.hpp:25[m[K,
[1.708s]                  from [01m[K/opt/ros/humble/include/rclcpp/rclcpp/memory_strategies.hpp:18[m[K,
[1.708s]                  from [01m[K/opt/ros/humble/include/rclcpp/rclcpp/executor_options.hpp:20[m[K,
[1.708s]                  from [01m[K/opt/ros/humble/include/rclcpp/rclcpp/executor.hpp:37[m[K,
[1.708s]                  from [01m[K/opt/ros/humble/include/rclcpp/rclcpp/executors/multi_threaded_executor.hpp:25[m[K,
[1.708s]                  from [01m[K/opt/ros/humble/include/rclcpp/rclcpp/executors.hpp:21[m[K,
[1.708s]                  from [01m[K/opt/ros/humble/include/rclcpp/rclcpp/rclcpp.hpp:155[m[K,
[1.708s]                  from [01m[K/home/janhavi/MultiMapWormholes/src/switch_places/src/move_to_map_server.cpp:1[m[K:
[1.708s] [01m[K/opt/ros/humble/include/rclcpp/rclcpp/client.hpp:643:3:[m[K [01;36m[Knote: [m[Kcandidate: ‘[01m[Ktemplate<class CallbackT, typename std::enable_if<rclcpp::function_traits::same_arguments<CallbackT, std::function<void(std::shared_future<std::shared_ptr<gazebo_msgs::srv::SpawnEntity_Response_<std::allocator<void> > > >)> >::value, void>::type* <anonymous> > rclcpp::Client<ServiceT>::SharedFutureAndRequestId rclcpp::Client<ServiceT>::async_send_request(rclcpp::Client<ServiceT>::SharedRequest, CallbackT&&) [with CallbackT = CallbackT; typename std::enable_if<rclcpp::function_traits::same_arguments<CallbackT, std::function<void(std::shared_future<typename ServiceT::Response::SharedPtr>)> >::value>::type* <anonymous> = <anonymous>; ServiceT = gazebo_msgs::srv::SpawnEntity][m[K’
[1.708s]   643 |   [01;36m[Kasync_send_request[m[K(SharedRequest request, CallbackT && cb)
[1.708s]       |   [01;36m[K^~~~~~~~~~~~~~~~~~[m[K
[1.708s] [01m[K/opt/ros/humble/include/rclcpp/rclcpp/client.hpp:643:3:[m[K [01;36m[Knote: [m[K  template argument deduction/substitution failed:
[1.708s] [01m[K/opt/ros/humble/include/rclcpp/rclcpp/client.hpp:640:17:[m[K [01;31m[Kerror: [m[Kno type named ‘[01m[Ktype[m[K’ in ‘[01m[Kstruct std::enable_if<false, void>[m[K’
[1.709s]   640 |     >::type * = [01;31m[Knullptr[m[K
[1.709s]       |                 [01;31m[K^~~~~~~[m[K
[1.709s] [01m[K/opt/ros/humble/include/rclcpp/rclcpp/client.hpp:674:3:[m[K [01;36m[Knote: [m[Kcandidate: ‘[01m[Ktemplate<class CallbackT, typename std::enable_if<rclcpp::function_traits::same_arguments<CallbackT, std::function<void(std::shared_future<std::pair<std::shared_ptr<gazebo_msgs::srv::SpawnEntity_Request_<std::allocator<void> > >, std::shared_ptr<gazebo_msgs::srv::SpawnEntity_Response_<std::allocator<void> > > > >)> >::value, void>::type* <anonymous> > rclcpp::Client<ServiceT>::SharedFutureWithRequestAndRequestId rclcpp::Client<ServiceT>::async_send_request(rclcpp::Client<ServiceT>::SharedRequest, CallbackT&&) [with CallbackT = CallbackT; typename std::enable_if<rclcpp::function_traits::same_arguments<CallbackT, std::function<void(std::shared_future<std::pair<typename ServiceT::Request::SharedPtr, typename ServiceT::Response::SharedPtr> >)> >::value>::type* <anonymous> = <anonymous>; ServiceT = gazebo_msgs::srv::SpawnEntity][m[K’
[1.709s]   674 |   [01;36m[Kasync_send_request[m[K(SharedRequest request, CallbackT && cb)
[1.709s]       |   [01;36m[K^~~~~~~~~~~~~~~~~~[m[K
[1.709s] [01m[K/opt/ros/humble/include/rclcpp/rclcpp/client.hpp:674:3:[m[K [01;36m[Knote: [m[K  template argument deduction/substitution failed:
[1.709s] [01m[K/opt/ros/humble/include/rclcpp/rclcpp/client.hpp:671:17:[m[K [01;31m[Kerror: [m[Kno type named ‘[01m[Ktype[m[K’ in ‘[01m[Kstruct std::enable_if<false, void>[m[K’
[1.709s]   671 |     >::type * = [01;31m[Knullptr[m[K
[1.709s]       |                 [01;31m[K^~~~~~~[m[K
[1.709s] [01m[K/opt/ros/humble/include/rclcpp/rclcpp/client.hpp:608:3:[m[K [01;36m[Knote: [m[Kcandidate: ‘[01m[Krclcpp::Client<ServiceT>::FutureAndRequestId rclcpp::Client<ServiceT>::async_send_request(rclcpp::Client<ServiceT>::SharedRequest) [with ServiceT = gazebo_msgs::srv::SpawnEntity; rclcpp::Client<ServiceT>::SharedRequest = std::shared_ptr<gazebo_msgs::srv::SpawnEntity_Request_<std::allocator<void> > >][m[K’
[1.709s]   608 |   [01;36m[Kasync_send_request[m[K(SharedRequest request)
[1.709s]       |   [01;36m[K^~~~~~~~~~~~~~~~~~[m[K
[1.709s] [01m[K/opt/ros/humble/include/rclcpp/rclcpp/client.hpp:608:3:[m[K [01;36m[Knote: [m[K  candidate expects 1 argument, 2 provided
[2.798s] gmake[2]: *** [CMakeFiles/move_to_map_server.dir/build.make:76: CMakeFiles/move_to_map_server.dir/src/move_to_map_server.cpp.o] Error 1
[2.798s] gmake[1]: *** [CMakeFiles/Makefile2:139: CMakeFiles/move_to_map_server.dir/all] Error 2
[2.799s] gmake: *** [Makefile:146: all] Error 2
[2.801s] Invoked command in '/home/janhavi/MultiMapWormholes/build/switch_places' returned '2': CMAKE_PREFIX_PATH=${CMAKE_PREFIX_PATH}:/opt/ros/humble /usr/bin/cmake --build /home/janhavi/MultiMapWormholes/build/switch_places -- -j12 -l12
