[35m[1mConsolidate compiler generated dependencies of target move_to_map_client[0m
[35m[1mConsolidate compiler generated dependencies of target move_to_map_server[0m
[ 25%] [32mBuilding CXX object CMakeFiles/move_to_map_client.dir/src/move_to_map_client.cpp.o[0m
[ 50%] [32mBuilding CXX object CMakeFiles/move_to_map_server.dir/src/move_to_map_server.cpp.o[0m
[ 75%] [32m[1mLinking CXX executable move_to_map_client[0m
[ 75%] Built target move_to_map_client
[100%] [32m[1mLinking CXX executable move_to_map_server[0m
[100%] Built target move_to_map_server
-- Install configuration: ""
-- Execute custom install script
-- Symlinking: /home/janhavi/MultiMapWormholes/install/switch_places/lib/switch_places/move_to_map_server
-- Symlinking: /home/janhavi/MultiMapWormholes/install/switch_places/lib/switch_places/move_to_map_client
-- Symlinking: /home/janhavi/MultiMapWormholes/install/switch_places/share/ament_index/resource_index/package_run_dependencies/switch_places
-- Symlinking: /home/janhavi/MultiMapWormholes/install/switch_places/share/ament_index/resource_index/parent_prefix_path/switch_places
-- Symlinking: /home/janhavi/MultiMapWormholes/install/switch_places/share/switch_places/environment/ament_prefix_path.sh
-- Symlinking: /home/janhavi/MultiMapWormholes/install/switch_places/share/switch_places/environment/ament_prefix_path.dsv
-- Symlinking: /home/janhavi/MultiMapWormholes/install/switch_places/share/switch_places/environment/path.sh
-- Symlinking: /home/janhavi/MultiMapWormholes/install/switch_places/share/switch_places/environment/path.dsv
-- Symlinking: /home/janhavi/MultiMapWormholes/install/switch_places/share/switch_places/local_setup.bash
-- Symlinking: /home/janhavi/MultiMapWormholes/install/switch_places/share/switch_places/local_setup.sh
-- Symlinking: /home/janhavi/MultiMapWormholes/install/switch_places/share/switch_places/local_setup.zsh
-- Symlinking: /home/janhavi/MultiMapWormholes/install/switch_places/share/switch_places/local_setup.dsv
-- Symlinking: /home/janhavi/MultiMapWormholes/install/switch_places/share/switch_places/package.dsv
-- Symlinking: /home/janhavi/MultiMapWormholes/install/switch_places/share/ament_index/resource_index/packages/switch_places
-- Symlinking: /home/janhavi/MultiMapWormholes/install/switch_places/share/switch_places/cmake/switch_placesConfig.cmake
-- Symlinking: /home/janhavi/MultiMapWormholes/install/switch_places/share/switch_places/cmake/switch_placesConfig-version.cmake
-- Symlinking: /home/janhavi/MultiMapWormholes/install/switch_places/share/switch_places/package.xml
