[0.008s] Invoking command in '/home/janhavi/MultiMapWormholes/build/switch_places': CMAKE_PREFIX_PATH=${CMAKE_PREFIX_PATH}:/opt/ros/humble /usr/bin/cmake --build /home/janhavi/MultiMapWormholes/build/switch_places -- -j12 -l12
[0.045s] [35m[1mConsolidate compiler generated dependencies of target move_to_map_server[0m
[0.062s] [ 50%] Built target move_to_map_client
[0.065s] [ 75%] [32mBuilding CXX object CMakeFiles/move_to_map_server.dir/src/move_to_map_server.cpp.o[0m
[4.441s] [100%] [32m[1mLinking CXX executable move_to_map_server[0m
[4.765s] [100%] Built target move_to_map_server
[4.774s] Invoked command in '/home/janhavi/MultiMapWormholes/build/switch_places' returned '0': CMAKE_PREFIX_PATH=${CMAKE_PREFIX_PATH}:/opt/ros/humble /usr/bin/cmake --build /home/janhavi/MultiMapWormholes/build/switch_places -- -j12 -l12
[4.775s] Invoking command in '/home/janhavi/MultiMapWormholes/build/switch_places': CMAKE_PREFIX_PATH=${CMAKE_PREFIX_PATH}:/opt/ros/humble /usr/bin/cmake --install /home/janhavi/MultiMapWormholes/build/switch_places
[4.779s] -- Install configuration: ""
[4.780s] -- Execute custom install script
[4.780s] -- Up-to-date symlink: /home/janhavi/MultiMapWormholes/install/switch_places/lib/switch_places/move_to_map_server
[4.780s] -- Up-to-date symlink: /home/janhavi/MultiMapWormholes/install/switch_places/lib/switch_places/move_to_map_client
[4.780s] -- Up-to-date symlink: /home/janhavi/MultiMapWormholes/install/switch_places/share/ament_index/resource_index/package_run_dependencies/switch_places
[4.780s] -- Up-to-date symlink: /home/janhavi/MultiMapWormholes/install/switch_places/share/ament_index/resource_index/parent_prefix_path/switch_places
[4.780s] -- Up-to-date symlink: /home/janhavi/MultiMapWormholes/install/switch_places/share/switch_places/environment/ament_prefix_path.sh
[4.780s] -- Up-to-date symlink: /home/janhavi/MultiMapWormholes/install/switch_places/share/switch_places/environment/ament_prefix_path.dsv
[4.780s] -- Up-to-date symlink: /home/janhavi/MultiMapWormholes/install/switch_places/share/switch_places/environment/path.sh
[4.780s] -- Up-to-date symlink: /home/janhavi/MultiMapWormholes/install/switch_places/share/switch_places/environment/path.dsv
[4.780s] -- Up-to-date symlink: /home/janhavi/MultiMapWormholes/install/switch_places/share/switch_places/local_setup.bash
[4.780s] -- Up-to-date symlink: /home/janhavi/MultiMapWormholes/install/switch_places/share/switch_places/local_setup.sh
[4.781s] -- Up-to-date symlink: /home/janhavi/MultiMapWormholes/install/switch_places/share/switch_places/local_setup.zsh
[4.781s] -- Up-to-date symlink: /home/janhavi/MultiMapWormholes/install/switch_places/share/switch_places/local_setup.dsv
[4.781s] -- Symlinking: /home/janhavi/MultiMapWormholes/install/switch_places/share/switch_places/package.dsv
[4.787s] -- Up-to-date symlink: /home/janhavi/MultiMapWormholes/install/switch_places/share/ament_index/resource_index/packages/switch_places
[4.787s] -- Up-to-date symlink: /home/janhavi/MultiMapWormholes/install/switch_places/share/switch_places/cmake/switch_placesConfig.cmake
[4.787s] -- Up-to-date symlink: /home/janhavi/MultiMapWormholes/install/switch_places/share/switch_places/cmake/switch_placesConfig-version.cmake
[4.788s] -- Up-to-date symlink: /home/janhavi/MultiMapWormholes/install/switch_places/share/switch_places/package.xml
[4.789s] Invoked command in '/home/janhavi/MultiMapWormholes/build/switch_places' returned '0': CMAKE_PREFIX_PATH=${CMAKE_PREFIX_PATH}:/opt/ros/humble /usr/bin/cmake --install /home/janhavi/MultiMapWormholes/build/switch_places
