[0.057s] DEBUG:colcon:Command line arguments: ['/usr/bin/colcon', 'build']
[0.057s] DEBUG:colcon:Parsed command line arguments: Namespace(log_base=None, log_level=None, verb_name='build', build_base='build', install_base='install', merge_install=False, symlink_install=False, test_result_base=None, continue_on_error=False, executor='parallel', parallel_workers=12, event_handlers=None, ignore_user_meta=False, metas=['./colcon.meta'], base_paths=['.'], packages_ignore=None, packages_ignore_regex=None, paths=None, packages_up_to=None, packages_up_to_regex=None, packages_above=None, packages_above_and_dependencies=None, packages_above_depth=None, packages_select_by_dep=None, packages_skip_by_dep=None, packages_skip_up_to=None, packages_select_build_failed=False, packages_skip_build_finished=False, packages_select_test_failures=False, packages_skip_test_passed=False, packages_select=None, packages_skip=None, packages_select_regex=None, packages_skip_regex=None, packages_start=None, packages_end=None, allow_overriding=[], cmake_args=None, cmake_target=None, cmake_target_skip_unavailable=False, cmake_clean_cache=False, cmake_clean_first=False, cmake_force_configure=False, ament_cmake_args=None, catkin_cmake_args=None, catkin_skip_building_tests=False, verb_parser=<colcon_defaults.argument_parser.defaults.DefaultArgumentsDecorator object at 0x760de245e560>, verb_extension=<colcon_core.verb.build.BuildVerb object at 0x760de25e3e20>, main=<bound method BuildVerb.main of <colcon_core.verb.build.BuildVerb object at 0x760de25e3e20>>)
[0.078s] Level 1:colcon.colcon_core.package_discovery:discover_packages(colcon_meta) check parameters
[0.078s] Level 1:colcon.colcon_core.package_discovery:discover_packages(recursive) check parameters
[0.078s] Level 1:colcon.colcon_core.package_discovery:discover_packages(ignore) check parameters
[0.078s] Level 1:colcon.colcon_core.package_discovery:discover_packages(path) check parameters
[0.078s] Level 1:colcon.colcon_core.package_discovery:discover_packages(colcon_meta) discover
[0.078s] Level 1:colcon.colcon_core.package_discovery:discover_packages(recursive) discover
[0.078s] INFO:colcon.colcon_core.package_discovery:Crawling recursively for packages in '/home/janhavi/MultiMapWormholes'
[0.078s] Level 1:colcon.colcon_core.package_identification:_identify(.) by extensions ['ignore', 'ignore_ament_install']
[0.078s] Level 1:colcon.colcon_core.package_identification:_identify(.) by extension 'ignore'
[0.078s] Level 1:colcon.colcon_core.package_identification:_identify(.) by extension 'ignore_ament_install'
[0.078s] Level 1:colcon.colcon_core.package_identification:_identify(.) by extensions ['colcon_pkg']
[0.078s] Level 1:colcon.colcon_core.package_identification:_identify(.) by extension 'colcon_pkg'
[0.078s] Level 1:colcon.colcon_core.package_identification:_identify(.) by extensions ['colcon_meta']
[0.078s] Level 1:colcon.colcon_core.package_identification:_identify(.) by extension 'colcon_meta'
[0.078s] Level 1:colcon.colcon_core.package_identification:_identify(.) by extensions ['ros']
[0.078s] Level 1:colcon.colcon_core.package_identification:_identify(.) by extension 'ros'
[0.086s] Level 1:colcon.colcon_core.package_identification:_identify(.) by extensions ['cmake', 'python']
[0.087s] Level 1:colcon.colcon_core.package_identification:_identify(.) by extension 'cmake'
[0.087s] Level 1:colcon.colcon_core.package_identification:_identify(.) by extension 'python'
[0.087s] Level 1:colcon.colcon_core.package_identification:_identify(.) by extensions ['python_setup_py']
[0.087s] Level 1:colcon.colcon_core.package_identification:_identify(.) by extension 'python_setup_py'
[0.087s] Level 1:colcon.colcon_core.package_identification:_identify(build) by extensions ['ignore', 'ignore_ament_install']
[0.087s] Level 1:colcon.colcon_core.package_identification:_identify(build) by extension 'ignore'
[0.087s] Level 1:colcon.colcon_core.package_identification:_identify(build) ignored
[0.087s] Level 1:colcon.colcon_core.package_identification:_identify(install) by extensions ['ignore', 'ignore_ament_install']
[0.087s] Level 1:colcon.colcon_core.package_identification:_identify(install) by extension 'ignore'
[0.087s] Level 1:colcon.colcon_core.package_identification:_identify(install) ignored
[0.087s] Level 1:colcon.colcon_core.package_identification:_identify(log) by extensions ['ignore', 'ignore_ament_install']
[0.087s] Level 1:colcon.colcon_core.package_identification:_identify(log) by extension 'ignore'
[0.087s] Level 1:colcon.colcon_core.package_identification:_identify(log) ignored
[0.087s] Level 1:colcon.colcon_core.package_identification:_identify(src) by extensions ['ignore', 'ignore_ament_install']
[0.087s] Level 1:colcon.colcon_core.package_identification:_identify(src) by extension 'ignore'
[0.087s] Level 1:colcon.colcon_core.package_identification:_identify(src) by extension 'ignore_ament_install'
[0.087s] Level 1:colcon.colcon_core.package_identification:_identify(src) by extensions ['colcon_pkg']
[0.087s] Level 1:colcon.colcon_core.package_identification:_identify(src) by extension 'colcon_pkg'
[0.087s] Level 1:colcon.colcon_core.package_identification:_identify(src) by extensions ['colcon_meta']
[0.087s] Level 1:colcon.colcon_core.package_identification:_identify(src) by extension 'colcon_meta'
[0.087s] Level 1:colcon.colcon_core.package_identification:_identify(src) by extensions ['ros']
[0.087s] Level 1:colcon.colcon_core.package_identification:_identify(src) by extension 'ros'
[0.087s] Level 1:colcon.colcon_core.package_identification:_identify(src) by extensions ['cmake', 'python']
[0.087s] Level 1:colcon.colcon_core.package_identification:_identify(src) by extension 'cmake'
[0.087s] Level 1:colcon.colcon_core.package_identification:_identify(src) by extension 'python'
[0.087s] Level 1:colcon.colcon_core.package_identification:_identify(src) by extensions ['python_setup_py']
[0.087s] Level 1:colcon.colcon_core.package_identification:_identify(src) by extension 'python_setup_py'
[0.087s] Level 1:colcon.colcon_core.package_identification:_identify(src/maps) by extensions ['ignore', 'ignore_ament_install']
[0.087s] Level 1:colcon.colcon_core.package_identification:_identify(src/maps) by extension 'ignore'
[0.087s] Level 1:colcon.colcon_core.package_identification:_identify(src/maps) by extension 'ignore_ament_install'
[0.087s] Level 1:colcon.colcon_core.package_identification:_identify(src/maps) by extensions ['colcon_pkg']
[0.087s] Level 1:colcon.colcon_core.package_identification:_identify(src/maps) by extension 'colcon_pkg'
[0.087s] Level 1:colcon.colcon_core.package_identification:_identify(src/maps) by extensions ['colcon_meta']
[0.087s] Level 1:colcon.colcon_core.package_identification:_identify(src/maps) by extension 'colcon_meta'
[0.087s] Level 1:colcon.colcon_core.package_identification:_identify(src/maps) by extensions ['ros']
[0.087s] Level 1:colcon.colcon_core.package_identification:_identify(src/maps) by extension 'ros'
[0.088s] Level 1:colcon.colcon_core.package_identification:_identify(src/maps) by extensions ['cmake', 'python']
[0.088s] Level 1:colcon.colcon_core.package_identification:_identify(src/maps) by extension 'cmake'
[0.088s] Level 1:colcon.colcon_core.package_identification:_identify(src/maps) by extension 'python'
[0.088s] Level 1:colcon.colcon_core.package_identification:_identify(src/maps) by extensions ['python_setup_py']
[0.088s] Level 1:colcon.colcon_core.package_identification:_identify(src/maps) by extension 'python_setup_py'
[0.088s] Level 1:colcon.colcon_core.package_identification:_identify(src/switch_places) by extensions ['ignore', 'ignore_ament_install']
[0.088s] Level 1:colcon.colcon_core.package_identification:_identify(src/switch_places) by extension 'ignore'
[0.088s] Level 1:colcon.colcon_core.package_identification:_identify(src/switch_places) by extension 'ignore_ament_install'
[0.088s] Level 1:colcon.colcon_core.package_identification:_identify(src/switch_places) by extensions ['colcon_pkg']
[0.088s] Level 1:colcon.colcon_core.package_identification:_identify(src/switch_places) by extension 'colcon_pkg'
[0.088s] Level 1:colcon.colcon_core.package_identification:_identify(src/switch_places) by extensions ['colcon_meta']
[0.088s] Level 1:colcon.colcon_core.package_identification:_identify(src/switch_places) by extension 'colcon_meta'
[0.088s] Level 1:colcon.colcon_core.package_identification:_identify(src/switch_places) by extensions ['ros']
[0.088s] Level 1:colcon.colcon_core.package_identification:_identify(src/switch_places) by extension 'ros'
[0.089s] DEBUG:colcon.colcon_core.package_identification:Package 'src/switch_places' with type 'ros.ament_cmake' and name 'switch_places'
[0.090s] Level 1:colcon.colcon_core.package_identification:_identify(src/switch_places_msgs) by extensions ['ignore', 'ignore_ament_install']
[0.090s] Level 1:colcon.colcon_core.package_identification:_identify(src/switch_places_msgs) by extension 'ignore'
[0.090s] Level 1:colcon.colcon_core.package_identification:_identify(src/switch_places_msgs) by extension 'ignore_ament_install'
[0.090s] Level 1:colcon.colcon_core.package_identification:_identify(src/switch_places_msgs) by extensions ['colcon_pkg']
[0.090s] Level 1:colcon.colcon_core.package_identification:_identify(src/switch_places_msgs) by extension 'colcon_pkg'
[0.090s] Level 1:colcon.colcon_core.package_identification:_identify(src/switch_places_msgs) by extensions ['colcon_meta']
[0.090s] Level 1:colcon.colcon_core.package_identification:_identify(src/switch_places_msgs) by extension 'colcon_meta'
[0.090s] Level 1:colcon.colcon_core.package_identification:_identify(src/switch_places_msgs) by extensions ['ros']
[0.090s] Level 1:colcon.colcon_core.package_identification:_identify(src/switch_places_msgs) by extension 'ros'
[0.090s] DEBUG:colcon.colcon_core.package_identification:Package 'src/switch_places_msgs' with type 'ros.ament_cmake' and name 'switch_places_msgs'
[0.090s] Level 1:colcon.colcon_core.package_discovery:discover_packages(recursive) using defaults
[0.090s] Level 1:colcon.colcon_core.package_discovery:discover_packages(ignore) discover
[0.090s] Level 1:colcon.colcon_core.package_discovery:discover_packages(ignore) using defaults
[0.090s] Level 1:colcon.colcon_core.package_discovery:discover_packages(path) discover
[0.090s] Level 1:colcon.colcon_core.package_discovery:discover_packages(path) using defaults
[0.101s] Level 1:colcon.colcon_core.package_discovery:discover_packages(prefix_path) check parameters
[0.102s] Level 1:colcon.colcon_core.package_discovery:discover_packages(prefix_path) discover
[0.102s] DEBUG:colcon.colcon_installed_package_information.package_discovery:Found 2 installed packages in /home/janhavi/MultiMapWormholes/install
[0.103s] DEBUG:colcon.colcon_installed_package_information.package_discovery:Found 388 installed packages in /opt/ros/humble
[0.104s] Level 1:colcon.colcon_core.package_discovery:discover_packages(prefix_path) using defaults
[0.127s] Level 5:colcon.colcon_core.verb:set package 'switch_places' build argument 'cmake_args' from command line to 'None'
[0.127s] Level 5:colcon.colcon_core.verb:set package 'switch_places' build argument 'cmake_target' from command line to 'None'
[0.127s] Level 5:colcon.colcon_core.verb:set package 'switch_places' build argument 'cmake_target_skip_unavailable' from command line to 'False'
[0.127s] Level 5:colcon.colcon_core.verb:set package 'switch_places' build argument 'cmake_clean_cache' from command line to 'False'
[0.127s] Level 5:colcon.colcon_core.verb:set package 'switch_places' build argument 'cmake_clean_first' from command line to 'False'
[0.127s] Level 5:colcon.colcon_core.verb:set package 'switch_places' build argument 'cmake_force_configure' from command line to 'False'
[0.127s] Level 5:colcon.colcon_core.verb:set package 'switch_places' build argument 'ament_cmake_args' from command line to 'None'
[0.127s] Level 5:colcon.colcon_core.verb:set package 'switch_places' build argument 'catkin_cmake_args' from command line to 'None'
[0.127s] Level 5:colcon.colcon_core.verb:set package 'switch_places' build argument 'catkin_skip_building_tests' from command line to 'False'
[0.127s] DEBUG:colcon.colcon_core.verb:Building package 'switch_places' with the following arguments: {'ament_cmake_args': None, 'build_base': '/home/janhavi/MultiMapWormholes/build/switch_places', 'catkin_cmake_args': None, 'catkin_skip_building_tests': False, 'cmake_args': None, 'cmake_clean_cache': False, 'cmake_clean_first': False, 'cmake_force_configure': False, 'cmake_target': None, 'cmake_target_skip_unavailable': False, 'install_base': '/home/janhavi/MultiMapWormholes/install/switch_places', 'merge_install': False, 'path': '/home/janhavi/MultiMapWormholes/src/switch_places', 'symlink_install': False, 'test_result_base': None}
[0.127s] Level 5:colcon.colcon_core.verb:set package 'switch_places_msgs' build argument 'cmake_args' from command line to 'None'
[0.127s] Level 5:colcon.colcon_core.verb:set package 'switch_places_msgs' build argument 'cmake_target' from command line to 'None'
[0.127s] Level 5:colcon.colcon_core.verb:set package 'switch_places_msgs' build argument 'cmake_target_skip_unavailable' from command line to 'False'
[0.127s] Level 5:colcon.colcon_core.verb:set package 'switch_places_msgs' build argument 'cmake_clean_cache' from command line to 'False'
[0.127s] Level 5:colcon.colcon_core.verb:set package 'switch_places_msgs' build argument 'cmake_clean_first' from command line to 'False'
[0.127s] Level 5:colcon.colcon_core.verb:set package 'switch_places_msgs' build argument 'cmake_force_configure' from command line to 'False'
[0.127s] Level 5:colcon.colcon_core.verb:set package 'switch_places_msgs' build argument 'ament_cmake_args' from command line to 'None'
[0.127s] Level 5:colcon.colcon_core.verb:set package 'switch_places_msgs' build argument 'catkin_cmake_args' from command line to 'None'
[0.127s] Level 5:colcon.colcon_core.verb:set package 'switch_places_msgs' build argument 'catkin_skip_building_tests' from command line to 'False'
[0.127s] DEBUG:colcon.colcon_core.verb:Building package 'switch_places_msgs' with the following arguments: {'ament_cmake_args': None, 'build_base': '/home/janhavi/MultiMapWormholes/build/switch_places_msgs', 'catkin_cmake_args': None, 'catkin_skip_building_tests': False, 'cmake_args': None, 'cmake_clean_cache': False, 'cmake_clean_first': False, 'cmake_force_configure': False, 'cmake_target': None, 'cmake_target_skip_unavailable': False, 'install_base': '/home/janhavi/MultiMapWormholes/install/switch_places_msgs', 'merge_install': False, 'path': '/home/janhavi/MultiMapWormholes/src/switch_places_msgs', 'symlink_install': False, 'test_result_base': None}
[0.127s] INFO:colcon.colcon_core.executor:Executing jobs using 'parallel' executor
[0.128s] DEBUG:colcon.colcon_parallel_executor.executor.parallel:run_until_complete
[0.128s] INFO:colcon.colcon_ros.task.ament_cmake.build:Building ROS package in '/home/janhavi/MultiMapWormholes/src/switch_places' with build type 'ament_cmake'
[0.128s] INFO:colcon.colcon_cmake.task.cmake.build:Building CMake package in '/home/janhavi/MultiMapWormholes/src/switch_places'
[0.129s] INFO:colcon.colcon_core.plugin_system:Skipping extension 'colcon_core.shell.bat': Not used on non-Windows systems
[0.129s] INFO:colcon.colcon_core.shell:Skip shell extension 'powershell' for command environment: Not usable outside of PowerShell
[0.130s] DEBUG:colcon.colcon_core.shell:Skip shell extension 'dsv' for command environment
[0.132s] INFO:colcon.colcon_ros.task.ament_cmake.build:Building ROS package in '/home/janhavi/MultiMapWormholes/src/switch_places_msgs' with build type 'ament_cmake'
[0.132s] INFO:colcon.colcon_cmake.task.cmake.build:Building CMake package in '/home/janhavi/MultiMapWormholes/src/switch_places_msgs'
[0.132s] INFO:colcon.colcon_core.shell:Skip shell extension 'powershell' for command environment: Not usable outside of PowerShell
[0.132s] DEBUG:colcon.colcon_core.shell:Skip shell extension 'dsv' for command environment
[0.137s] DEBUG:colcon.colcon_core.event_handler.log_command:Invoking command in '/home/janhavi/MultiMapWormholes/build/switch_places': CMAKE_PREFIX_PATH=${CMAKE_PREFIX_PATH}:/opt/ros/humble /usr/bin/cmake --build /home/janhavi/MultiMapWormholes/build/switch_places -- -j12 -l12
[0.140s] DEBUG:colcon.colcon_core.event_handler.log_command:Invoking command in '/home/janhavi/MultiMapWormholes/build/switch_places_msgs': CMAKE_PREFIX_PATH=${CMAKE_PREFIX_PATH}:/opt/ros/humble /usr/bin/cmake --build /home/janhavi/MultiMapWormholes/build/switch_places_msgs -- -j12 -l12
[0.391s] DEBUG:colcon.colcon_core.event_handler.log_command:Invoked command in '/home/janhavi/MultiMapWormholes/build/switch_places_msgs' returned '0': CMAKE_PREFIX_PATH=${CMAKE_PREFIX_PATH}:/opt/ros/humble /usr/bin/cmake --build /home/janhavi/MultiMapWormholes/build/switch_places_msgs -- -j12 -l12
[0.400s] DEBUG:colcon.colcon_core.event_handler.log_command:Invoking command in '/home/janhavi/MultiMapWormholes/build/switch_places_msgs': CMAKE_PREFIX_PATH=${CMAKE_PREFIX_PATH}:/opt/ros/humble /usr/bin/cmake --install /home/janhavi/MultiMapWormholes/build/switch_places_msgs
[0.451s] Level 1:colcon.colcon_core.environment:create_environment_scripts_only(switch_places_msgs)
[0.452s] DEBUG:colcon.colcon_core.event_handler.log_command:Invoked command in '/home/janhavi/MultiMapWormholes/build/switch_places_msgs' returned '0': CMAKE_PREFIX_PATH=${CMAKE_PREFIX_PATH}:/opt/ros/humble /usr/bin/cmake --install /home/janhavi/MultiMapWormholes/build/switch_places_msgs
[0.453s] Level 1:colcon.colcon_core.environment:checking '/home/janhavi/MultiMapWormholes/install/switch_places_msgs' for CMake module files
[0.454s] Level 1:colcon.colcon_core.environment:checking '/home/janhavi/MultiMapWormholes/install/switch_places_msgs' for CMake config files
[0.454s] Level 1:colcon.colcon_core.shell:create_environment_hook('switch_places_msgs', 'cmake_prefix_path')
[0.454s] INFO:colcon.colcon_core.shell:Creating environment hook '/home/janhavi/MultiMapWormholes/install/switch_places_msgs/share/switch_places_msgs/hook/cmake_prefix_path.ps1'
[0.455s] INFO:colcon.colcon_core.shell:Creating environment descriptor '/home/janhavi/MultiMapWormholes/install/switch_places_msgs/share/switch_places_msgs/hook/cmake_prefix_path.dsv'
[0.455s] INFO:colcon.colcon_core.shell:Creating environment hook '/home/janhavi/MultiMapWormholes/install/switch_places_msgs/share/switch_places_msgs/hook/cmake_prefix_path.sh'
[0.456s] Level 1:colcon.colcon_core.environment:checking '/home/janhavi/MultiMapWormholes/install/switch_places_msgs/lib'
[0.456s] Level 1:colcon.colcon_core.shell:create_environment_hook('switch_places_msgs', 'ld_library_path_lib')
[0.456s] INFO:colcon.colcon_core.shell:Creating environment hook '/home/janhavi/MultiMapWormholes/install/switch_places_msgs/share/switch_places_msgs/hook/ld_library_path_lib.ps1'
[0.456s] INFO:colcon.colcon_core.shell:Creating environment descriptor '/home/janhavi/MultiMapWormholes/install/switch_places_msgs/share/switch_places_msgs/hook/ld_library_path_lib.dsv'
[0.456s] INFO:colcon.colcon_core.shell:Creating environment hook '/home/janhavi/MultiMapWormholes/install/switch_places_msgs/share/switch_places_msgs/hook/ld_library_path_lib.sh'
[0.456s] Level 1:colcon.colcon_core.environment:checking '/home/janhavi/MultiMapWormholes/install/switch_places_msgs/bin'
[0.457s] Level 1:colcon.colcon_core.environment:checking '/home/janhavi/MultiMapWormholes/install/switch_places_msgs/lib/pkgconfig/switch_places_msgs.pc'
[0.457s] Level 1:colcon.colcon_core.environment:checking '/home/janhavi/MultiMapWormholes/install/switch_places_msgs/lib/python3.10/site-packages'
[0.457s] Level 1:colcon.colcon_core.environment:checking '/home/janhavi/MultiMapWormholes/install/switch_places_msgs/bin'
[0.457s] INFO:colcon.colcon_core.shell:Creating package script '/home/janhavi/MultiMapWormholes/install/switch_places_msgs/share/switch_places_msgs/package.ps1'
[0.457s] INFO:colcon.colcon_core.shell:Creating package descriptor '/home/janhavi/MultiMapWormholes/install/switch_places_msgs/share/switch_places_msgs/package.dsv'
[0.458s] INFO:colcon.colcon_core.shell:Creating package script '/home/janhavi/MultiMapWormholes/install/switch_places_msgs/share/switch_places_msgs/package.sh'
[0.458s] INFO:colcon.colcon_core.shell:Creating package script '/home/janhavi/MultiMapWormholes/install/switch_places_msgs/share/switch_places_msgs/package.bash'
[0.459s] INFO:colcon.colcon_core.shell:Creating package script '/home/janhavi/MultiMapWormholes/install/switch_places_msgs/share/switch_places_msgs/package.zsh'
[0.459s] Level 1:colcon.colcon_core.environment:create_file_with_runtime_dependencies(/home/janhavi/MultiMapWormholes/install/switch_places_msgs/share/colcon-core/packages/switch_places_msgs)
[0.460s] Level 1:colcon.colcon_core.environment:create_environment_scripts_only(switch_places_msgs)
[0.460s] Level 1:colcon.colcon_core.environment:checking '/home/janhavi/MultiMapWormholes/install/switch_places_msgs' for CMake module files
[0.460s] Level 1:colcon.colcon_core.environment:checking '/home/janhavi/MultiMapWormholes/install/switch_places_msgs' for CMake config files
[0.460s] Level 1:colcon.colcon_core.shell:create_environment_hook('switch_places_msgs', 'cmake_prefix_path')
[0.460s] INFO:colcon.colcon_core.shell:Creating environment hook '/home/janhavi/MultiMapWormholes/install/switch_places_msgs/share/switch_places_msgs/hook/cmake_prefix_path.ps1'
[0.461s] INFO:colcon.colcon_core.shell:Creating environment descriptor '/home/janhavi/MultiMapWormholes/install/switch_places_msgs/share/switch_places_msgs/hook/cmake_prefix_path.dsv'
[0.461s] INFO:colcon.colcon_core.shell:Creating environment hook '/home/janhavi/MultiMapWormholes/install/switch_places_msgs/share/switch_places_msgs/hook/cmake_prefix_path.sh'
[0.461s] Level 1:colcon.colcon_core.environment:checking '/home/janhavi/MultiMapWormholes/install/switch_places_msgs/lib'
[0.461s] Level 1:colcon.colcon_core.shell:create_environment_hook('switch_places_msgs', 'ld_library_path_lib')
[0.461s] INFO:colcon.colcon_core.shell:Creating environment hook '/home/janhavi/MultiMapWormholes/install/switch_places_msgs/share/switch_places_msgs/hook/ld_library_path_lib.ps1'
[0.462s] INFO:colcon.colcon_core.shell:Creating environment descriptor '/home/janhavi/MultiMapWormholes/install/switch_places_msgs/share/switch_places_msgs/hook/ld_library_path_lib.dsv'
[0.462s] INFO:colcon.colcon_core.shell:Creating environment hook '/home/janhavi/MultiMapWormholes/install/switch_places_msgs/share/switch_places_msgs/hook/ld_library_path_lib.sh'
[0.462s] Level 1:colcon.colcon_core.environment:checking '/home/janhavi/MultiMapWormholes/install/switch_places_msgs/bin'
[0.462s] Level 1:colcon.colcon_core.environment:checking '/home/janhavi/MultiMapWormholes/install/switch_places_msgs/lib/pkgconfig/switch_places_msgs.pc'
[0.462s] Level 1:colcon.colcon_core.environment:checking '/home/janhavi/MultiMapWormholes/install/switch_places_msgs/lib/python3.10/site-packages'
[0.462s] Level 1:colcon.colcon_core.environment:checking '/home/janhavi/MultiMapWormholes/install/switch_places_msgs/bin'
[0.462s] INFO:colcon.colcon_core.shell:Creating package script '/home/janhavi/MultiMapWormholes/install/switch_places_msgs/share/switch_places_msgs/package.ps1'
[0.463s] INFO:colcon.colcon_core.shell:Creating package descriptor '/home/janhavi/MultiMapWormholes/install/switch_places_msgs/share/switch_places_msgs/package.dsv'
[0.463s] INFO:colcon.colcon_core.shell:Creating package script '/home/janhavi/MultiMapWormholes/install/switch_places_msgs/share/switch_places_msgs/package.sh'
[0.463s] INFO:colcon.colcon_core.shell:Creating package script '/home/janhavi/MultiMapWormholes/install/switch_places_msgs/share/switch_places_msgs/package.bash'
[0.463s] INFO:colcon.colcon_core.shell:Creating package script '/home/janhavi/MultiMapWormholes/install/switch_places_msgs/share/switch_places_msgs/package.zsh'
[0.464s] Level 1:colcon.colcon_core.environment:create_file_with_runtime_dependencies(/home/janhavi/MultiMapWormholes/install/switch_places_msgs/share/colcon-core/packages/switch_places_msgs)
[2.883s] DEBUG:colcon.colcon_core.event_handler.log_command:Invoked command in '/home/janhavi/MultiMapWormholes/build/switch_places' returned '2': CMAKE_PREFIX_PATH=${CMAKE_PREFIX_PATH}:/opt/ros/humble /usr/bin/cmake --build /home/janhavi/MultiMapWormholes/build/switch_places -- -j12 -l12
[2.883s] Level 1:colcon.colcon_core.environment:create_environment_scripts_only(switch_places)
[2.884s] Level 1:colcon.colcon_core.environment:checking '/home/janhavi/MultiMapWormholes/install/switch_places' for CMake module files
[2.884s] Level 1:colcon.colcon_core.environment:checking '/home/janhavi/MultiMapWormholes/install/switch_places' for CMake config files
[2.885s] Level 1:colcon.colcon_core.shell:create_environment_hook('switch_places', 'cmake_prefix_path')
[2.885s] INFO:colcon.colcon_core.shell:Creating environment hook '/home/janhavi/MultiMapWormholes/install/switch_places/share/switch_places/hook/cmake_prefix_path.ps1'
[2.885s] INFO:colcon.colcon_core.shell:Creating environment descriptor '/home/janhavi/MultiMapWormholes/install/switch_places/share/switch_places/hook/cmake_prefix_path.dsv'
[2.886s] INFO:colcon.colcon_core.shell:Creating environment hook '/home/janhavi/MultiMapWormholes/install/switch_places/share/switch_places/hook/cmake_prefix_path.sh'
[2.886s] Level 1:colcon.colcon_core.environment:checking '/home/janhavi/MultiMapWormholes/install/switch_places/lib'
[2.886s] Level 1:colcon.colcon_core.environment:checking '/home/janhavi/MultiMapWormholes/install/switch_places/bin'
[2.886s] Level 1:colcon.colcon_core.environment:checking '/home/janhavi/MultiMapWormholes/install/switch_places/lib/pkgconfig/switch_places.pc'
[2.886s] Level 1:colcon.colcon_core.environment:checking '/home/janhavi/MultiMapWormholes/install/switch_places/lib/python3.10/site-packages'
[2.887s] Level 1:colcon.colcon_core.environment:checking '/home/janhavi/MultiMapWormholes/install/switch_places/bin'
[2.887s] INFO:colcon.colcon_core.shell:Creating package script '/home/janhavi/MultiMapWormholes/install/switch_places/share/switch_places/package.ps1'
[2.887s] INFO:colcon.colcon_core.shell:Creating package descriptor '/home/janhavi/MultiMapWormholes/install/switch_places/share/switch_places/package.dsv'
[2.888s] INFO:colcon.colcon_core.shell:Creating package script '/home/janhavi/MultiMapWormholes/install/switch_places/share/switch_places/package.sh'
[2.888s] INFO:colcon.colcon_core.shell:Creating package script '/home/janhavi/MultiMapWormholes/install/switch_places/share/switch_places/package.bash'
[2.888s] INFO:colcon.colcon_core.shell:Creating package script '/home/janhavi/MultiMapWormholes/install/switch_places/share/switch_places/package.zsh'
[2.889s] Level 1:colcon.colcon_core.environment:create_file_with_runtime_dependencies(/home/janhavi/MultiMapWormholes/install/switch_places/share/colcon-core/packages/switch_places)
[2.899s] DEBUG:colcon.colcon_parallel_executor.executor.parallel:closing loop
[2.899s] DEBUG:colcon.colcon_parallel_executor.executor.parallel:loop closed
[2.899s] DEBUG:colcon.colcon_parallel_executor.executor.parallel:run_until_complete finished with '2'
[2.899s] DEBUG:colcon.colcon_core.event_reactor:joining thread
[2.904s] INFO:colcon.colcon_core.plugin_system:Skipping extension 'colcon_notification.desktop_notification.terminal_notifier': Not used on non-Darwin systems
[2.904s] INFO:colcon.colcon_core.plugin_system:Skipping extension 'colcon_notification.desktop_notification.win32': Not used on non-Windows systems
[2.904s] INFO:colcon.colcon_notification.desktop_notification:Sending desktop notification using 'notify2'
[2.912s] DEBUG:colcon.colcon_core.event_reactor:joined thread
[2.913s] INFO:colcon.colcon_core.shell:Creating prefix script '/home/janhavi/MultiMapWormholes/install/local_setup.ps1'
[2.914s] INFO:colcon.colcon_core.shell:Creating prefix util module '/home/janhavi/MultiMapWormholes/install/_local_setup_util_ps1.py'
[2.915s] INFO:colcon.colcon_core.shell:Creating prefix chain script '/home/janhavi/MultiMapWormholes/install/setup.ps1'
[2.916s] INFO:colcon.colcon_core.shell:Creating prefix script '/home/janhavi/MultiMapWormholes/install/local_setup.sh'
[2.917s] INFO:colcon.colcon_core.shell:Creating prefix util module '/home/janhavi/MultiMapWormholes/install/_local_setup_util_sh.py'
[2.917s] INFO:colcon.colcon_core.shell:Creating prefix chain script '/home/janhavi/MultiMapWormholes/install/setup.sh'
[2.918s] INFO:colcon.colcon_core.shell:Creating prefix script '/home/janhavi/MultiMapWormholes/install/local_setup.bash'
[2.918s] INFO:colcon.colcon_core.shell:Creating prefix chain script '/home/janhavi/MultiMapWormholes/install/setup.bash'
[2.919s] INFO:colcon.colcon_core.shell:Creating prefix script '/home/janhavi/MultiMapWormholes/install/local_setup.zsh'
[2.920s] INFO:colcon.colcon_core.shell:Creating prefix chain script '/home/janhavi/MultiMapWormholes/install/setup.zsh'
