[0.006s] Invoking command in '/home/janhavi/MultiMapWormholes/build/switch_places': CMAKE_PREFIX_PATH=/opt/ros/humble /usr/bin/cmake /home/janhavi/MultiMapWormholes/src/switch_places -DAMENT_CMAKE_SYMLINK_INSTALL=1 -DCMAKE_INSTALL_PREFIX=/home/janhavi/MultiMapWormholes/install/switch_places
[0.016s] -- Found ament_cmake: 1.3.11 (/opt/ros/humble/share/ament_cmake/cmake)
[0.096s] -- Override CMake install command with custom implementation using symlinks instead of copying resources
[0.100s] -- Found rclcpp: 16.0.11 (/opt/ros/humble/share/rclcpp/cmake)
[0.116s] -- Found rosidl_generator_c: 3.1.6 (/opt/ros/humble/share/rosidl_generator_c/cmake)
[0.118s] -- Found rosidl_adapter: 3.1.6 (/opt/ros/humble/share/rosidl_adapter/cmake)
[0.121s] -- Found rosidl_generator_cpp: 3.1.6 (/opt/ros/humble/share/rosidl_generator_cpp/cmake)
[0.126s] -- Using all available rosidl_typesupport_c: rosidl_typesupport_fastrtps_c;rosidl_typesupport_introspection_c
[0.134s] -- Using all available rosidl_typesupport_cpp: rosidl_typesupport_fastrtps_cpp;rosidl_typesupport_introspection_cpp
[0.156s] -- Found rmw_implementation_cmake: 6.1.2 (/opt/ros/humble/share/rmw_implementation_cmake/cmake)
[0.156s] -- Found rmw_cyclonedds_cpp: 1.3.4 (/opt/ros/humble/share/rmw_cyclonedds_cpp/cmake)
[0.167s] -- Using RMW implementation 'rmw_cyclonedds_cpp' as default
[0.195s] -- Found nav2_common: 1.1.18 (/opt/ros/humble/share/nav2_common/cmake)
[0.195s] -- Found nav2_util: 1.1.18 (/opt/ros/humble/share/nav2_util/cmake)
[0.278s] -- Found eigen3_cmake_module: 0.1.1 (/opt/ros/humble/share/eigen3_cmake_module/cmake)
[0.279s] -- Ensuring Eigen3 include directory is part of orocos-kdl CMake target
[0.305s] -- Found gazebo_msgs: 3.9.0 (/opt/ros/humble/share/gazebo_msgs/cmake)
[0.326s] -- Found rosidl_default_generators: 1.2.0 (/opt/ros/humble/share/rosidl_default_generators/cmake)
[0.503s] -- Found ament_cmake_ros: 0.10.0 (/opt/ros/humble/share/ament_cmake_ros/cmake)
[0.720s] -- Using all available rosidl_typesupport_c: rosidl_typesupport_fastrtps_c;rosidl_typesupport_introspection_c
[0.800s] -- Using all available rosidl_typesupport_cpp: rosidl_typesupport_fastrtps_cpp;rosidl_typesupport_introspection_cpp
[0.821s] -- Found python_cmake_module: 0.10.0 (/opt/ros/humble/share/python_cmake_module/cmake)
[0.838s] -- Using PYTHON_EXECUTABLE: /usr/bin/python3
[0.838s] -- Using PYTHON_INCLUDE_DIRS: /usr/include/python3.10
[0.838s] -- Using PYTHON_LIBRARIES: /usr/lib/x86_64-linux-gnu/libpython3.10.so
[0.849s] -- Found ament_lint_auto: 0.12.11 (/opt/ros/humble/share/ament_lint_auto/cmake)
[0.864s] -- Added test 'cppcheck' to perform static code analysis on C / C++ code
[0.865s] -- Configured cppcheck include dirs: 
[0.865s] -- Configured cppcheck exclude dirs and/or files: 
[0.865s] -- Added test 'lint_cmake' to check CMake code style
[0.865s] -- Added test 'uncrustify' to check C / C++ code style
[0.865s] -- Configured uncrustify additional arguments: 
[0.865s] -- Added test 'xmllint' to check XML markup files
[0.867s] -- Configuring done
[0.898s] -- Generating done
[0.907s] -- Build files have been written to: /home/janhavi/MultiMapWormholes/build/switch_places
[0.916s] Invoked command in '/home/janhavi/MultiMapWormholes/build/switch_places' returned '0': CMAKE_PREFIX_PATH=/opt/ros/humble /usr/bin/cmake /home/janhavi/MultiMapWormholes/src/switch_places -DAMENT_CMAKE_SYMLINK_INSTALL=1 -DCMAKE_INSTALL_PREFIX=/home/janhavi/MultiMapWormholes/install/switch_places
[0.917s] Invoking command in '/home/janhavi/MultiMapWormholes/build/switch_places': CMAKE_PREFIX_PATH=/opt/ros/humble /usr/bin/cmake --build /home/janhavi/MultiMapWormholes/build/switch_places -- -j12 -l12
[0.953s] [  2%] [34m[1mGenerating C code for ROS interfaces[0m
[0.965s] [  5%] [32mBuilding CXX object CMakeFiles/move_to_map_client.dir/src/move_to_map_client.cpp.o[0m
[0.965s] [  8%] [34m[1mGenerating C++ code for ROS interfaces[0m
[0.969s] [ 11%] [32mBuilding CXX object CMakeFiles/move_to_map_server.dir/src/move_to_map_server.cpp.o[0m
[0.970s] [ 11%] Built target ament_cmake_python_symlink_switch_places
[1.098s] [01m[K/home/janhavi/MultiMapWormholes/src/switch_places/src/move_to_map_client.cpp:5:10:[m[K [01;31m[Kfatal error: [m[Kswitch_places/action/move_to_map.hpp: No such file or directory
[1.098s]     5 | #include [01;31m[K"switch_places/action/move_to_map.hpp"[m[K
[1.098s]       |          [01;31m[K^~~~~~~~~~~~~~~~~~~~~~~~~~~~~~~~~~~~~~[m[K
[1.098s] compilation terminated.
[1.099s] gmake[2]: *** [CMakeFiles/move_to_map_client.dir/build.make:76: CMakeFiles/move_to_map_client.dir/src/move_to_map_client.cpp.o] Error 1
[1.099s] gmake[1]: *** [CMakeFiles/Makefile2:620: CMakeFiles/move_to_map_client.dir/all] Error 2
[1.099s] gmake[1]: *** Waiting for unfinished jobs....
[1.155s] running egg_info
[1.173s] creating switch_places.egg-info
[1.173s] writing switch_places.egg-info/PKG-INFO
[1.173s] writing dependency_links to switch_places.egg-info/dependency_links.txt
[1.174s] writing top-level names to switch_places.egg-info/top_level.txt
[1.174s] writing manifest file 'switch_places.egg-info/SOURCES.txt'
[1.177s] [01m[K/home/janhavi/MultiMapWormholes/src/switch_places/src/move_to_map_server.cpp:2:10:[m[K [01;31m[Kfatal error: [m[Kswitch_places/action/move_to_map.hpp: No such file or directory
[1.178s]     2 | #include [01;31m[K"switch_places/action/move_to_map.hpp"[m[K
[1.178s]       |          [01;31m[K^~~~~~~~~~~~~~~~~~~~~~~~~~~~~~~~~~~~~~[m[K
[1.178s] compilation terminated.
[1.179s] gmake[2]: *** [CMakeFiles/move_to_map_server.dir/build.make:76: CMakeFiles/move_to_map_server.dir/src/move_to_map_server.cpp.o] Error 1
[1.180s] gmake[1]: *** [CMakeFiles/Makefile2:594: CMakeFiles/move_to_map_server.dir/all] Error 2
[1.210s] reading manifest file 'switch_places.egg-info/SOURCES.txt'
[1.211s] writing manifest file 'switch_places.egg-info/SOURCES.txt'
[1.235s] [ 11%] Built target ament_cmake_python_build_switch_places_egg
[1.335s] [ 11%] Built target switch_places__cpp
[1.411s] [ 14%] [32mBuilding C object CMakeFiles/switch_places__rosidl_generator_c.dir/rosidl_generator_c/switch_places/action/detail/move_to_map__functions.c.o[0m
[1.490s] [ 17%] [32m[1mLinking C shared library libswitch_places__rosidl_generator_c.so[0m
[1.514s] [ 17%] Built target switch_places__rosidl_generator_c
[1.515s] gmake: *** [Makefile:146: all] Error 2
[1.517s] Invoked command in '/home/janhavi/MultiMapWormholes/build/switch_places' returned '2': CMAKE_PREFIX_PATH=/opt/ros/humble /usr/bin/cmake --build /home/janhavi/MultiMapWormholes/build/switch_places -- -j12 -l12
