[0.009s] Invoking command in '/home/janhavi/MultiMapWormholes/build/switch_places_msgs': CMAKE_PREFIX_PATH=${CMAKE_PREFIX_PATH}:/opt/ros/humble /usr/bin/cmake --build /home/janhavi/MultiMapWormholes/build/switch_places_msgs -- -j12 -l12
[0.059s] [  3%] Built target switch_places_msgs__cpp
[0.060s] [ 12%] Built target switch_places_msgs__rosidl_generator_c
[0.068s] [ 12%] Built target ament_cmake_python_copy_switch_places_msgs
[0.079s] [ 22%] Built target switch_places_msgs__rosidl_typesupport_cpp
[0.080s] [ 32%] Built target switch_places_msgs__rosidl_typesupport_introspection_c
[0.080s] [ 41%] Built target switch_places_msgs__rosidl_typesupport_introspection_cpp
[0.081s] [ 61%] Built target switch_places_msgs__rosidl_typesupport_fastrtps_c
[0.081s] [ 61%] Built target switch_places_msgs__rosidl_typesupport_c
[0.081s] [ 70%] Built target switch_places_msgs__rosidl_typesupport_fastrtps_cpp
[0.101s] [ 70%] Built target switch_places_msgs
[0.123s] [ 74%] Built target switch_places_msgs__py
[0.146s] [ 80%] Built target switch_places_msgs__rosidl_generator_py
[0.165s] [ 90%] Built target switch_places_msgs__rosidl_typesupport_c__pyext
[0.166s] [ 93%] Built target switch_places_msgs__rosidl_typesupport_introspection_c__pyext
[0.167s] [100%] Built target switch_places_msgs__rosidl_typesupport_fastrtps_c__pyext
[0.260s] running egg_info
[0.269s] writing switch_places_msgs.egg-info/PKG-INFO
[0.270s] writing dependency_links to switch_places_msgs.egg-info/dependency_links.txt
[0.270s] writing top-level names to switch_places_msgs.egg-info/top_level.txt
[0.297s] reading manifest file 'switch_places_msgs.egg-info/SOURCES.txt'
[0.298s] writing manifest file 'switch_places_msgs.egg-info/SOURCES.txt'
[0.321s] [100%] Built target ament_cmake_python_build_switch_places_msgs_egg
[0.336s] Invoked command in '/home/janhavi/MultiMapWormholes/build/switch_places_msgs' returned '0': CMAKE_PREFIX_PATH=${CMAKE_PREFIX_PATH}:/opt/ros/humble /usr/bin/cmake --build /home/janhavi/MultiMapWormholes/build/switch_places_msgs -- -j12 -l12
[0.346s] Invoking command in '/home/janhavi/MultiMapWormholes/build/switch_places_msgs': CMAKE_PREFIX_PATH=${CMAKE_PREFIX_PATH}:/opt/ros/humble /usr/bin/cmake --install /home/janhavi/MultiMapWormholes/build/switch_places_msgs
[0.353s] -- Install configuration: ""
[0.354s] -- Up-to-date: /home/janhavi/MultiMapWormholes/install/switch_places_msgs/share/ament_index/resource_index/rosidl_interfaces/switch_places_msgs
[0.354s] -- Up-to-date: /home/janhavi/MultiMapWormholes/install/switch_places_msgs/include/switch_places_msgs/switch_places_msgs
[0.354s] -- Up-to-date: /home/janhavi/MultiMapWormholes/install/switch_places_msgs/include/switch_places_msgs/switch_places_msgs/action
[0.354s] -- Up-to-date: /home/janhavi/MultiMapWormholes/install/switch_places_msgs/include/switch_places_msgs/switch_places_msgs/action/detail
[0.354s] -- Up-to-date: /home/janhavi/MultiMapWormholes/install/switch_places_msgs/include/switch_places_msgs/switch_places_msgs/action/detail/move_to_map__functions.c
[0.354s] -- Up-to-date: /home/janhavi/MultiMapWormholes/install/switch_places_msgs/include/switch_places_msgs/switch_places_msgs/action/detail/move_to_map__functions.h
[0.354s] -- Up-to-date: /home/janhavi/MultiMapWormholes/install/switch_places_msgs/include/switch_places_msgs/switch_places_msgs/action/detail/move_to_map__struct.h
[0.354s] -- Up-to-date: /home/janhavi/MultiMapWormholes/install/switch_places_msgs/include/switch_places_msgs/switch_places_msgs/action/detail/move_to_map__type_support.h
[0.354s] -- Up-to-date: /home/janhavi/MultiMapWormholes/install/switch_places_msgs/include/switch_places_msgs/switch_places_msgs/action/move_to_map.h
[0.354s] -- Up-to-date: /home/janhavi/MultiMapWormholes/install/switch_places_msgs/include/switch_places_msgs/switch_places_msgs/msg
[0.354s] -- Up-to-date: /home/janhavi/MultiMapWormholes/install/switch_places_msgs/include/switch_places_msgs/switch_places_msgs/msg/rosidl_generator_c__visibility_control.h
[0.354s] -- Up-to-date: /home/janhavi/MultiMapWormholes/install/switch_places_msgs/share/switch_places_msgs/environment/library_path.sh
[0.355s] -- Up-to-date: /home/janhavi/MultiMapWormholes/install/switch_places_msgs/share/switch_places_msgs/environment/library_path.dsv
[0.355s] -- Up-to-date: /home/janhavi/MultiMapWormholes/install/switch_places_msgs/lib/libswitch_places_msgs__rosidl_generator_c.so
[0.355s] -- Up-to-date: /home/janhavi/MultiMapWormholes/install/switch_places_msgs/include/switch_places_msgs/switch_places_msgs
[0.355s] -- Up-to-date: /home/janhavi/MultiMapWormholes/install/switch_places_msgs/include/switch_places_msgs/switch_places_msgs/action
[0.356s] -- Up-to-date: /home/janhavi/MultiMapWormholes/install/switch_places_msgs/include/switch_places_msgs/switch_places_msgs/action/detail
[0.356s] -- Up-to-date: /home/janhavi/MultiMapWormholes/install/switch_places_msgs/include/switch_places_msgs/switch_places_msgs/action/detail/move_to_map__rosidl_typesupport_fastrtps_c.h
[0.356s] -- Up-to-date: /home/janhavi/MultiMapWormholes/install/switch_places_msgs/include/switch_places_msgs/switch_places_msgs/msg
[0.356s] -- Up-to-date: /home/janhavi/MultiMapWormholes/install/switch_places_msgs/include/switch_places_msgs/switch_places_msgs/msg/rosidl_typesupport_fastrtps_c__visibility_control.h
[0.356s] -- Up-to-date: /home/janhavi/MultiMapWormholes/install/switch_places_msgs/lib/libswitch_places_msgs__rosidl_typesupport_fastrtps_c.so
[0.356s] -- Up-to-date: /home/janhavi/MultiMapWormholes/install/switch_places_msgs/include/switch_places_msgs/switch_places_msgs
[0.356s] -- Up-to-date: /home/janhavi/MultiMapWormholes/install/switch_places_msgs/include/switch_places_msgs/switch_places_msgs/action
[0.356s] -- Up-to-date: /home/janhavi/MultiMapWormholes/install/switch_places_msgs/include/switch_places_msgs/switch_places_msgs/action/move_to_map.hpp
[0.357s] -- Up-to-date: /home/janhavi/MultiMapWormholes/install/switch_places_msgs/include/switch_places_msgs/switch_places_msgs/action/detail
[0.357s] -- Up-to-date: /home/janhavi/MultiMapWormholes/install/switch_places_msgs/include/switch_places_msgs/switch_places_msgs/action/detail/move_to_map__struct.hpp
[0.357s] -- Up-to-date: /home/janhavi/MultiMapWormholes/install/switch_places_msgs/include/switch_places_msgs/switch_places_msgs/action/detail/move_to_map__builder.hpp
[0.357s] -- Up-to-date: /home/janhavi/MultiMapWormholes/install/switch_places_msgs/include/switch_places_msgs/switch_places_msgs/action/detail/move_to_map__traits.hpp
[0.357s] -- Up-to-date: /home/janhavi/MultiMapWormholes/install/switch_places_msgs/include/switch_places_msgs/switch_places_msgs/action/detail/move_to_map__type_support.hpp
[0.357s] -- Up-to-date: /home/janhavi/MultiMapWormholes/install/switch_places_msgs/include/switch_places_msgs/switch_places_msgs/msg
[0.357s] -- Up-to-date: /home/janhavi/MultiMapWormholes/install/switch_places_msgs/include/switch_places_msgs/switch_places_msgs/msg/rosidl_generator_cpp__visibility_control.hpp
[0.357s] -- Up-to-date: /home/janhavi/MultiMapWormholes/install/switch_places_msgs/include/switch_places_msgs/switch_places_msgs
[0.357s] -- Up-to-date: /home/janhavi/MultiMapWormholes/install/switch_places_msgs/include/switch_places_msgs/switch_places_msgs/action
[0.357s] -- Up-to-date: /home/janhavi/MultiMapWormholes/install/switch_places_msgs/include/switch_places_msgs/switch_places_msgs/action/detail
[0.357s] -- Up-to-date: /home/janhavi/MultiMapWormholes/install/switch_places_msgs/include/switch_places_msgs/switch_places_msgs/action/detail/dds_fastrtps
[0.357s] -- Up-to-date: /home/janhavi/MultiMapWormholes/install/switch_places_msgs/include/switch_places_msgs/switch_places_msgs/action/detail/move_to_map__rosidl_typesupport_fastrtps_cpp.hpp
[0.358s] -- Up-to-date: /home/janhavi/MultiMapWormholes/install/switch_places_msgs/include/switch_places_msgs/switch_places_msgs/msg
[0.358s] -- Up-to-date: /home/janhavi/MultiMapWormholes/install/switch_places_msgs/include/switch_places_msgs/switch_places_msgs/msg/rosidl_typesupport_fastrtps_cpp__visibility_control.h
[0.358s] -- Up-to-date: /home/janhavi/MultiMapWormholes/install/switch_places_msgs/lib/libswitch_places_msgs__rosidl_typesupport_fastrtps_cpp.so
[0.358s] -- Up-to-date: /home/janhavi/MultiMapWormholes/install/switch_places_msgs/include/switch_places_msgs/switch_places_msgs
[0.358s] -- Up-to-date: /home/janhavi/MultiMapWormholes/install/switch_places_msgs/include/switch_places_msgs/switch_places_msgs/action
[0.358s] -- Up-to-date: /home/janhavi/MultiMapWormholes/install/switch_places_msgs/include/switch_places_msgs/switch_places_msgs/action/detail
[0.358s] -- Up-to-date: /home/janhavi/MultiMapWormholes/install/switch_places_msgs/include/switch_places_msgs/switch_places_msgs/action/detail/move_to_map__type_support.c
[0.358s] -- Up-to-date: /home/janhavi/MultiMapWormholes/install/switch_places_msgs/include/switch_places_msgs/switch_places_msgs/action/detail/move_to_map__rosidl_typesupport_introspection_c.h
[0.358s] -- Up-to-date: /home/janhavi/MultiMapWormholes/install/switch_places_msgs/include/switch_places_msgs/switch_places_msgs/msg
[0.358s] -- Up-to-date: /home/janhavi/MultiMapWormholes/install/switch_places_msgs/include/switch_places_msgs/switch_places_msgs/msg/rosidl_typesupport_introspection_c__visibility_control.h
[0.358s] -- Up-to-date: /home/janhavi/MultiMapWormholes/install/switch_places_msgs/lib/libswitch_places_msgs__rosidl_typesupport_introspection_c.so
[0.358s] -- Up-to-date: /home/janhavi/MultiMapWormholes/install/switch_places_msgs/lib/libswitch_places_msgs__rosidl_typesupport_c.so
[0.358s] -- Up-to-date: /home/janhavi/MultiMapWormholes/install/switch_places_msgs/include/switch_places_msgs/switch_places_msgs
[0.359s] -- Up-to-date: /home/janhavi/MultiMapWormholes/install/switch_places_msgs/include/switch_places_msgs/switch_places_msgs/action
[0.359s] -- Up-to-date: /home/janhavi/MultiMapWormholes/install/switch_places_msgs/include/switch_places_msgs/switch_places_msgs/action/detail
[0.359s] -- Up-to-date: /home/janhavi/MultiMapWormholes/install/switch_places_msgs/include/switch_places_msgs/switch_places_msgs/action/detail/move_to_map__type_support.cpp
[0.359s] -- Up-to-date: /home/janhavi/MultiMapWormholes/install/switch_places_msgs/include/switch_places_msgs/switch_places_msgs/action/detail/move_to_map__rosidl_typesupport_introspection_cpp.hpp
[0.359s] -- Up-to-date: /home/janhavi/MultiMapWormholes/install/switch_places_msgs/lib/libswitch_places_msgs__rosidl_typesupport_introspection_cpp.so
[0.359s] -- Up-to-date: /home/janhavi/MultiMapWormholes/install/switch_places_msgs/lib/libswitch_places_msgs__rosidl_typesupport_cpp.so
[0.359s] -- Up-to-date: /home/janhavi/MultiMapWormholes/install/switch_places_msgs/share/switch_places_msgs/environment/pythonpath.sh
[0.359s] -- Up-to-date: /home/janhavi/MultiMapWormholes/install/switch_places_msgs/share/switch_places_msgs/environment/pythonpath.dsv
[0.359s] -- Up-to-date: /home/janhavi/MultiMapWormholes/install/switch_places_msgs/local/lib/python3.10/dist-packages/switch_places_msgs-0.0.0-py3.10.egg-info
[0.359s] -- Installing: /home/janhavi/MultiMapWormholes/install/switch_places_msgs/local/lib/python3.10/dist-packages/switch_places_msgs-0.0.0-py3.10.egg-info/PKG-INFO
[0.359s] -- Installing: /home/janhavi/MultiMapWormholes/install/switch_places_msgs/local/lib/python3.10/dist-packages/switch_places_msgs-0.0.0-py3.10.egg-info/dependency_links.txt
[0.359s] -- Installing: /home/janhavi/MultiMapWormholes/install/switch_places_msgs/local/lib/python3.10/dist-packages/switch_places_msgs-0.0.0-py3.10.egg-info/SOURCES.txt
[0.359s] -- Installing: /home/janhavi/MultiMapWormholes/install/switch_places_msgs/local/lib/python3.10/dist-packages/switch_places_msgs-0.0.0-py3.10.egg-info/top_level.txt
[0.359s] -- Up-to-date: /home/janhavi/MultiMapWormholes/install/switch_places_msgs/local/lib/python3.10/dist-packages/switch_places_msgs
[0.359s] -- Up-to-date: /home/janhavi/MultiMapWormholes/install/switch_places_msgs/local/lib/python3.10/dist-packages/switch_places_msgs/_switch_places_msgs_s.ep.rosidl_typesupport_fastrtps_c.c
[0.360s] -- Up-to-date: /home/janhavi/MultiMapWormholes/install/switch_places_msgs/local/lib/python3.10/dist-packages/switch_places_msgs/action
[0.360s] -- Up-to-date: /home/janhavi/MultiMapWormholes/install/switch_places_msgs/local/lib/python3.10/dist-packages/switch_places_msgs/action/__init__.py
[0.360s] -- Up-to-date: /home/janhavi/MultiMapWormholes/install/switch_places_msgs/local/lib/python3.10/dist-packages/switch_places_msgs/action/_move_to_map.py
[0.360s] -- Up-to-date: /home/janhavi/MultiMapWormholes/install/switch_places_msgs/local/lib/python3.10/dist-packages/switch_places_msgs/action/_move_to_map_s.c
[0.360s] -- Up-to-date: /home/janhavi/MultiMapWormholes/install/switch_places_msgs/local/lib/python3.10/dist-packages/switch_places_msgs/_switch_places_msgs_s.ep.rosidl_typesupport_c.c
[0.360s] -- Up-to-date: /home/janhavi/MultiMapWormholes/install/switch_places_msgs/local/lib/python3.10/dist-packages/switch_places_msgs/libswitch_places_msgs__rosidl_generator_py.so
[0.360s] -- Up-to-date: /home/janhavi/MultiMapWormholes/install/switch_places_msgs/local/lib/python3.10/dist-packages/switch_places_msgs/switch_places_msgs_s__rosidl_typesupport_fastrtps_c.cpython-310-x86_64-linux-gnu.so
[0.360s] -- Up-to-date: /home/janhavi/MultiMapWormholes/install/switch_places_msgs/local/lib/python3.10/dist-packages/switch_places_msgs/switch_places_msgs_s__rosidl_typesupport_introspection_c.cpython-310-x86_64-linux-gnu.so
[0.360s] -- Up-to-date: /home/janhavi/MultiMapWormholes/install/switch_places_msgs/local/lib/python3.10/dist-packages/switch_places_msgs/switch_places_msgs_s__rosidl_typesupport_c.cpython-310-x86_64-linux-gnu.so
[0.360s] -- Up-to-date: /home/janhavi/MultiMapWormholes/install/switch_places_msgs/local/lib/python3.10/dist-packages/switch_places_msgs/__init__.py
[0.360s] -- Up-to-date: /home/janhavi/MultiMapWormholes/install/switch_places_msgs/local/lib/python3.10/dist-packages/switch_places_msgs/_switch_places_msgs_s.ep.rosidl_typesupport_introspection_c.c
[0.395s] Listing '/home/janhavi/MultiMapWormholes/install/switch_places_msgs/local/lib/python3.10/dist-packages/switch_places_msgs'...
[0.395s] Listing '/home/janhavi/MultiMapWormholes/install/switch_places_msgs/local/lib/python3.10/dist-packages/switch_places_msgs/action'...
[0.398s] -- Up-to-date: /home/janhavi/MultiMapWormholes/install/switch_places_msgs/local/lib/python3.10/dist-packages/switch_places_msgs/switch_places_msgs_s__rosidl_typesupport_fastrtps_c.cpython-310-x86_64-linux-gnu.so
[0.398s] -- Up-to-date: /home/janhavi/MultiMapWormholes/install/switch_places_msgs/local/lib/python3.10/dist-packages/switch_places_msgs/switch_places_msgs_s__rosidl_typesupport_introspection_c.cpython-310-x86_64-linux-gnu.so
[0.398s] -- Up-to-date: /home/janhavi/MultiMapWormholes/install/switch_places_msgs/local/lib/python3.10/dist-packages/switch_places_msgs/switch_places_msgs_s__rosidl_typesupport_c.cpython-310-x86_64-linux-gnu.so
[0.398s] -- Up-to-date: /home/janhavi/MultiMapWormholes/install/switch_places_msgs/lib/libswitch_places_msgs__rosidl_generator_py.so
[0.398s] -- Up-to-date: /home/janhavi/MultiMapWormholes/install/switch_places_msgs/share/switch_places_msgs/action/MoveToMap.idl
[0.398s] -- Up-to-date: /home/janhavi/MultiMapWormholes/install/switch_places_msgs/share/switch_places_msgs/action/MoveToMap.action
[0.399s] -- Up-to-date: /home/janhavi/MultiMapWormholes/install/switch_places_msgs/share/ament_index/resource_index/package_run_dependencies/switch_places_msgs
[0.399s] -- Up-to-date: /home/janhavi/MultiMapWormholes/install/switch_places_msgs/share/ament_index/resource_index/parent_prefix_path/switch_places_msgs
[0.399s] -- Up-to-date: /home/janhavi/MultiMapWormholes/install/switch_places_msgs/share/switch_places_msgs/environment/ament_prefix_path.sh
[0.399s] -- Up-to-date: /home/janhavi/MultiMapWormholes/install/switch_places_msgs/share/switch_places_msgs/environment/ament_prefix_path.dsv
[0.399s] -- Up-to-date: /home/janhavi/MultiMapWormholes/install/switch_places_msgs/share/switch_places_msgs/environment/path.sh
[0.399s] -- Up-to-date: /home/janhavi/MultiMapWormholes/install/switch_places_msgs/share/switch_places_msgs/environment/path.dsv
[0.399s] -- Up-to-date: /home/janhavi/MultiMapWormholes/install/switch_places_msgs/share/switch_places_msgs/local_setup.bash
[0.399s] -- Up-to-date: /home/janhavi/MultiMapWormholes/install/switch_places_msgs/share/switch_places_msgs/local_setup.sh
[0.399s] -- Up-to-date: /home/janhavi/MultiMapWormholes/install/switch_places_msgs/share/switch_places_msgs/local_setup.zsh
[0.400s] -- Up-to-date: /home/janhavi/MultiMapWormholes/install/switch_places_msgs/share/switch_places_msgs/local_setup.dsv
[0.400s] -- Installing: /home/janhavi/MultiMapWormholes/install/switch_places_msgs/share/switch_places_msgs/package.dsv
[0.400s] -- Up-to-date: /home/janhavi/MultiMapWormholes/install/switch_places_msgs/share/ament_index/resource_index/packages/switch_places_msgs
[0.400s] -- Up-to-date: /home/janhavi/MultiMapWormholes/install/switch_places_msgs/share/switch_places_msgs/cmake/export_switch_places_msgs__rosidl_generator_cExport.cmake
[0.400s] -- Up-to-date: /home/janhavi/MultiMapWormholes/install/switch_places_msgs/share/switch_places_msgs/cmake/export_switch_places_msgs__rosidl_generator_cExport-noconfig.cmake
[0.400s] -- Up-to-date: /home/janhavi/MultiMapWormholes/install/switch_places_msgs/share/switch_places_msgs/cmake/export_switch_places_msgs__rosidl_typesupport_fastrtps_cExport.cmake
[0.400s] -- Up-to-date: /home/janhavi/MultiMapWormholes/install/switch_places_msgs/share/switch_places_msgs/cmake/export_switch_places_msgs__rosidl_typesupport_fastrtps_cExport-noconfig.cmake
[0.400s] -- Up-to-date: /home/janhavi/MultiMapWormholes/install/switch_places_msgs/share/switch_places_msgs/cmake/export_switch_places_msgs__rosidl_generator_cppExport.cmake
[0.400s] -- Up-to-date: /home/janhavi/MultiMapWormholes/install/switch_places_msgs/share/switch_places_msgs/cmake/export_switch_places_msgs__rosidl_typesupport_fastrtps_cppExport.cmake
[0.400s] -- Up-to-date: /home/janhavi/MultiMapWormholes/install/switch_places_msgs/share/switch_places_msgs/cmake/export_switch_places_msgs__rosidl_typesupport_fastrtps_cppExport-noconfig.cmake
[0.400s] -- Up-to-date: /home/janhavi/MultiMapWormholes/install/switch_places_msgs/share/switch_places_msgs/cmake/switch_places_msgs__rosidl_typesupport_introspection_cExport.cmake
[0.400s] -- Up-to-date: /home/janhavi/MultiMapWormholes/install/switch_places_msgs/share/switch_places_msgs/cmake/switch_places_msgs__rosidl_typesupport_introspection_cExport-noconfig.cmake
[0.400s] -- Up-to-date: /home/janhavi/MultiMapWormholes/install/switch_places_msgs/share/switch_places_msgs/cmake/switch_places_msgs__rosidl_typesupport_cExport.cmake
[0.401s] -- Up-to-date: /home/janhavi/MultiMapWormholes/install/switch_places_msgs/share/switch_places_msgs/cmake/switch_places_msgs__rosidl_typesupport_cExport-noconfig.cmake
[0.401s] -- Up-to-date: /home/janhavi/MultiMapWormholes/install/switch_places_msgs/share/switch_places_msgs/cmake/switch_places_msgs__rosidl_typesupport_introspection_cppExport.cmake
[0.401s] -- Up-to-date: /home/janhavi/MultiMapWormholes/install/switch_places_msgs/share/switch_places_msgs/cmake/switch_places_msgs__rosidl_typesupport_introspection_cppExport-noconfig.cmake
[0.401s] -- Up-to-date: /home/janhavi/MultiMapWormholes/install/switch_places_msgs/share/switch_places_msgs/cmake/switch_places_msgs__rosidl_typesupport_cppExport.cmake
[0.401s] -- Up-to-date: /home/janhavi/MultiMapWormholes/install/switch_places_msgs/share/switch_places_msgs/cmake/switch_places_msgs__rosidl_typesupport_cppExport-noconfig.cmake
[0.401s] -- Up-to-date: /home/janhavi/MultiMapWormholes/install/switch_places_msgs/share/switch_places_msgs/cmake/export_switch_places_msgs__rosidl_generator_pyExport.cmake
[0.402s] -- Up-to-date: /home/janhavi/MultiMapWormholes/install/switch_places_msgs/share/switch_places_msgs/cmake/export_switch_places_msgs__rosidl_generator_pyExport-noconfig.cmake
[0.402s] -- Up-to-date: /home/janhavi/MultiMapWormholes/install/switch_places_msgs/share/switch_places_msgs/cmake/rosidl_cmake-extras.cmake
[0.402s] -- Up-to-date: /home/janhavi/MultiMapWormholes/install/switch_places_msgs/share/switch_places_msgs/cmake/ament_cmake_export_dependencies-extras.cmake
[0.403s] -- Up-to-date: /home/janhavi/MultiMapWormholes/install/switch_places_msgs/share/switch_places_msgs/cmake/ament_cmake_export_include_directories-extras.cmake
[0.403s] -- Up-to-date: /home/janhavi/MultiMapWormholes/install/switch_places_msgs/share/switch_places_msgs/cmake/ament_cmake_export_libraries-extras.cmake
[0.404s] -- Up-to-date: /home/janhavi/MultiMapWormholes/install/switch_places_msgs/share/switch_places_msgs/cmake/ament_cmake_export_targets-extras.cmake
[0.404s] -- Up-to-date: /home/janhavi/MultiMapWormholes/install/switch_places_msgs/share/switch_places_msgs/cmake/rosidl_cmake_export_typesupport_targets-extras.cmake
[0.404s] -- Up-to-date: /home/janhavi/MultiMapWormholes/install/switch_places_msgs/share/switch_places_msgs/cmake/rosidl_cmake_export_typesupport_libraries-extras.cmake
[0.405s] -- Up-to-date: /home/janhavi/MultiMapWormholes/install/switch_places_msgs/share/switch_places_msgs/cmake/switch_places_msgsConfig.cmake
[0.405s] -- Up-to-date: /home/janhavi/MultiMapWormholes/install/switch_places_msgs/share/switch_places_msgs/cmake/switch_places_msgsConfig-version.cmake
[0.405s] -- Up-to-date: /home/janhavi/MultiMapWormholes/install/switch_places_msgs/share/switch_places_msgs/package.xml
[0.406s] Invoked command in '/home/janhavi/MultiMapWormholes/build/switch_places_msgs' returned '0': CMAKE_PREFIX_PATH=${CMAKE_PREFIX_PATH}:/opt/ros/humble /usr/bin/cmake --install /home/janhavi/MultiMapWormholes/build/switch_places_msgs
