[0.008s] Invoking command in '/home/janhavi/MultiMapWormholes/build/switch_places_msgs': CMAKE_PREFIX_PATH=${CMAKE_PREFIX_PATH}:/opt/ros/humble /usr/bin/cmake --build /home/janhavi/MultiMapWormholes/build/switch_places_msgs -- -j12 -l12
[0.038s] [35m[1mConsolidate compiler generated dependencies of target switch_places_msgs__rosidl_generator_c[0m
[0.045s] [  9%] Built target switch_places_msgs__rosidl_generator_c
[0.047s] [ 12%] Built target switch_places_msgs__cpp
[0.052s] [35m[1mConsolidate compiler generated dependencies of target switch_places_msgs__rosidl_typesupport_fastrtps_c[0m
[0.054s] [35m[1mConsolidate compiler generated dependencies of target switch_places_msgs__rosidl_typesupport_fastrtps_cpp[0m
[0.054s] [ 12%] Built target ament_cmake_python_copy_switch_places_msgs
[0.054s] [35m[1mConsolidate compiler generated dependencies of target switch_places_msgs__rosidl_typesupport_c[0m
[0.054s] [35m[1mConsolidate compiler generated dependencies of target switch_places_msgs__rosidl_typesupport_introspection_c[0m
[0.056s] [35m[1mConsolidate compiler generated dependencies of target switch_places_msgs__rosidl_typesupport_cpp[0m
[0.057s] [35m[1mConsolidate compiler generated dependencies of target switch_places_msgs__rosidl_typesupport_introspection_cpp[0m
[0.063s] [ 29%] Built target switch_places_msgs__rosidl_typesupport_introspection_c
[0.063s] [ 32%] Built target switch_places_msgs__rosidl_typesupport_fastrtps_c
[0.065s] [ 48%] Built target switch_places_msgs__rosidl_typesupport_c
[0.065s] [ 51%] Built target switch_places_msgs__rosidl_typesupport_fastrtps_cpp
[0.067s] [ 61%] Built target switch_places_msgs__rosidl_typesupport_cpp
[0.070s] [ 70%] Built target switch_places_msgs__rosidl_typesupport_introspection_cpp
[0.086s] [ 70%] Built target switch_places_msgs
[0.102s] [ 74%] Built target switch_places_msgs__py
[0.110s] [35m[1mConsolidate compiler generated dependencies of target switch_places_msgs__rosidl_generator_py[0m
[0.122s] [ 80%] Built target switch_places_msgs__rosidl_generator_py
[0.131s] [35m[1mConsolidate compiler generated dependencies of target switch_places_msgs__rosidl_typesupport_introspection_c__pyext[0m
[0.132s] [35m[1mConsolidate compiler generated dependencies of target switch_places_msgs__rosidl_typesupport_fastrtps_c__pyext[0m
[0.132s] [35m[1mConsolidate compiler generated dependencies of target switch_places_msgs__rosidl_typesupport_c__pyext[0m
[0.141s] [ 87%] Built target switch_places_msgs__rosidl_typesupport_introspection_c__pyext
[0.143s] [100%] Built target switch_places_msgs__rosidl_typesupport_fastrtps_c__pyext
[0.143s] [100%] Built target switch_places_msgs__rosidl_typesupport_c__pyext
[0.250s] running egg_info
[0.258s] writing switch_places_msgs.egg-info/PKG-INFO
[0.258s] writing dependency_links to switch_places_msgs.egg-info/dependency_links.txt
[0.258s] writing top-level names to switch_places_msgs.egg-info/top_level.txt
[0.284s] reading manifest file 'switch_places_msgs.egg-info/SOURCES.txt'
[0.285s] writing manifest file 'switch_places_msgs.egg-info/SOURCES.txt'
[0.308s] [100%] Built target ament_cmake_python_build_switch_places_msgs_egg
[0.319s] Invoked command in '/home/janhavi/MultiMapWormholes/build/switch_places_msgs' returned '0': CMAKE_PREFIX_PATH=${CMAKE_PREFIX_PATH}:/opt/ros/humble /usr/bin/cmake --build /home/janhavi/MultiMapWormholes/build/switch_places_msgs -- -j12 -l12
[0.320s] Invoking command in '/home/janhavi/MultiMapWormholes/build/switch_places_msgs': CMAKE_PREFIX_PATH=${CMAKE_PREFIX_PATH}:/opt/ros/humble /usr/bin/cmake --install /home/janhavi/MultiMapWormholes/build/switch_places_msgs
[0.327s] -- Install configuration: ""
[0.327s] -- Up-to-date: /home/janhavi/MultiMapWormholes/install/switch_places_msgs/share/ament_index/resource_index/rosidl_interfaces/switch_places_msgs
[0.328s] -- Up-to-date: /home/janhavi/MultiMapWormholes/install/switch_places_msgs/include/switch_places_msgs/switch_places_msgs
[0.328s] -- Up-to-date: /home/janhavi/MultiMapWormholes/install/switch_places_msgs/include/switch_places_msgs/switch_places_msgs/action
[0.328s] -- Up-to-date: /home/janhavi/MultiMapWormholes/install/switch_places_msgs/include/switch_places_msgs/switch_places_msgs/action/detail
[0.328s] -- Up-to-date: /home/janhavi/MultiMapWormholes/install/switch_places_msgs/include/switch_places_msgs/switch_places_msgs/action/detail/move_to_map__functions.c
[0.328s] -- Up-to-date: /home/janhavi/MultiMapWormholes/install/switch_places_msgs/include/switch_places_msgs/switch_places_msgs/action/detail/move_to_map__functions.h
[0.328s] -- Up-to-date: /home/janhavi/MultiMapWormholes/install/switch_places_msgs/include/switch_places_msgs/switch_places_msgs/action/detail/move_to_map__struct.h
[0.328s] -- Up-to-date: /home/janhavi/MultiMapWormholes/install/switch_places_msgs/include/switch_places_msgs/switch_places_msgs/action/detail/move_to_map__type_support.h
[0.328s] -- Up-to-date: /home/janhavi/MultiMapWormholes/install/switch_places_msgs/include/switch_places_msgs/switch_places_msgs/action/move_to_map.h
[0.328s] -- Up-to-date: /home/janhavi/MultiMapWormholes/install/switch_places_msgs/include/switch_places_msgs/switch_places_msgs/msg
[0.328s] -- Up-to-date: /home/janhavi/MultiMapWormholes/install/switch_places_msgs/include/switch_places_msgs/switch_places_msgs/msg/rosidl_generator_c__visibility_control.h
[0.328s] -- Up-to-date: /home/janhavi/MultiMapWormholes/install/switch_places_msgs/share/switch_places_msgs/environment/library_path.sh
[0.328s] -- Up-to-date: /home/janhavi/MultiMapWormholes/install/switch_places_msgs/share/switch_places_msgs/environment/library_path.dsv
[0.328s] -- Up-to-date: /home/janhavi/MultiMapWormholes/install/switch_places_msgs/lib/libswitch_places_msgs__rosidl_generator_c.so
[0.328s] -- Up-to-date: /home/janhavi/MultiMapWormholes/install/switch_places_msgs/include/switch_places_msgs/switch_places_msgs
[0.328s] -- Up-to-date: /home/janhavi/MultiMapWormholes/install/switch_places_msgs/include/switch_places_msgs/switch_places_msgs/action
[0.328s] -- Up-to-date: /home/janhavi/MultiMapWormholes/install/switch_places_msgs/include/switch_places_msgs/switch_places_msgs/action/detail
[0.328s] -- Up-to-date: /home/janhavi/MultiMapWormholes/install/switch_places_msgs/include/switch_places_msgs/switch_places_msgs/action/detail/move_to_map__rosidl_typesupport_fastrtps_c.h
[0.328s] -- Up-to-date: /home/janhavi/MultiMapWormholes/install/switch_places_msgs/include/switch_places_msgs/switch_places_msgs/msg
[0.328s] -- Up-to-date: /home/janhavi/MultiMapWormholes/install/switch_places_msgs/include/switch_places_msgs/switch_places_msgs/msg/rosidl_typesupport_fastrtps_c__visibility_control.h
[0.328s] -- Up-to-date: /home/janhavi/MultiMapWormholes/install/switch_places_msgs/lib/libswitch_places_msgs__rosidl_typesupport_fastrtps_c.so
[0.328s] -- Up-to-date: /home/janhavi/MultiMapWormholes/install/switch_places_msgs/include/switch_places_msgs/switch_places_msgs
[0.328s] -- Up-to-date: /home/janhavi/MultiMapWormholes/install/switch_places_msgs/include/switch_places_msgs/switch_places_msgs/action
[0.328s] -- Up-to-date: /home/janhavi/MultiMapWormholes/install/switch_places_msgs/include/switch_places_msgs/switch_places_msgs/action/move_to_map.hpp
[0.328s] -- Up-to-date: /home/janhavi/MultiMapWormholes/install/switch_places_msgs/include/switch_places_msgs/switch_places_msgs/action/detail
[0.328s] -- Up-to-date: /home/janhavi/MultiMapWormholes/install/switch_places_msgs/include/switch_places_msgs/switch_places_msgs/action/detail/move_to_map__struct.hpp
[0.328s] -- Up-to-date: /home/janhavi/MultiMapWormholes/install/switch_places_msgs/include/switch_places_msgs/switch_places_msgs/action/detail/move_to_map__builder.hpp
[0.328s] -- Up-to-date: /home/janhavi/MultiMapWormholes/install/switch_places_msgs/include/switch_places_msgs/switch_places_msgs/action/detail/move_to_map__traits.hpp
[0.328s] -- Up-to-date: /home/janhavi/MultiMapWormholes/install/switch_places_msgs/include/switch_places_msgs/switch_places_msgs/action/detail/move_to_map__type_support.hpp
[0.329s] -- Up-to-date: /home/janhavi/MultiMapWormholes/install/switch_places_msgs/include/switch_places_msgs/switch_places_msgs/msg
[0.329s] -- Up-to-date: /home/janhavi/MultiMapWormholes/install/switch_places_msgs/include/switch_places_msgs/switch_places_msgs/msg/rosidl_generator_cpp__visibility_control.hpp
[0.329s] -- Up-to-date: /home/janhavi/MultiMapWormholes/install/switch_places_msgs/include/switch_places_msgs/switch_places_msgs
[0.329s] -- Up-to-date: /home/janhavi/MultiMapWormholes/install/switch_places_msgs/include/switch_places_msgs/switch_places_msgs/action
[0.329s] -- Up-to-date: /home/janhavi/MultiMapWormholes/install/switch_places_msgs/include/switch_places_msgs/switch_places_msgs/action/detail
[0.329s] -- Up-to-date: /home/janhavi/MultiMapWormholes/install/switch_places_msgs/include/switch_places_msgs/switch_places_msgs/action/detail/dds_fastrtps
[0.329s] -- Up-to-date: /home/janhavi/MultiMapWormholes/install/switch_places_msgs/include/switch_places_msgs/switch_places_msgs/action/detail/move_to_map__rosidl_typesupport_fastrtps_cpp.hpp
[0.329s] -- Up-to-date: /home/janhavi/MultiMapWormholes/install/switch_places_msgs/include/switch_places_msgs/switch_places_msgs/msg
[0.329s] -- Up-to-date: /home/janhavi/MultiMapWormholes/install/switch_places_msgs/include/switch_places_msgs/switch_places_msgs/msg/rosidl_typesupport_fastrtps_cpp__visibility_control.h
[0.329s] -- Up-to-date: /home/janhavi/MultiMapWormholes/install/switch_places_msgs/lib/libswitch_places_msgs__rosidl_typesupport_fastrtps_cpp.so
[0.329s] -- Up-to-date: /home/janhavi/MultiMapWormholes/install/switch_places_msgs/include/switch_places_msgs/switch_places_msgs
[0.329s] -- Up-to-date: /home/janhavi/MultiMapWormholes/install/switch_places_msgs/include/switch_places_msgs/switch_places_msgs/action
[0.329s] -- Up-to-date: /home/janhavi/MultiMapWormholes/install/switch_places_msgs/include/switch_places_msgs/switch_places_msgs/action/detail
[0.329s] -- Up-to-date: /home/janhavi/MultiMapWormholes/install/switch_places_msgs/include/switch_places_msgs/switch_places_msgs/action/detail/move_to_map__type_support.c
[0.329s] -- Up-to-date: /home/janhavi/MultiMapWormholes/install/switch_places_msgs/include/switch_places_msgs/switch_places_msgs/action/detail/move_to_map__rosidl_typesupport_introspection_c.h
[0.329s] -- Up-to-date: /home/janhavi/MultiMapWormholes/install/switch_places_msgs/include/switch_places_msgs/switch_places_msgs/msg
[0.329s] -- Up-to-date: /home/janhavi/MultiMapWormholes/install/switch_places_msgs/include/switch_places_msgs/switch_places_msgs/msg/rosidl_typesupport_introspection_c__visibility_control.h
[0.329s] -- Up-to-date: /home/janhavi/MultiMapWormholes/install/switch_places_msgs/lib/libswitch_places_msgs__rosidl_typesupport_introspection_c.so
[0.329s] -- Up-to-date: /home/janhavi/MultiMapWormholes/install/switch_places_msgs/lib/libswitch_places_msgs__rosidl_typesupport_c.so
[0.329s] -- Up-to-date: /home/janhavi/MultiMapWormholes/install/switch_places_msgs/include/switch_places_msgs/switch_places_msgs
[0.329s] -- Up-to-date: /home/janhavi/MultiMapWormholes/install/switch_places_msgs/include/switch_places_msgs/switch_places_msgs/action
[0.329s] -- Up-to-date: /home/janhavi/MultiMapWormholes/install/switch_places_msgs/include/switch_places_msgs/switch_places_msgs/action/detail
[0.329s] -- Up-to-date: /home/janhavi/MultiMapWormholes/install/switch_places_msgs/include/switch_places_msgs/switch_places_msgs/action/detail/move_to_map__type_support.cpp
[0.330s] -- Up-to-date: /home/janhavi/MultiMapWormholes/install/switch_places_msgs/include/switch_places_msgs/switch_places_msgs/action/detail/move_to_map__rosidl_typesupport_introspection_cpp.hpp
[0.330s] -- Up-to-date: /home/janhavi/MultiMapWormholes/install/switch_places_msgs/lib/libswitch_places_msgs__rosidl_typesupport_introspection_cpp.so
[0.330s] -- Up-to-date: /home/janhavi/MultiMapWormholes/install/switch_places_msgs/lib/libswitch_places_msgs__rosidl_typesupport_cpp.so
[0.330s] -- Up-to-date: /home/janhavi/MultiMapWormholes/install/switch_places_msgs/share/switch_places_msgs/environment/pythonpath.sh
[0.330s] -- Up-to-date: /home/janhavi/MultiMapWormholes/install/switch_places_msgs/share/switch_places_msgs/environment/pythonpath.dsv
[0.330s] -- Up-to-date: /home/janhavi/MultiMapWormholes/install/switch_places_msgs/local/lib/python3.10/dist-packages/switch_places_msgs-0.0.0-py3.10.egg-info
[0.330s] -- Installing: /home/janhavi/MultiMapWormholes/install/switch_places_msgs/local/lib/python3.10/dist-packages/switch_places_msgs-0.0.0-py3.10.egg-info/PKG-INFO
[0.330s] -- Installing: /home/janhavi/MultiMapWormholes/install/switch_places_msgs/local/lib/python3.10/dist-packages/switch_places_msgs-0.0.0-py3.10.egg-info/dependency_links.txt
[0.330s] -- Installing: /home/janhavi/MultiMapWormholes/install/switch_places_msgs/local/lib/python3.10/dist-packages/switch_places_msgs-0.0.0-py3.10.egg-info/SOURCES.txt
[0.330s] -- Installing: /home/janhavi/MultiMapWormholes/install/switch_places_msgs/local/lib/python3.10/dist-packages/switch_places_msgs-0.0.0-py3.10.egg-info/top_level.txt
[0.330s] -- Up-to-date: /home/janhavi/MultiMapWormholes/install/switch_places_msgs/local/lib/python3.10/dist-packages/switch_places_msgs
[0.330s] -- Up-to-date: /home/janhavi/MultiMapWormholes/install/switch_places_msgs/local/lib/python3.10/dist-packages/switch_places_msgs/_switch_places_msgs_s.ep.rosidl_typesupport_fastrtps_c.c
[0.331s] -- Up-to-date: /home/janhavi/MultiMapWormholes/install/switch_places_msgs/local/lib/python3.10/dist-packages/switch_places_msgs/action
[0.331s] -- Up-to-date: /home/janhavi/MultiMapWormholes/install/switch_places_msgs/local/lib/python3.10/dist-packages/switch_places_msgs/action/__init__.py
[0.331s] -- Up-to-date: /home/janhavi/MultiMapWormholes/install/switch_places_msgs/local/lib/python3.10/dist-packages/switch_places_msgs/action/_move_to_map.py
[0.331s] -- Up-to-date: /home/janhavi/MultiMapWormholes/install/switch_places_msgs/local/lib/python3.10/dist-packages/switch_places_msgs/action/_move_to_map_s.c
[0.331s] -- Up-to-date: /home/janhavi/MultiMapWormholes/install/switch_places_msgs/local/lib/python3.10/dist-packages/switch_places_msgs/_switch_places_msgs_s.ep.rosidl_typesupport_c.c
[0.331s] -- Up-to-date: /home/janhavi/MultiMapWormholes/install/switch_places_msgs/local/lib/python3.10/dist-packages/switch_places_msgs/libswitch_places_msgs__rosidl_generator_py.so
[0.331s] -- Up-to-date: /home/janhavi/MultiMapWormholes/install/switch_places_msgs/local/lib/python3.10/dist-packages/switch_places_msgs/switch_places_msgs_s__rosidl_typesupport_fastrtps_c.cpython-310-x86_64-linux-gnu.so
[0.331s] -- Up-to-date: /home/janhavi/MultiMapWormholes/install/switch_places_msgs/local/lib/python3.10/dist-packages/switch_places_msgs/switch_places_msgs_s__rosidl_typesupport_introspection_c.cpython-310-x86_64-linux-gnu.so
[0.331s] -- Up-to-date: /home/janhavi/MultiMapWormholes/install/switch_places_msgs/local/lib/python3.10/dist-packages/switch_places_msgs/switch_places_msgs_s__rosidl_typesupport_c.cpython-310-x86_64-linux-gnu.so
[0.331s] -- Up-to-date: /home/janhavi/MultiMapWormholes/install/switch_places_msgs/local/lib/python3.10/dist-packages/switch_places_msgs/__init__.py
[0.331s] -- Up-to-date: /home/janhavi/MultiMapWormholes/install/switch_places_msgs/local/lib/python3.10/dist-packages/switch_places_msgs/_switch_places_msgs_s.ep.rosidl_typesupport_introspection_c.c
[0.351s] Listing '/home/janhavi/MultiMapWormholes/install/switch_places_msgs/local/lib/python3.10/dist-packages/switch_places_msgs'...
[0.351s] Listing '/home/janhavi/MultiMapWormholes/install/switch_places_msgs/local/lib/python3.10/dist-packages/switch_places_msgs/action'...
[0.354s] -- Up-to-date: /home/janhavi/MultiMapWormholes/install/switch_places_msgs/local/lib/python3.10/dist-packages/switch_places_msgs/switch_places_msgs_s__rosidl_typesupport_fastrtps_c.cpython-310-x86_64-linux-gnu.so
[0.354s] -- Up-to-date: /home/janhavi/MultiMapWormholes/install/switch_places_msgs/local/lib/python3.10/dist-packages/switch_places_msgs/switch_places_msgs_s__rosidl_typesupport_introspection_c.cpython-310-x86_64-linux-gnu.so
[0.354s] -- Up-to-date: /home/janhavi/MultiMapWormholes/install/switch_places_msgs/local/lib/python3.10/dist-packages/switch_places_msgs/switch_places_msgs_s__rosidl_typesupport_c.cpython-310-x86_64-linux-gnu.so
[0.354s] -- Up-to-date: /home/janhavi/MultiMapWormholes/install/switch_places_msgs/lib/libswitch_places_msgs__rosidl_generator_py.so
[0.354s] -- Up-to-date: /home/janhavi/MultiMapWormholes/install/switch_places_msgs/share/switch_places_msgs/action/MoveToMap.idl
[0.354s] -- Up-to-date: /home/janhavi/MultiMapWormholes/install/switch_places_msgs/share/switch_places_msgs/action/MoveToMap.action
[0.355s] -- Up-to-date: /home/janhavi/MultiMapWormholes/install/switch_places_msgs/share/ament_index/resource_index/package_run_dependencies/switch_places_msgs
[0.355s] -- Up-to-date: /home/janhavi/MultiMapWormholes/install/switch_places_msgs/share/ament_index/resource_index/parent_prefix_path/switch_places_msgs
[0.355s] -- Up-to-date: /home/janhavi/MultiMapWormholes/install/switch_places_msgs/share/switch_places_msgs/environment/ament_prefix_path.sh
[0.355s] -- Up-to-date: /home/janhavi/MultiMapWormholes/install/switch_places_msgs/share/switch_places_msgs/environment/ament_prefix_path.dsv
[0.355s] -- Up-to-date: /home/janhavi/MultiMapWormholes/install/switch_places_msgs/share/switch_places_msgs/environment/path.sh
[0.355s] -- Up-to-date: /home/janhavi/MultiMapWormholes/install/switch_places_msgs/share/switch_places_msgs/environment/path.dsv
[0.355s] -- Up-to-date: /home/janhavi/MultiMapWormholes/install/switch_places_msgs/share/switch_places_msgs/local_setup.bash
[0.355s] -- Up-to-date: /home/janhavi/MultiMapWormholes/install/switch_places_msgs/share/switch_places_msgs/local_setup.sh
[0.355s] -- Up-to-date: /home/janhavi/MultiMapWormholes/install/switch_places_msgs/share/switch_places_msgs/local_setup.zsh
[0.355s] -- Up-to-date: /home/janhavi/MultiMapWormholes/install/switch_places_msgs/share/switch_places_msgs/local_setup.dsv
[0.355s] -- Installing: /home/janhavi/MultiMapWormholes/install/switch_places_msgs/share/switch_places_msgs/package.dsv
[0.355s] -- Up-to-date: /home/janhavi/MultiMapWormholes/install/switch_places_msgs/share/ament_index/resource_index/packages/switch_places_msgs
[0.356s] -- Up-to-date: /home/janhavi/MultiMapWormholes/install/switch_places_msgs/share/switch_places_msgs/cmake/export_switch_places_msgs__rosidl_generator_cExport.cmake
[0.356s] -- Up-to-date: /home/janhavi/MultiMapWormholes/install/switch_places_msgs/share/switch_places_msgs/cmake/export_switch_places_msgs__rosidl_generator_cExport-noconfig.cmake
[0.356s] -- Up-to-date: /home/janhavi/MultiMapWormholes/install/switch_places_msgs/share/switch_places_msgs/cmake/export_switch_places_msgs__rosidl_typesupport_fastrtps_cExport.cmake
[0.356s] -- Up-to-date: /home/janhavi/MultiMapWormholes/install/switch_places_msgs/share/switch_places_msgs/cmake/export_switch_places_msgs__rosidl_typesupport_fastrtps_cExport-noconfig.cmake
[0.356s] -- Up-to-date: /home/janhavi/MultiMapWormholes/install/switch_places_msgs/share/switch_places_msgs/cmake/export_switch_places_msgs__rosidl_generator_cppExport.cmake
[0.356s] -- Up-to-date: /home/janhavi/MultiMapWormholes/install/switch_places_msgs/share/switch_places_msgs/cmake/export_switch_places_msgs__rosidl_typesupport_fastrtps_cppExport.cmake
[0.356s] -- Up-to-date: /home/janhavi/MultiMapWormholes/install/switch_places_msgs/share/switch_places_msgs/cmake/export_switch_places_msgs__rosidl_typesupport_fastrtps_cppExport-noconfig.cmake
[0.356s] -- Up-to-date: /home/janhavi/MultiMapWormholes/install/switch_places_msgs/share/switch_places_msgs/cmake/switch_places_msgs__rosidl_typesupport_introspection_cExport.cmake
[0.356s] -- Up-to-date: /home/janhavi/MultiMapWormholes/install/switch_places_msgs/share/switch_places_msgs/cmake/switch_places_msgs__rosidl_typesupport_introspection_cExport-noconfig.cmake
[0.356s] -- Up-to-date: /home/janhavi/MultiMapWormholes/install/switch_places_msgs/share/switch_places_msgs/cmake/switch_places_msgs__rosidl_typesupport_cExport.cmake
[0.356s] -- Up-to-date: /home/janhavi/MultiMapWormholes/install/switch_places_msgs/share/switch_places_msgs/cmake/switch_places_msgs__rosidl_typesupport_cExport-noconfig.cmake
[0.356s] -- Up-to-date: /home/janhavi/MultiMapWormholes/install/switch_places_msgs/share/switch_places_msgs/cmake/switch_places_msgs__rosidl_typesupport_introspection_cppExport.cmake
[0.356s] -- Up-to-date: /home/janhavi/MultiMapWormholes/install/switch_places_msgs/share/switch_places_msgs/cmake/switch_places_msgs__rosidl_typesupport_introspection_cppExport-noconfig.cmake
[0.356s] -- Up-to-date: /home/janhavi/MultiMapWormholes/install/switch_places_msgs/share/switch_places_msgs/cmake/switch_places_msgs__rosidl_typesupport_cppExport.cmake
[0.356s] -- Up-to-date: /home/janhavi/MultiMapWormholes/install/switch_places_msgs/share/switch_places_msgs/cmake/switch_places_msgs__rosidl_typesupport_cppExport-noconfig.cmake
[0.357s] -- Up-to-date: /home/janhavi/MultiMapWormholes/install/switch_places_msgs/share/switch_places_msgs/cmake/export_switch_places_msgs__rosidl_generator_pyExport.cmake
[0.357s] -- Up-to-date: /home/janhavi/MultiMapWormholes/install/switch_places_msgs/share/switch_places_msgs/cmake/export_switch_places_msgs__rosidl_generator_pyExport-noconfig.cmake
[0.357s] -- Up-to-date: /home/janhavi/MultiMapWormholes/install/switch_places_msgs/share/switch_places_msgs/cmake/rosidl_cmake-extras.cmake
[0.357s] -- Up-to-date: /home/janhavi/MultiMapWormholes/install/switch_places_msgs/share/switch_places_msgs/cmake/ament_cmake_export_dependencies-extras.cmake
[0.357s] -- Up-to-date: /home/janhavi/MultiMapWormholes/install/switch_places_msgs/share/switch_places_msgs/cmake/ament_cmake_export_include_directories-extras.cmake
[0.357s] -- Up-to-date: /home/janhavi/MultiMapWormholes/install/switch_places_msgs/share/switch_places_msgs/cmake/ament_cmake_export_libraries-extras.cmake
[0.357s] -- Up-to-date: /home/janhavi/MultiMapWormholes/install/switch_places_msgs/share/switch_places_msgs/cmake/ament_cmake_export_targets-extras.cmake
[0.357s] -- Up-to-date: /home/janhavi/MultiMapWormholes/install/switch_places_msgs/share/switch_places_msgs/cmake/rosidl_cmake_export_typesupport_targets-extras.cmake
[0.357s] -- Up-to-date: /home/janhavi/MultiMapWormholes/install/switch_places_msgs/share/switch_places_msgs/cmake/rosidl_cmake_export_typesupport_libraries-extras.cmake
[0.357s] -- Up-to-date: /home/janhavi/MultiMapWormholes/install/switch_places_msgs/share/switch_places_msgs/cmake/switch_places_msgsConfig.cmake
[0.357s] -- Up-to-date: /home/janhavi/MultiMapWormholes/install/switch_places_msgs/share/switch_places_msgs/cmake/switch_places_msgsConfig-version.cmake
[0.357s] -- Up-to-date: /home/janhavi/MultiMapWormholes/install/switch_places_msgs/share/switch_places_msgs/package.xml
[0.358s] Invoked command in '/home/janhavi/MultiMapWormholes/build/switch_places_msgs' returned '0': CMAKE_PREFIX_PATH=${CMAKE_PREFIX_PATH}:/opt/ros/humble /usr/bin/cmake --install /home/janhavi/MultiMapWormholes/build/switch_places_msgs
