[0.007s] Invoking command in '/home/janhavi/MultiMapWormholes/build/switch_places': CMAKE_PREFIX_PATH=${CMAKE_PREFIX_PATH}:/opt/ros/humble /usr/bin/cmake --build /home/janhavi/MultiMapWormholes/build/switch_places -- -j12 -l12
[0.041s] [35m[1mConsolidate compiler generated dependencies of target move_to_map_server[0m
[0.043s] [35m[1mConsolidate compiler generated dependencies of target move_to_map_client[0m
[0.056s] [ 50%] Built target move_to_map_server
[0.058s] [ 75%] [32mBuilding CXX object CMakeFiles/move_to_map_client.dir/src/move_to_map_client.cpp.o[0m
[1.410s] In file included from [01m[K/opt/ros/humble/include/rclcpp/rclcpp/client.hpp:40[m[K,
[1.410s]                  from [01m[K/opt/ros/humble/include/rclcpp/rclcpp/callback_group.hpp:24[m[K,
[1.410s]                  from [01m[K/opt/ros/humble/include/rclcpp/rclcpp/any_executable.hpp:20[m[K,
[1.410s]                  from [01m[K/opt/ros/humble/include/rclcpp/rclcpp/memory_strategy.hpp:25[m[K,
[1.410s]                  from [01m[K/opt/ros/humble/include/rclcpp/rclcpp/memory_strategies.hpp:18[m[K,
[1.410s]                  from [01m[K/opt/ros/humble/include/rclcpp/rclcpp/executor_options.hpp:20[m[K,
[1.410s]                  from [01m[K/opt/ros/humble/include/rclcpp/rclcpp/executor.hpp:37[m[K,
[1.410s]                  from [01m[K/opt/ros/humble/include/rclcpp/rclcpp/executors/multi_threaded_executor.hpp:25[m[K,
[1.410s]                  from [01m[K/opt/ros/humble/include/rclcpp/rclcpp/executors.hpp:21[m[K,
[1.410s]                  from [01m[K/opt/ros/humble/include/rclcpp/rclcpp/rclcpp.hpp:155[m[K,
[1.410s]                  from [01m[K/home/janhavi/MultiMapWormholes/src/switch_places/src/move_to_map_client.cpp:3[m[K:
[1.410s] [01m[K/home/janhavi/MultiMapWormholes/src/switch_places/src/move_to_map_client.cpp:[m[K In member function ‘[01m[Kvoid MoveToMapActionClient::feedback_callback(rclcpp_action::ClientGoalHandle<switch_places_msgs::action::MoveToMap>::SharedPtr, std::shared_ptr<const switch_places_msgs::action::MoveToMap_Feedback_<std::allocator<void> > >)[m[K’:
[1.410s] [01m[K/home/janhavi/MultiMapWormholes/src/switch_places/src/move_to_map_client.cpp:55:9:[m[K [01;31m[Kerror: [m[Kexpected ‘[01m[K;[m[K’ before ‘[01m[Kdo[m[K’
[1.410s]    55 |         [01;31m[KRCLCPP_INFO[m[K(this->get_logger(), "Received feedback.");
[1.411s]       |         [01;31m[K^~~~~~~~~~~[m[K
[1.803s] gmake[2]: *** [CMakeFiles/move_to_map_client.dir/build.make:76: CMakeFiles/move_to_map_client.dir/src/move_to_map_client.cpp.o] Error 1
[1.803s] gmake[1]: *** [CMakeFiles/Makefile2:165: CMakeFiles/move_to_map_client.dir/all] Error 2
[1.803s] gmake: *** [Makefile:146: all] Error 2
[1.806s] Invoked command in '/home/janhavi/MultiMapWormholes/build/switch_places' returned '2': CMAKE_PREFIX_PATH=${CMAKE_PREFIX_PATH}:/opt/ros/humble /usr/bin/cmake --build /home/janhavi/MultiMapWormholes/build/switch_places -- -j12 -l12
