[0.006s] Invoking command in '/home/janhavi/MultiMapWormholes/build/switch_places': CMAKE_PREFIX_PATH=/opt/ros/humble /usr/bin/cmake /home/janhavi/MultiMapWormholes/src/switch_places -DAMENT_CMAKE_SYMLINK_INSTALL=1 -DCMAKE_INSTALL_PREFIX=/home/janhavi/MultiMapWormholes/install/switch_places
[0.013s] -- Found ament_cmake: 1.3.11 (/opt/ros/humble/share/ament_cmake/cmake)
[0.099s] -- Override CMake install command with custom implementation using symlinks instead of copying resources
[0.103s] -- Found rclcpp: 16.0.11 (/opt/ros/humble/share/rclcpp/cmake)
[0.119s] -- Found rosidl_generator_c: 3.1.6 (/opt/ros/humble/share/rosidl_generator_c/cmake)
[0.121s] -- Found rosidl_adapter: 3.1.6 (/opt/ros/humble/share/rosidl_adapter/cmake)
[0.124s] -- Found rosidl_generator_cpp: 3.1.6 (/opt/ros/humble/share/rosidl_generator_cpp/cmake)
[0.129s] -- Using all available rosidl_typesupport_c: rosidl_typesupport_fastrtps_c;rosidl_typesupport_introspection_c
[0.135s] -- Using all available rosidl_typesupport_cpp: rosidl_typesupport_fastrtps_cpp;rosidl_typesupport_introspection_cpp
[0.153s] -- Found rmw_implementation_cmake: 6.1.2 (/opt/ros/humble/share/rmw_implementation_cmake/cmake)
[0.154s] -- Found rmw_cyclonedds_cpp: 1.3.4 (/opt/ros/humble/share/rmw_cyclonedds_cpp/cmake)
[0.164s] -- Using RMW implementation 'rmw_cyclonedds_cpp' as default
[0.192s] -- Found nav2_common: 1.1.18 (/opt/ros/humble/share/nav2_common/cmake)
[0.193s] -- Found nav2_util: 1.1.18 (/opt/ros/humble/share/nav2_util/cmake)
[0.273s] -- Found eigen3_cmake_module: 0.1.1 (/opt/ros/humble/share/eigen3_cmake_module/cmake)
[0.274s] -- Ensuring Eigen3 include directory is part of orocos-kdl CMake target
[0.300s] -- Found gazebo_msgs: 3.9.0 (/opt/ros/humble/share/gazebo_msgs/cmake)
[0.322s] -- Found rosidl_default_generators: 1.2.0 (/opt/ros/humble/share/rosidl_default_generators/cmake)
[0.328s] -- Found SQLite3: /usr/include (found version "3.37.2") 
[0.504s] -- Found ament_cmake_ros: 0.10.0 (/opt/ros/humble/share/ament_cmake_ros/cmake)
[0.741s] -- Using all available rosidl_typesupport_c: rosidl_typesupport_fastrtps_c;rosidl_typesupport_introspection_c
[0.826s] -- Using all available rosidl_typesupport_cpp: rosidl_typesupport_fastrtps_cpp;rosidl_typesupport_introspection_cpp
[0.842s] -- Found PythonInterp: /usr/bin/python3 (found suitable version "3.10.12", minimum required is "3.6") 
[0.844s] -- Found python_cmake_module: 0.10.0 (/opt/ros/humble/share/python_cmake_module/cmake)
[0.864s] -- Found PythonLibs: /usr/lib/x86_64-linux-gnu/libpython3.10.so (found suitable version "3.10.12", minimum required is "3.5") 
[0.864s] -- Using PYTHON_EXECUTABLE: /usr/bin/python3
[0.864s] -- Using PYTHON_INCLUDE_DIRS: /usr/include/python3.10
[0.864s] -- Using PYTHON_LIBRARIES: /usr/lib/x86_64-linux-gnu/libpython3.10.so
[0.878s] -- Found PythonExtra: .so  
[0.903s] -- Found ament_lint_auto: 0.12.11 (/opt/ros/humble/share/ament_lint_auto/cmake)
[0.916s] [31mCMake Error at /opt/ros/humble/share/ament_cmake_target_dependencies/cmake/ament_target_dependencies.cmake:77 (message):
[0.916s]   ament_target_dependencies() the passed package name 'switch_places' was not
[0.916s]   found before
[0.916s] Call Stack (most recent call first):
[0.916s]   CMakeLists.txt:52 (ament_target_dependencies)
[0.916s] 
[0.916s] [0m
[0.916s] -- Configuring incomplete, errors occurred!
[0.916s] See also "/home/janhavi/MultiMapWormholes/build/switch_places/CMakeFiles/CMakeOutput.log".
[0.922s] Invoked command in '/home/janhavi/MultiMapWormholes/build/switch_places' returned '1': CMAKE_PREFIX_PATH=/opt/ros/humble /usr/bin/cmake /home/janhavi/MultiMapWormholes/src/switch_places -DAMENT_CMAKE_SYMLINK_INSTALL=1 -DCMAKE_INSTALL_PREFIX=/home/janhavi/MultiMapWormholes/install/switch_places
