[0.015s] Invoking command in '/home/janhavi/MultiMapWormholes/build/switch_places_msgs': CMAKE_PREFIX_PATH=${CMAKE_PREFIX_PATH}:/opt/ros/humble /usr/bin/cmake --build /home/janhavi/MultiMapWormholes/build/switch_places_msgs -- -j12 -l12
[0.083s] [  3%] Built target switch_places_msgs__cpp
[0.091s] [ 12%] Built target switch_places_msgs__rosidl_generator_c
[0.105s] [ 12%] Built target ament_cmake_python_copy_switch_places_msgs
[0.127s] [ 22%] Built target switch_places_msgs__rosidl_typesupport_fastrtps_cpp
[0.141s] [ 32%] Built target switch_places_msgs__rosidl_typesupport_cpp
[0.141s] [ 41%] Built target switch_places_msgs__rosidl_typesupport_introspection_cpp
[0.147s] [ 51%] Built target switch_places_msgs__rosidl_typesupport_c
[0.157s] [ 61%] Built target switch_places_msgs__rosidl_typesupport_fastrtps_c
[0.179s] [ 70%] Built target switch_places_msgs__rosidl_typesupport_introspection_c
[0.244s] [ 70%] Built target switch_places_msgs
[0.282s] [ 74%] Built target switch_places_msgs__py
[0.324s] [ 80%] Built target switch_places_msgs__rosidl_generator_py
[0.374s] [ 87%] Built target switch_places_msgs__rosidl_typesupport_fastrtps_c__pyext
[0.378s] [ 93%] Built target switch_places_msgs__rosidl_typesupport_introspection_c__pyext
[0.383s] [100%] Built target switch_places_msgs__rosidl_typesupport_c__pyext
[0.417s] running egg_info
[0.437s] writing switch_places_msgs.egg-info/PKG-INFO
[0.437s] writing dependency_links to switch_places_msgs.egg-info/dependency_links.txt
[0.438s] writing top-level names to switch_places_msgs.egg-info/top_level.txt
[0.513s] reading manifest file 'switch_places_msgs.egg-info/SOURCES.txt'
[0.516s] writing manifest file 'switch_places_msgs.egg-info/SOURCES.txt'
[0.560s] [100%] Built target ament_cmake_python_build_switch_places_msgs_egg
[0.579s] Invoked command in '/home/janhavi/MultiMapWormholes/build/switch_places_msgs' returned '0': CMAKE_PREFIX_PATH=${CMAKE_PREFIX_PATH}:/opt/ros/humble /usr/bin/cmake --build /home/janhavi/MultiMapWormholes/build/switch_places_msgs -- -j12 -l12
[0.585s] Invoking command in '/home/janhavi/MultiMapWormholes/build/switch_places_msgs': CMAKE_PREFIX_PATH=${CMAKE_PREFIX_PATH}:/opt/ros/humble /usr/bin/cmake --install /home/janhavi/MultiMapWormholes/build/switch_places_msgs
[0.602s] -- Install configuration: ""
[0.602s] -- Up-to-date: /home/janhavi/MultiMapWormholes/install/switch_places_msgs/share/ament_index/resource_index/rosidl_interfaces/switch_places_msgs
[0.602s] -- Up-to-date: /home/janhavi/MultiMapWormholes/install/switch_places_msgs/include/switch_places_msgs/switch_places_msgs
[0.602s] -- Up-to-date: /home/janhavi/MultiMapWormholes/install/switch_places_msgs/include/switch_places_msgs/switch_places_msgs/action
[0.602s] -- Up-to-date: /home/janhavi/MultiMapWormholes/install/switch_places_msgs/include/switch_places_msgs/switch_places_msgs/action/detail
[0.602s] -- Up-to-date: /home/janhavi/MultiMapWormholes/install/switch_places_msgs/include/switch_places_msgs/switch_places_msgs/action/detail/move_to_map__functions.c
[0.602s] -- Up-to-date: /home/janhavi/MultiMapWormholes/install/switch_places_msgs/include/switch_places_msgs/switch_places_msgs/action/detail/move_to_map__functions.h
[0.603s] -- Up-to-date: /home/janhavi/MultiMapWormholes/install/switch_places_msgs/include/switch_places_msgs/switch_places_msgs/action/detail/move_to_map__struct.h
[0.603s] -- Up-to-date: /home/janhavi/MultiMapWormholes/install/switch_places_msgs/include/switch_places_msgs/switch_places_msgs/action/detail/move_to_map__type_support.h
[0.603s] -- Up-to-date: /home/janhavi/MultiMapWormholes/install/switch_places_msgs/include/switch_places_msgs/switch_places_msgs/action/move_to_map.h
[0.603s] -- Up-to-date: /home/janhavi/MultiMapWormholes/install/switch_places_msgs/include/switch_places_msgs/switch_places_msgs/msg
[0.603s] -- Up-to-date: /home/janhavi/MultiMapWormholes/install/switch_places_msgs/include/switch_places_msgs/switch_places_msgs/msg/rosidl_generator_c__visibility_control.h
[0.603s] -- Up-to-date: /home/janhavi/MultiMapWormholes/install/switch_places_msgs/share/switch_places_msgs/environment/library_path.sh
[0.603s] -- Up-to-date: /home/janhavi/MultiMapWormholes/install/switch_places_msgs/share/switch_places_msgs/environment/library_path.dsv
[0.603s] -- Up-to-date: /home/janhavi/MultiMapWormholes/install/switch_places_msgs/lib/libswitch_places_msgs__rosidl_generator_c.so
[0.603s] -- Up-to-date: /home/janhavi/MultiMapWormholes/install/switch_places_msgs/include/switch_places_msgs/switch_places_msgs
[0.603s] -- Up-to-date: /home/janhavi/MultiMapWormholes/install/switch_places_msgs/include/switch_places_msgs/switch_places_msgs/action
[0.603s] -- Up-to-date: /home/janhavi/MultiMapWormholes/install/switch_places_msgs/include/switch_places_msgs/switch_places_msgs/action/detail
[0.603s] -- Up-to-date: /home/janhavi/MultiMapWormholes/install/switch_places_msgs/include/switch_places_msgs/switch_places_msgs/action/detail/move_to_map__rosidl_typesupport_fastrtps_c.h
[0.603s] -- Up-to-date: /home/janhavi/MultiMapWormholes/install/switch_places_msgs/include/switch_places_msgs/switch_places_msgs/msg
[0.603s] -- Up-to-date: /home/janhavi/MultiMapWormholes/install/switch_places_msgs/include/switch_places_msgs/switch_places_msgs/msg/rosidl_typesupport_fastrtps_c__visibility_control.h
[0.603s] -- Up-to-date: /home/janhavi/MultiMapWormholes/install/switch_places_msgs/lib/libswitch_places_msgs__rosidl_typesupport_fastrtps_c.so
[0.603s] -- Up-to-date: /home/janhavi/MultiMapWormholes/install/switch_places_msgs/include/switch_places_msgs/switch_places_msgs
[0.604s] -- Up-to-date: /home/janhavi/MultiMapWormholes/install/switch_places_msgs/include/switch_places_msgs/switch_places_msgs/action
[0.604s] -- Up-to-date: /home/janhavi/MultiMapWormholes/install/switch_places_msgs/include/switch_places_msgs/switch_places_msgs/action/move_to_map.hpp
[0.604s] -- Up-to-date: /home/janhavi/MultiMapWormholes/install/switch_places_msgs/include/switch_places_msgs/switch_places_msgs/action/detail
[0.604s] -- Up-to-date: /home/janhavi/MultiMapWormholes/install/switch_places_msgs/include/switch_places_msgs/switch_places_msgs/action/detail/move_to_map__struct.hpp
[0.604s] -- Up-to-date: /home/janhavi/MultiMapWormholes/install/switch_places_msgs/include/switch_places_msgs/switch_places_msgs/action/detail/move_to_map__builder.hpp
[0.604s] -- Up-to-date: /home/janhavi/MultiMapWormholes/install/switch_places_msgs/include/switch_places_msgs/switch_places_msgs/action/detail/move_to_map__traits.hpp
[0.604s] -- Up-to-date: /home/janhavi/MultiMapWormholes/install/switch_places_msgs/include/switch_places_msgs/switch_places_msgs/action/detail/move_to_map__type_support.hpp
[0.604s] -- Up-to-date: /home/janhavi/MultiMapWormholes/install/switch_places_msgs/include/switch_places_msgs/switch_places_msgs/msg
[0.604s] -- Up-to-date: /home/janhavi/MultiMapWormholes/install/switch_places_msgs/include/switch_places_msgs/switch_places_msgs/msg/rosidl_generator_cpp__visibility_control.hpp
[0.604s] -- Up-to-date: /home/janhavi/MultiMapWormholes/install/switch_places_msgs/include/switch_places_msgs/switch_places_msgs
[0.604s] -- Up-to-date: /home/janhavi/MultiMapWormholes/install/switch_places_msgs/include/switch_places_msgs/switch_places_msgs/action
[0.604s] -- Up-to-date: /home/janhavi/MultiMapWormholes/install/switch_places_msgs/include/switch_places_msgs/switch_places_msgs/action/detail
[0.604s] -- Up-to-date: /home/janhavi/MultiMapWormholes/install/switch_places_msgs/include/switch_places_msgs/switch_places_msgs/action/detail/dds_fastrtps
[0.604s] -- Up-to-date: /home/janhavi/MultiMapWormholes/install/switch_places_msgs/include/switch_places_msgs/switch_places_msgs/action/detail/move_to_map__rosidl_typesupport_fastrtps_cpp.hpp
[0.604s] -- Up-to-date: /home/janhavi/MultiMapWormholes/install/switch_places_msgs/include/switch_places_msgs/switch_places_msgs/msg
[0.604s] -- Up-to-date: /home/janhavi/MultiMapWormholes/install/switch_places_msgs/include/switch_places_msgs/switch_places_msgs/msg/rosidl_typesupport_fastrtps_cpp__visibility_control.h
[0.604s] -- Up-to-date: /home/janhavi/MultiMapWormholes/install/switch_places_msgs/lib/libswitch_places_msgs__rosidl_typesupport_fastrtps_cpp.so
[0.605s] -- Up-to-date: /home/janhavi/MultiMapWormholes/install/switch_places_msgs/include/switch_places_msgs/switch_places_msgs
[0.605s] -- Up-to-date: /home/janhavi/MultiMapWormholes/install/switch_places_msgs/include/switch_places_msgs/switch_places_msgs/action
[0.605s] -- Up-to-date: /home/janhavi/MultiMapWormholes/install/switch_places_msgs/include/switch_places_msgs/switch_places_msgs/action/detail
[0.605s] -- Up-to-date: /home/janhavi/MultiMapWormholes/install/switch_places_msgs/include/switch_places_msgs/switch_places_msgs/action/detail/move_to_map__type_support.c
[0.605s] -- Up-to-date: /home/janhavi/MultiMapWormholes/install/switch_places_msgs/include/switch_places_msgs/switch_places_msgs/action/detail/move_to_map__rosidl_typesupport_introspection_c.h
[0.605s] -- Up-to-date: /home/janhavi/MultiMapWormholes/install/switch_places_msgs/include/switch_places_msgs/switch_places_msgs/msg
[0.605s] -- Up-to-date: /home/janhavi/MultiMapWormholes/install/switch_places_msgs/include/switch_places_msgs/switch_places_msgs/msg/rosidl_typesupport_introspection_c__visibility_control.h
[0.605s] -- Up-to-date: /home/janhavi/MultiMapWormholes/install/switch_places_msgs/lib/libswitch_places_msgs__rosidl_typesupport_introspection_c.so
[0.605s] -- Up-to-date: /home/janhavi/MultiMapWormholes/install/switch_places_msgs/lib/libswitch_places_msgs__rosidl_typesupport_c.so
[0.605s] -- Up-to-date: /home/janhavi/MultiMapWormholes/install/switch_places_msgs/include/switch_places_msgs/switch_places_msgs
[0.605s] -- Up-to-date: /home/janhavi/MultiMapWormholes/install/switch_places_msgs/include/switch_places_msgs/switch_places_msgs/action
[0.605s] -- Up-to-date: /home/janhavi/MultiMapWormholes/install/switch_places_msgs/include/switch_places_msgs/switch_places_msgs/action/detail
[0.605s] -- Up-to-date: /home/janhavi/MultiMapWormholes/install/switch_places_msgs/include/switch_places_msgs/switch_places_msgs/action/detail/move_to_map__type_support.cpp
[0.605s] -- Up-to-date: /home/janhavi/MultiMapWormholes/install/switch_places_msgs/include/switch_places_msgs/switch_places_msgs/action/detail/move_to_map__rosidl_typesupport_introspection_cpp.hpp
[0.610s] -- Up-to-date: /home/janhavi/MultiMapWormholes/install/switch_places_msgs/lib/libswitch_places_msgs__rosidl_typesupport_introspection_cpp.so
[0.611s] -- Up-to-date: /home/janhavi/MultiMapWormholes/install/switch_places_msgs/lib/libswitch_places_msgs__rosidl_typesupport_cpp.so
[0.611s] -- Up-to-date: /home/janhavi/MultiMapWormholes/install/switch_places_msgs/share/switch_places_msgs/environment/pythonpath.sh
[0.611s] -- Up-to-date: /home/janhavi/MultiMapWormholes/install/switch_places_msgs/share/switch_places_msgs/environment/pythonpath.dsv
[0.611s] -- Up-to-date: /home/janhavi/MultiMapWormholes/install/switch_places_msgs/local/lib/python3.10/dist-packages/switch_places_msgs-0.0.0-py3.10.egg-info
[0.611s] -- Installing: /home/janhavi/MultiMapWormholes/install/switch_places_msgs/local/lib/python3.10/dist-packages/switch_places_msgs-0.0.0-py3.10.egg-info/PKG-INFO
[0.611s] -- Installing: /home/janhavi/MultiMapWormholes/install/switch_places_msgs/local/lib/python3.10/dist-packages/switch_places_msgs-0.0.0-py3.10.egg-info/dependency_links.txt
[0.611s] -- Installing: /home/janhavi/MultiMapWormholes/install/switch_places_msgs/local/lib/python3.10/dist-packages/switch_places_msgs-0.0.0-py3.10.egg-info/SOURCES.txt
[0.611s] -- Installing: /home/janhavi/MultiMapWormholes/install/switch_places_msgs/local/lib/python3.10/dist-packages/switch_places_msgs-0.0.0-py3.10.egg-info/top_level.txt
[0.611s] -- Up-to-date: /home/janhavi/MultiMapWormholes/install/switch_places_msgs/local/lib/python3.10/dist-packages/switch_places_msgs
[0.611s] -- Up-to-date: /home/janhavi/MultiMapWormholes/install/switch_places_msgs/local/lib/python3.10/dist-packages/switch_places_msgs/_switch_places_msgs_s.ep.rosidl_typesupport_fastrtps_c.c
[0.611s] -- Up-to-date: /home/janhavi/MultiMapWormholes/install/switch_places_msgs/local/lib/python3.10/dist-packages/switch_places_msgs/action
[0.611s] -- Up-to-date: /home/janhavi/MultiMapWormholes/install/switch_places_msgs/local/lib/python3.10/dist-packages/switch_places_msgs/action/__init__.py
[0.611s] -- Up-to-date: /home/janhavi/MultiMapWormholes/install/switch_places_msgs/local/lib/python3.10/dist-packages/switch_places_msgs/action/_move_to_map.py
[0.611s] -- Up-to-date: /home/janhavi/MultiMapWormholes/install/switch_places_msgs/local/lib/python3.10/dist-packages/switch_places_msgs/action/_move_to_map_s.c
[0.612s] -- Up-to-date: /home/janhavi/MultiMapWormholes/install/switch_places_msgs/local/lib/python3.10/dist-packages/switch_places_msgs/_switch_places_msgs_s.ep.rosidl_typesupport_c.c
[0.612s] -- Up-to-date: /home/janhavi/MultiMapWormholes/install/switch_places_msgs/local/lib/python3.10/dist-packages/switch_places_msgs/libswitch_places_msgs__rosidl_generator_py.so
[0.612s] -- Up-to-date: /home/janhavi/MultiMapWormholes/install/switch_places_msgs/local/lib/python3.10/dist-packages/switch_places_msgs/switch_places_msgs_s__rosidl_typesupport_fastrtps_c.cpython-310-x86_64-linux-gnu.so
[0.612s] -- Up-to-date: /home/janhavi/MultiMapWormholes/install/switch_places_msgs/local/lib/python3.10/dist-packages/switch_places_msgs/switch_places_msgs_s__rosidl_typesupport_introspection_c.cpython-310-x86_64-linux-gnu.so
[0.612s] -- Up-to-date: /home/janhavi/MultiMapWormholes/install/switch_places_msgs/local/lib/python3.10/dist-packages/switch_places_msgs/switch_places_msgs_s__rosidl_typesupport_c.cpython-310-x86_64-linux-gnu.so
[0.612s] -- Up-to-date: /home/janhavi/MultiMapWormholes/install/switch_places_msgs/local/lib/python3.10/dist-packages/switch_places_msgs/__init__.py
[0.612s] -- Up-to-date: /home/janhavi/MultiMapWormholes/install/switch_places_msgs/local/lib/python3.10/dist-packages/switch_places_msgs/_switch_places_msgs_s.ep.rosidl_typesupport_introspection_c.c
[0.663s] Listing '/home/janhavi/MultiMapWormholes/install/switch_places_msgs/local/lib/python3.10/dist-packages/switch_places_msgs'...
[0.663s] Listing '/home/janhavi/MultiMapWormholes/install/switch_places_msgs/local/lib/python3.10/dist-packages/switch_places_msgs/action'...
[0.663s] -- Up-to-date: /home/janhavi/MultiMapWormholes/install/switch_places_msgs/local/lib/python3.10/dist-packages/switch_places_msgs/switch_places_msgs_s__rosidl_typesupport_fastrtps_c.cpython-310-x86_64-linux-gnu.so
[0.663s] -- Up-to-date: /home/janhavi/MultiMapWormholes/install/switch_places_msgs/local/lib/python3.10/dist-packages/switch_places_msgs/switch_places_msgs_s__rosidl_typesupport_introspection_c.cpython-310-x86_64-linux-gnu.so
[0.663s] -- Up-to-date: /home/janhavi/MultiMapWormholes/install/switch_places_msgs/local/lib/python3.10/dist-packages/switch_places_msgs/switch_places_msgs_s__rosidl_typesupport_c.cpython-310-x86_64-linux-gnu.so
[0.663s] -- Up-to-date: /home/janhavi/MultiMapWormholes/install/switch_places_msgs/lib/libswitch_places_msgs__rosidl_generator_py.so
[0.665s] -- Up-to-date: /home/janhavi/MultiMapWormholes/install/switch_places_msgs/share/switch_places_msgs/action/MoveToMap.idl
[0.665s] -- Up-to-date: /home/janhavi/MultiMapWormholes/install/switch_places_msgs/share/switch_places_msgs/action/MoveToMap.action
[0.665s] -- Up-to-date: /home/janhavi/MultiMapWormholes/install/switch_places_msgs/share/ament_index/resource_index/package_run_dependencies/switch_places_msgs
[0.666s] -- Up-to-date: /home/janhavi/MultiMapWormholes/install/switch_places_msgs/share/ament_index/resource_index/parent_prefix_path/switch_places_msgs
[0.666s] -- Up-to-date: /home/janhavi/MultiMapWormholes/install/switch_places_msgs/share/switch_places_msgs/environment/ament_prefix_path.sh
[0.666s] -- Up-to-date: /home/janhavi/MultiMapWormholes/install/switch_places_msgs/share/switch_places_msgs/environment/ament_prefix_path.dsv
[0.666s] -- Up-to-date: /home/janhavi/MultiMapWormholes/install/switch_places_msgs/share/switch_places_msgs/environment/path.sh
[0.666s] -- Up-to-date: /home/janhavi/MultiMapWormholes/install/switch_places_msgs/share/switch_places_msgs/environment/path.dsv
[0.666s] -- Up-to-date: /home/janhavi/MultiMapWormholes/install/switch_places_msgs/share/switch_places_msgs/local_setup.bash
[0.666s] -- Up-to-date: /home/janhavi/MultiMapWormholes/install/switch_places_msgs/share/switch_places_msgs/local_setup.sh
[0.666s] -- Up-to-date: /home/janhavi/MultiMapWormholes/install/switch_places_msgs/share/switch_places_msgs/local_setup.zsh
[0.666s] -- Up-to-date: /home/janhavi/MultiMapWormholes/install/switch_places_msgs/share/switch_places_msgs/local_setup.dsv
[0.666s] -- Installing: /home/janhavi/MultiMapWormholes/install/switch_places_msgs/share/switch_places_msgs/package.dsv
[0.666s] -- Up-to-date: /home/janhavi/MultiMapWormholes/install/switch_places_msgs/share/ament_index/resource_index/packages/switch_places_msgs
[0.667s] -- Up-to-date: /home/janhavi/MultiMapWormholes/install/switch_places_msgs/share/switch_places_msgs/cmake/export_switch_places_msgs__rosidl_generator_cExport.cmake
[0.667s] -- Up-to-date: /home/janhavi/MultiMapWormholes/install/switch_places_msgs/share/switch_places_msgs/cmake/export_switch_places_msgs__rosidl_generator_cExport-noconfig.cmake
[0.667s] -- Up-to-date: /home/janhavi/MultiMapWormholes/install/switch_places_msgs/share/switch_places_msgs/cmake/export_switch_places_msgs__rosidl_typesupport_fastrtps_cExport.cmake
[0.667s] -- Up-to-date: /home/janhavi/MultiMapWormholes/install/switch_places_msgs/share/switch_places_msgs/cmake/export_switch_places_msgs__rosidl_typesupport_fastrtps_cExport-noconfig.cmake
[0.668s] -- Up-to-date: /home/janhavi/MultiMapWormholes/install/switch_places_msgs/share/switch_places_msgs/cmake/export_switch_places_msgs__rosidl_generator_cppExport.cmake
[0.668s] -- Up-to-date: /home/janhavi/MultiMapWormholes/install/switch_places_msgs/share/switch_places_msgs/cmake/export_switch_places_msgs__rosidl_typesupport_fastrtps_cppExport.cmake
[0.668s] -- Up-to-date: /home/janhavi/MultiMapWormholes/install/switch_places_msgs/share/switch_places_msgs/cmake/export_switch_places_msgs__rosidl_typesupport_fastrtps_cppExport-noconfig.cmake
[0.669s] -- Up-to-date: /home/janhavi/MultiMapWormholes/install/switch_places_msgs/share/switch_places_msgs/cmake/switch_places_msgs__rosidl_typesupport_introspection_cExport.cmake
[0.669s] -- Up-to-date: /home/janhavi/MultiMapWormholes/install/switch_places_msgs/share/switch_places_msgs/cmake/switch_places_msgs__rosidl_typesupport_introspection_cExport-noconfig.cmake
[0.669s] -- Up-to-date: /home/janhavi/MultiMapWormholes/install/switch_places_msgs/share/switch_places_msgs/cmake/switch_places_msgs__rosidl_typesupport_cExport.cmake
[0.669s] -- Up-to-date: /home/janhavi/MultiMapWormholes/install/switch_places_msgs/share/switch_places_msgs/cmake/switch_places_msgs__rosidl_typesupport_cExport-noconfig.cmake
[0.671s] -- Up-to-date: /home/janhavi/MultiMapWormholes/install/switch_places_msgs/share/switch_places_msgs/cmake/switch_places_msgs__rosidl_typesupport_introspection_cppExport.cmake
[0.671s] -- Up-to-date: /home/janhavi/MultiMapWormholes/install/switch_places_msgs/share/switch_places_msgs/cmake/switch_places_msgs__rosidl_typesupport_introspection_cppExport-noconfig.cmake
[0.671s] -- Up-to-date: /home/janhavi/MultiMapWormholes/install/switch_places_msgs/share/switch_places_msgs/cmake/switch_places_msgs__rosidl_typesupport_cppExport.cmake
[0.672s] -- Up-to-date: /home/janhavi/MultiMapWormholes/install/switch_places_msgs/share/switch_places_msgs/cmake/switch_places_msgs__rosidl_typesupport_cppExport-noconfig.cmake
[0.672s] -- Up-to-date: /home/janhavi/MultiMapWormholes/install/switch_places_msgs/share/switch_places_msgs/cmake/export_switch_places_msgs__rosidl_generator_pyExport.cmake
[0.672s] -- Up-to-date: /home/janhavi/MultiMapWormholes/install/switch_places_msgs/share/switch_places_msgs/cmake/export_switch_places_msgs__rosidl_generator_pyExport-noconfig.cmake
[0.672s] -- Up-to-date: /home/janhavi/MultiMapWormholes/install/switch_places_msgs/share/switch_places_msgs/cmake/rosidl_cmake-extras.cmake
[0.672s] -- Up-to-date: /home/janhavi/MultiMapWormholes/install/switch_places_msgs/share/switch_places_msgs/cmake/ament_cmake_export_dependencies-extras.cmake
[0.672s] -- Up-to-date: /home/janhavi/MultiMapWormholes/install/switch_places_msgs/share/switch_places_msgs/cmake/ament_cmake_export_include_directories-extras.cmake
[0.672s] -- Up-to-date: /home/janhavi/MultiMapWormholes/install/switch_places_msgs/share/switch_places_msgs/cmake/ament_cmake_export_libraries-extras.cmake
[0.672s] -- Up-to-date: /home/janhavi/MultiMapWormholes/install/switch_places_msgs/share/switch_places_msgs/cmake/ament_cmake_export_targets-extras.cmake
[0.672s] -- Up-to-date: /home/janhavi/MultiMapWormholes/install/switch_places_msgs/share/switch_places_msgs/cmake/rosidl_cmake_export_typesupport_targets-extras.cmake
[0.672s] -- Up-to-date: /home/janhavi/MultiMapWormholes/install/switch_places_msgs/share/switch_places_msgs/cmake/rosidl_cmake_export_typesupport_libraries-extras.cmake
[0.678s] -- Up-to-date: /home/janhavi/MultiMapWormholes/install/switch_places_msgs/share/switch_places_msgs/cmake/switch_places_msgsConfig.cmake
[0.678s] -- Up-to-date: /home/janhavi/MultiMapWormholes/install/switch_places_msgs/share/switch_places_msgs/cmake/switch_places_msgsConfig-version.cmake
[0.678s] -- Up-to-date: /home/janhavi/MultiMapWormholes/install/switch_places_msgs/share/switch_places_msgs/package.xml
[0.684s] Invoked command in '/home/janhavi/MultiMapWormholes/build/switch_places_msgs' returned '0': CMAKE_PREFIX_PATH=${CMAKE_PREFIX_PATH}:/opt/ros/humble /usr/bin/cmake --install /home/janhavi/MultiMapWormholes/build/switch_places_msgs
