[0.010s] Invoking command in '/home/janhavi/MultiMapWormholes/build/switch_places': CMAKE_PREFIX_PATH=${CMAKE_PREFIX_PATH}:/opt/ros/humble /usr/bin/cmake --build /home/janhavi/MultiMapWormholes/build/switch_places -- -j12 -l12
[0.054s] [ 50%] Built target move_to_map_client
[0.058s] [ 75%] [32mBuilding CXX object CMakeFiles/move_to_map_server.dir/src/move_to_map_server.cpp.o[0m
[7.243s] [100%] [32m[1mLinking CXX executable move_to_map_server[0m
[7.818s] [100%] Built target move_to_map_server
[7.831s] Invoked command in '/home/janhavi/MultiMapWormholes/build/switch_places' returned '0': CMAKE_PREFIX_PATH=${CMAKE_PREFIX_PATH}:/opt/ros/humble /usr/bin/cmake --build /home/janhavi/MultiMapWormholes/build/switch_places -- -j12 -l12
[7.832s] Invoking command in '/home/janhavi/MultiMapWormholes/build/switch_places': CMAKE_PREFIX_PATH=${CMAKE_PREFIX_PATH}:/opt/ros/humble /usr/bin/cmake --install /home/janhavi/MultiMapWormholes/build/switch_places
[7.837s] -- Install configuration: ""
[7.837s] -- Execute custom install script
[7.837s] -- Up-to-date symlink: /home/janhavi/MultiMapWormholes/install/switch_places/lib/switch_places/move_to_map_server
[7.837s] -- Up-to-date symlink: /home/janhavi/MultiMapWormholes/install/switch_places/lib/switch_places/move_to_map_client
[7.837s] -- Up-to-date symlink: /home/janhavi/MultiMapWormholes/install/switch_places/share/ament_index/resource_index/package_run_dependencies/switch_places
[7.837s] -- Up-to-date symlink: /home/janhavi/MultiMapWormholes/install/switch_places/share/ament_index/resource_index/parent_prefix_path/switch_places
[7.837s] -- Up-to-date symlink: /home/janhavi/MultiMapWormholes/install/switch_places/share/switch_places/environment/ament_prefix_path.sh
[7.837s] -- Up-to-date symlink: /home/janhavi/MultiMapWormholes/install/switch_places/share/switch_places/environment/ament_prefix_path.dsv
[7.837s] -- Up-to-date symlink: /home/janhavi/MultiMapWormholes/install/switch_places/share/switch_places/environment/path.sh
[7.838s] -- Up-to-date symlink: /home/janhavi/MultiMapWormholes/install/switch_places/share/switch_places/environment/path.dsv
[7.838s] -- Up-to-date symlink: /home/janhavi/MultiMapWormholes/install/switch_places/share/switch_places/local_setup.bash
[7.838s] -- Up-to-date symlink: /home/janhavi/MultiMapWormholes/install/switch_places/share/switch_places/local_setup.sh
[7.838s] -- Up-to-date symlink: /home/janhavi/MultiMapWormholes/install/switch_places/share/switch_places/local_setup.zsh
[7.838s] -- Up-to-date symlink: /home/janhavi/MultiMapWormholes/install/switch_places/share/switch_places/local_setup.dsv
[7.838s] -- Symlinking: /home/janhavi/MultiMapWormholes/install/switch_places/share/switch_places/package.dsv
[7.845s] -- Up-to-date symlink: /home/janhavi/MultiMapWormholes/install/switch_places/share/ament_index/resource_index/packages/switch_places
[7.846s] -- Up-to-date symlink: /home/janhavi/MultiMapWormholes/install/switch_places/share/switch_places/cmake/switch_placesConfig.cmake
[7.846s] -- Up-to-date symlink: /home/janhavi/MultiMapWormholes/install/switch_places/share/switch_places/cmake/switch_placesConfig-version.cmake
[7.846s] -- Up-to-date symlink: /home/janhavi/MultiMapWormholes/install/switch_places/share/switch_places/package.xml
[7.848s] Invoked command in '/home/janhavi/MultiMapWormholes/build/switch_places' returned '0': CMAKE_PREFIX_PATH=${CMAKE_PREFIX_PATH}:/opt/ros/humble /usr/bin/cmake --install /home/janhavi/MultiMapWormholes/build/switch_places
